08:56:46	INFO : New log file create.
08:56:50	 : -------------------End-------------------.
09:27:31	INFO : New log file create.
09:27:53	INFO : User clicked ButtonpuB_connect.
09:27:53	INFO : User sent Message'RD R212'.
09:27:57	INFO : Received message 1.
09:28:00	INFO : User clicked Button puB_start.
09:28:00	INFO : User sent Message'WR R200 1'.
09:28:04	INFO : Received message OK.
09:28:05	INFO : User sent Message'RD R201'.
09:28:06	INFO : User sent Message'RD R201'.
09:28:07	INFO : User sent Message'RD R201'.
09:28:08	INFO : User sent Message'RD R201'.
09:28:09	INFO : User sent Message'RD R201'.
09:28:09	INFO : Received message 1.
09:28:09	INFO : Edge reset R200 and R201.
09:28:09	INFO : User sent Message'WRS R200 2 0 0'.
09:28:21	 : -------------------End-------------------.
09:29:43	INFO : New log file create.
09:30:03	INFO : User clicked ButtonpuB_connect.
09:30:21	INFO : User clicked ButtonpuB_connect.
09:30:21	WARNING : Socket Connection refused.
09:30:21	WARNING : Socket Connection refused.
09:30:25	INFO : User clicked ButtonpuB_connect.
09:30:25	INFO : User sent Message'RD R212'.
09:30:25	INFO : User sent Message'RD R212'.
09:30:25	INFO : User sent Message'RD R212'.
09:30:27	INFO : Received message 1.
09:30:35	INFO : User clicked Button puB_start.
09:30:35	INFO : User sent Message'WR R200 1'.
09:30:42	INFO : Received message OK.
09:30:42	INFO : User sent Message'RD R201'.
09:30:43	INFO : User sent Message'RD R201'.
09:30:44	INFO : User sent Message'RD R201'.
09:30:45	INFO : User sent Message'RD R201'.
09:30:46	INFO : User sent Message'RD R201'.
09:30:47	INFO : User sent Message'RD R201'.
09:30:47	INFO : User sent Message'RD R201'.
09:30:48	INFO : User sent Message'RD R201'.
09:30:49	INFO : Received message 1.
09:30:49	INFO : Edge reset R200 and R201.
09:30:49	INFO : User sent Message'WRS R200 2 0 0'.
09:30:55	INFO : Received message OK.
09:30:55	INFO : User sent Message'WR DM202 1'.
09:30:59	INFO : Received message OK.
09:30:59	INFO : User sent Message'WR R202 1'.
09:31:25	 : -------------------End-------------------.
09:43:32	INFO : New log file create.
09:43:47	 : -------------------End-------------------.
09:45:03	INFO : New log file create.
09:45:10	 : -------------------End-------------------.
09:49:51	INFO : New log file create.
09:50:06	 : -------------------End-------------------.
09:50:32	INFO : New log file create.
09:52:06	 : -------------------End-------------------.
09:54:30	INFO : New log file create.
09:54:34	INFO : User clicked Button puB_next.
09:54:34	INFO : User changed pattern to 2.
09:54:35	INFO : User clicked Button puB_next.
09:54:35	INFO : User changed pattern to 3.
09:55:13	INFO : User changed pic2.
09:55:14	INFO : User changed pic2.
09:55:29	INFO : User changed pic2.
10:15:41	 : -------------------End-------------------.
10:18:55	INFO : New log file create.
10:20:26	 : -------------------End-------------------.
10:35:45	INFO : |SYSTEM| New .log file create.
10:35:45	INFO : |SYSYEM| Model folder exist.
10:36:13	 : -------------------End-------------------.
10:43:33	INFO : |SYSTEM| New .log file create.
10:43:33	INFO : |SYSYEM| Model folder exist.
10:43:57	 : -------------------End-------------------.
10:47:09	INFO : |SYSTEM| New .log file create.
10:47:09	INFO : |SYSYEM| Model folder exist.
10:51:35	INFO : |SYSTEM| New .log file create.
10:51:35	INFO : |SYSYEM| Model folder exist.
10:53:19	INFO : |SYSTEM| New .log file create.
10:53:19	INFO : |SYSYEM| Model folder exist.
10:53:44	 : -------------------End-------------------.
10:55:07	INFO : |SYSTEM| New .log file create.
10:55:07	INFO : |SYSYEM| Model folder exist.
10:56:44	 : -------------------End-------------------.
10:57:10	INFO : |SYSTEM| New .log file create.
10:57:10	INFO : |SYSYEM| Model folder exist.
10:57:25	INFO : |SYSYEM| Model folder exist.
10:57:31	 : -------------------End-------------------.
10:58:25	INFO : |SYSTEM| New .log file create.
10:58:25	INFO : |SYSYEM| Model folder exist.
10:59:02	 : -------------------End-------------------.
11:05:16	INFO : |SYSTEM| New .log file create.
11:05:16	INFO : |SYSYEM| Model folder exist.
11:05:25	ERROR : |SYSTEM| model folder exist.
11:05:27	 : -------------------End-------------------.
11:06:31	INFO : |SYSTEM| New .log file create.
11:06:31	INFO : |SYSYEM| Model folder exist.
11:06:39	ERROR : |SYSTEM| model folder exist.
11:06:43	 : -------------------End-------------------.
11:07:18	INFO : |SYSTEM| New .log file create.
11:07:18	INFO : |SYSYEM| Model folder exist.
11:07:24	ERROR : |SYSTEM| model folder exist.
11:07:30	 : -------------------End-------------------.
11:09:03	INFO : |SYSTEM| New .log file create.
11:09:03	INFO : |SYSYEM| Model folder exist.
11:09:08	INFO : |SYSTEM| New model folder create.
11:09:14	 : -------------------End-------------------.
11:10:43	INFO : |SYSTEM| New .log file create.
11:10:43	INFO : |SYSYEM| Model folder exist.
11:10:49	INFO : |SYSTEM| New model folder create.
11:11:07	INFO : |SYSTEM| New model folder create.
11:13:40	INFO : |SYSTEM| New model folder create.
11:14:47	 : -------------------End-------------------.
11:15:02	INFO : |SYSTEM| New .log file create.
11:15:02	INFO : |SYSYEM| Model folder exist.
11:15:10	INFO : |SYSTEM| New model folder create.
11:15:15	INFO : |SYSYEM| Model folder exist.
11:17:58	INFO : |SYSYEM| Model folder exist.
11:30:25	 : -------------------End-------------------.
11:31:20	INFO : |SYSTEM| New .log file create.
11:31:20	INFO : |SYSYEM| Model folder exist.
11:33:19	 : -------------------End-------------------.
11:33:24	INFO : |SYSTEM| New .log file create.
11:33:24	INFO : |SYSYEM| Model folder exist.
11:36:14	 : -------------------End-------------------.
11:36:29	INFO : |SYSTEM| New .log file create.
11:36:29	INFO : |SYSYEM| Model folder exist.
11:38:27	 : -------------------End-------------------.
11:38:46	INFO : |SYSTEM| New .log file create.
11:38:46	INFO : |SYSYEM| Model folder exist.
11:38:52	INFO : |SYSYEM| Model folder exist.
11:45:25	INFO : |SYSTEM| New .log file create.
11:45:25	INFO : |SYSYEM| Model folder exist.
11:45:36	INFO : |SYSYEM| Model folder exist.
11:47:23	 : -------------------End-------------------.
11:47:24	 : -------------------End-------------------.
11:48:26	INFO : |SYSTEM| New .log file create.
11:48:26	INFO : |SYSYEM| Model folder exist.
11:48:36	INFO : |SYSYEM| Model folder exist.
11:49:06	 : -------------------End-------------------.
11:49:12	INFO : |SYSTEM| New .log file create.
11:49:12	INFO : |SYSYEM| Model folder exist.
11:49:20	INFO : |SYSYEM| Model folder exist.
11:49:26	 : -------------------End-------------------.
14:41:53	INFO : |SYSTEM| New .log file create.
14:41:53	INFO : |SYSYEM| Model folder exist.
14:42:01	INFO : User clicked Button puB_next.
14:42:01	INFO : User changed pattern to 2.
14:42:02	INFO : User clicked Button puB_next.
14:42:02	INFO : User changed pattern to 3.
16:21:56	INFO : |SYSTEM| New .log file create.
16:21:56	INFO : |SYSYEM| Model folder exist.
16:21:58	 : -------------------End-------------------.
16:32:35	 : -------------------End-------------------.
16:36:23	INFO : |SYSTEM| New .log file create.
16:36:23	INFO : |SYSYEM| Model folder exist.
16:38:36	 : -------------------End-------------------.
16:38:54	INFO : |SYSTEM| New .log file create.
16:38:54	INFO : |SYSYEM| Model folder exist.
16:38:59	INFO : User clicked ButtonpuB_connect.
16:39:59	WARNING : Socket Connection timed out.
17:06:12	INFO : |SYSYEM| Model folder exist.
17:12:46	INFO : |SYSYEM| Model folder exist.
17:12:47	INFO : |SYSYEM| Model folder exist.
17:12:48	INFO : |SYSYEM| Model folder exist.
17:13:05	INFO : |SYSYEM| Model folder exist.
17:13:05	INFO : |SYSYEM| Model folder exist.
17:13:06	INFO : |SYSYEM| Model folder exist.
17:13:07	INFO : |SYSYEM| Model folder exist.
17:13:08	INFO : |SYSYEM| Model folder exist.
17:13:09	 : -------------------End-------------------.
17:18:56	INFO : |SYSTEM| New .log file create.
17:18:56	INFO : |SYSYEM| Model folder exist.
17:19:54	 : -------------------End-------------------.
17:28:53	INFO : |SYSTEM| New .log file create.
17:28:53	INFO : |SYSYEM| Model folder exist.
17:29:01	 : -------------------End-------------------.
17:29:42	INFO : |SYSTEM| New .log file create.
17:29:42	INFO : |SYSYEM| Model folder exist.
17:29:52	INFO : |SYSYEM| Model folder exist.
17:30:54	 : -------------------End-------------------.
17:32:36	INFO : |SYSTEM| New .log file create.
17:32:36	INFO : |SYSYEM| Model folder exist.
17:32:59	INFO : |SYSYEM| Model folder exist.
17:33:00	INFO : |SYSYEM| Model folder exist.
17:33:01	INFO : |SYSYEM| Model folder exist.
17:33:02	INFO : |SYSYEM| Model folder exist.
17:33:03	INFO : |SYSYEM| Model folder exist.
17:34:39	INFO : |SYSTEM| New .log file create.
17:34:39	INFO : |SYSYEM| Model folder exist.
17:34:48	 : -------------------End-------------------.
17:35:10	INFO : |SYSTEM| New .log file create.
17:35:10	INFO : |SYSYEM| Model folder exist.
17:35:11	 : -------------------End-------------------.
17:37:17	 : -------------------End-------------------.
17:37:35	INFO : |SYSTEM| New .log file create.
17:37:35	INFO : |SYSYEM| Model folder exist.
17:41:27	INFO : |SYSTEM| New .log file create.
17:41:27	INFO : |SYSYEM| Model folder exist.
17:42:47	INFO : User clicked ButtonpuB_connect.
08:27:36	INFO : User clicked ButtonpuB_connect.
08:27:36	INFO : Received message Socket is not ConnectedState.
08:27:53	 : -------------------End-------------------.
