09:36:57	INFO : |SYSYEM| Model folder exist.
09:37:43	 : -------------------End-------------------.
09:38:02	INFO : |SYSYEM| Model folder exist.
09:38:11	 : -------------------End-------------------.
09:38:50	INFO : |SYSYEM| Model folder exist.
09:39:06	 : -------------------End-------------------.
09:39:38	INFO : |SYSYEM| Model folder exist.
09:40:02	INFO : |SYSYEM| Model folder exist.
09:40:48	INFO : User clicked ButtonpuB_connect.
09:40:48	INFO : User sent Message'RD R212'.
09:40:58	INFO : Received message 1.
09:41:01	INFO : User clicked Button puB_start.
09:41:01	INFO : User sent Message'WR R200 1'.
09:41:13	INFO : Received message OK.
09:41:14	INFO : User sent Message'RD R201'.
09:41:15	INFO : User sent Message'RD R201'.
09:41:16	INFO : User sent Message'RD R201'.
09:41:16	INFO : Received message 1.
09:41:16	INFO : Edge reset R200 and R201.
09:41:16	INFO : User sent Message'WRS R200 2 0 0'.
09:41:18	INFO : Received message OK.
09:41:18	INFO : User sent Message'WR DM202 1'.
09:41:24	INFO : Received message OK.
09:41:25	INFO : User sent Message'WR R202 1'.
09:41:44	WARNING : Socket The remote host closed the connection.
09:41:46	 : -------------------End-------------------.
09:41:53	INFO : |SYSYEM| Model folder exist.
09:42:54	 : -------------------End-------------------.
09:47:35	INFO : |SYSYEM| Model folder exist.
09:47:38	INFO : User clicked Button puB_next.
09:47:38	INFO : User changed pattern to 2.
09:48:07	INFO : |SYSYEM| Model folder exist.
09:48:11	INFO : User clicked Button puB_next.
09:48:11	INFO : User changed pattern to 2.
09:48:43	INFO : |SYSYEM| Model folder exist.
09:48:51	INFO : User clicked Button puB_next.
09:48:51	INFO : User changed pattern to 2.
09:49:23	INFO : |SYSYEM| Model folder exist.
09:49:27	INFO : User clicked Button puB_next.
09:49:27	INFO : User changed pattern to 2.
09:57:32	INFO : |SYSYEM| Model folder exist.
09:58:58	 : -------------------End-------------------.
10:01:09	INFO : |SYSYEM| Model folder exist.
10:01:38	 : -------------------End-------------------.
10:02:14	INFO : |SYSYEM| Model folder exist.
10:02:23	 : -------------------End-------------------.
10:21:54	INFO : |SYSYEM| Model folder exist.
10:22:08	 : -------------------End-------------------.
10:23:27	INFO : |SYSYEM| Model folder exist.
10:23:35	 : -------------------End-------------------.
10:24:41	INFO : |SYSYEM| Model folder exist.
10:25:19	INFO : User clicked ButtonpuB_connect.
10:25:19	INFO : User sent Message'RD R212'.
10:26:08	INFO : |SYSYEM| Model folder exist.
00:00:00	INFO : |SYSTEM| Log folder exist.
