10:42:56	INFO : |SYSYEM| Model folder exist.
10:43:06	INFO : User clicked Button puB_next.
10:43:07	INFO : User changed pattern to 2.
10:43:07	INFO : User clicked Button puB_next.
10:43:07	INFO : User changed pattern to 3.
10:43:13	INFO : User clicled Button puB_pre.
10:43:13	INFO : User changed pattern to 2.
10:43:14	INFO : User clicled Button puB_pre.
10:43:14	INFO : User changed pattern to 1.
10:43:15	INFO : User clicked Button puB_next.
10:43:16	INFO : User changed pattern to 2.
10:43:16	INFO : User clicked Button puB_next.
10:43:16	INFO : User changed pattern to 3.
10:43:22	 : -------------------End-------------------.
10:51:41	INFO : |SYSYEM| Model folder exist.
10:52:28	INFO : User clicked Button puB_next.
10:52:28	INFO : User changed pattern to 2.
10:52:29	INFO : User clicked Button puB_next.
10:52:29	INFO : User changed pattern to 3.
10:52:54	INFO : User clicked Button puB_next.
10:52:54	INFO : User changed pattern to 1.
10:52:54	INFO : User clicked Button puB_next.
10:52:54	INFO : User changed pattern to 2.
10:52:55	INFO : User clicled Button puB_pre.
10:52:55	INFO : User changed pattern to 1.
10:53:01	 : -------------------End-------------------.
10:55:29	INFO : |SYSYEM| Model folder exist.
10:55:37	INFO : User clicked Button puB_next.
10:55:37	INFO : User changed pattern to 2.
10:55:38	INFO : User clicked Button puB_next.
10:55:38	INFO : User changed pattern to 3.
10:55:39	INFO : User clicled Button puB_pre.
10:55:39	INFO : User changed pattern to 2.
10:55:40	INFO : User clicled Button puB_pre.
10:55:40	INFO : User changed pattern to 1.
10:55:41	INFO : User clicked Button puB_next.
10:55:41	INFO : User changed pattern to 2.
10:55:42	INFO : User clicked Button puB_next.
10:55:42	INFO : User changed pattern to 3.
10:55:44	INFO : User clicled Button puB_pre.
10:55:44	INFO : User changed pattern to 2.
10:55:45	INFO : User clicled Button puB_pre.
10:55:45	INFO : User changed pattern to 1.
10:55:46	INFO : User clicked Button puB_next.
10:55:46	INFO : User changed pattern to 2.
10:55:47	INFO : User clicked Button puB_next.
10:55:47	INFO : User changed pattern to 3.
10:55:47	INFO : User clicked Button puB_next.
10:55:47	INFO : User changed pattern to 1.
10:56:09	 : -------------------End-------------------.
10:58:35	INFO : |SYSYEM| Model folder exist.
11:01:07	 : -------------------End-------------------.
11:03:33	INFO : |SYSYEM| Model folder exist.
11:03:47	 : -------------------End-------------------.
11:04:12	INFO : |SYSYEM| Model folder exist.
11:06:05	 : -------------------End-------------------.
11:14:37	INFO : |SYSYEM| Model folder exist.
11:14:42	 : -------------------End-------------------.
11:19:07	INFO : |SYSYEM| Model folder exist.
11:19:30	INFO : User clicked ButtonpuB_connect.
11:19:30	INFO : User sent Message'RD R212'.
11:19:34	INFO : Received message 1.
11:19:35	INFO : User clicked Button puB_start.
11:19:41	INFO : User clicked Button puB_start.
11:19:54	INFO : User clicked ButtonpuB_connect.
11:19:55	INFO : User clicked ButtonpuB_connect.
11:19:55	INFO : User sent Message'RD R212'.
11:19:55	INFO : User sent Message'RD R212'.
11:19:55	INFO : User sent Message'RD R212'.
11:19:57	INFO : Received message 1.
11:19:58	INFO : User clicked Button puB_start.
11:19:58	INFO : User sent Message'WR R200 1'.
11:20:26	INFO : User clicked Button puB_write.
11:20:26	INFO : User sent Message'WRS R200 10 0 0 0 0 0 0 0 0 0 0'.
11:20:33	INFO : Received message OK.
11:20:33	INFO : User sent Message'WR DM200 38'.
11:20:35	INFO : Received message OK.
11:20:35	INFO : User sent Message'WR DM202 0'.
11:20:36	INFO : Received message OK.
11:20:36	INFO : User sent Message'WR DM204.S -10'.
11:20:38	INFO : Received message OK.
11:20:38	INFO : User sent Message'WR DM206.S -20'.
11:20:52	INFO : Received message OK.
11:20:52	INFO : Wrote PLC index.
11:21:08	 : -------------------End-------------------.
13:18:37	INFO : |SYSYEM| Model folder exist.
13:18:43	INFO : User clicked ButtonpuB_connect.
13:18:43	INFO : User sent Message'RD R212'.
13:18:43	INFO : User sent Message'RD R212'.
13:18:44	INFO : User sent Message'RD R212'.
13:18:44	INFO : User sent Message'RD R212'.
13:18:44	INFO : User sent Message'RD R212'.
13:18:45	INFO : User sent Message'RD R212'.
13:18:45	INFO : User sent Message'RD R212'.
13:18:45	INFO : User sent Message'RD R212'.
13:18:46	INFO : User sent Message'RD R212'.
13:18:46	INFO : User sent Message'RD R212'.
13:18:47	INFO : User sent Message'RD R212'.
13:18:47	INFO : User sent Message'RD R212'.
13:18:47	INFO : User sent Message'RD R212'.
13:18:48	INFO : User sent Message'RD R212'.
13:18:48	INFO : User sent Message'RD R212'.
13:18:48	INFO : User sent Message'RD R212'.
13:18:49	INFO : User sent Message'RD R212'.
13:18:49	INFO : User sent Message'RD R212'.
13:18:50	INFO : User sent Message'RD R212'.
13:18:50	INFO : User sent Message'RD R212'.
13:18:50	INFO : User sent Message'RD R212'.
13:18:51	INFO : User sent Message'RD R212'.
13:18:51	INFO : User sent Message'RD R212'.
13:18:51	INFO : User sent Message'RD R212'.
13:18:52	INFO : User sent Message'RD R212'.
13:18:52	INFO : User sent Message'RD R212'.
13:18:53	INFO : User sent Message'RD R212'.
13:18:53	INFO : User sent Message'RD R212'.
13:18:53	INFO : User sent Message'RD R212'.
13:18:54	INFO : User sent Message'RD R212'.
13:18:54	INFO : User sent Message'RD R212'.
13:18:54	INFO : User sent Message'RD R212'.
13:18:55	INFO : User sent Message'RD R212'.
13:18:55	INFO : User sent Message'RD R212'.
13:18:56	INFO : User sent Message'RD R212'.
13:18:56	INFO : User sent Message'RD R212'.
13:18:56	INFO : User sent Message'RD R212'.
13:18:57	INFO : User sent Message'RD R212'.
13:18:57	INFO : User sent Message'RD R212'.
13:18:57	INFO : User sent Message'RD R212'.
13:18:58	INFO : User sent Message'RD R212'.
13:18:58	INFO : User sent Message'RD R212'.
13:18:59	INFO : User sent Message'RD R212'.
13:18:59	INFO : User sent Message'RD R212'.
13:18:59	INFO : User sent Message'RD R212'.
13:19:00	INFO : User sent Message'RD R212'.
13:19:00	INFO : User sent Message'RD R212'.
13:19:00	INFO : User sent Message'RD R212'.
13:19:01	INFO : User sent Message'RD R212'.
13:19:01	INFO : User sent Message'RD R212'.
13:19:02	INFO : User sent Message'RD R212'.
13:19:02	INFO : User sent Message'RD R212'.
13:19:02	INFO : User sent Message'RD R212'.
13:19:03	INFO : User sent Message'RD R212'.
13:19:03	INFO : User sent Message'RD R212'.
13:19:03	INFO : User sent Message'RD R212'.
13:19:04	INFO : User sent Message'RD R212'.
13:19:04	INFO : User sent Message'RD R212'.
13:19:05	INFO : User sent Message'RD R212'.
13:19:05	INFO : User sent Message'RD R212'.
13:19:05	INFO : User sent Message'RD R212'.
13:19:06	INFO : User sent Message'RD R212'.
13:19:06	INFO : User sent Message'RD R212'.
13:19:06	INFO : User sent Message'RD R212'.
13:19:07	INFO : User sent Message'RD R212'.
13:19:07	INFO : User clicked ButtonpuB_connect.
13:19:41	INFO : User clicked ButtonpuB_connect.
13:19:41	INFO : User sent Message'RD R212'.
13:19:41	INFO : User sent Message'RD R212'.
13:19:41	INFO : User sent Message'RD R212'.
13:19:41	INFO : User sent Message'RD R212'.
13:19:41	INFO : User sent Message'RD R212'.
13:19:42	INFO : User sent Message'RD R212'.
13:19:42	INFO : User sent Message'RD R212'.
13:19:42	INFO : User sent Message'RD R212'.
13:19:43	INFO : User sent Message'RD R212'.
13:19:43	INFO : User sent Message'RD R212'.
13:19:44	INFO : User sent Message'RD R212'.
13:19:44	INFO : User sent Message'RD R212'.
13:19:44	INFO : User sent Message'RD R212'.
13:19:45	INFO : User sent Message'RD R212'.
13:19:45	INFO : User sent Message'RD R212'.
13:19:45	INFO : User sent Message'RD R212'.
13:19:46	INFO : User sent Message'RD R212'.
13:19:46	INFO : User sent Message'RD R212'.
13:19:47	INFO : User sent Message'RD R212'.
13:19:47	INFO : User sent Message'RD R212'.
13:19:47	INFO : User sent Message'RD R212'.
13:19:48	INFO : User sent Message'RD R212'.
13:19:48	INFO : User sent Message'RD R212'.
13:19:48	INFO : User sent Message'RD R212'.
13:19:49	INFO : User sent Message'RD R212'.
13:19:49	INFO : User sent Message'RD R212'.
13:19:50	INFO : User sent Message'RD R212'.
13:19:50	INFO : User sent Message'RD R212'.
13:19:50	INFO : User sent Message'RD R212'.
13:19:51	INFO : User sent Message'RD R212'.
13:19:51	INFO : User sent Message'RD R212'.
13:19:51	INFO : User sent Message'RD R212'.
13:19:52	INFO : Received message 1.
13:19:52	INFO : User sent Message'WR DM200 1'.
13:19:52	INFO : User sent Message'WR DM200 1'.
13:19:53	INFO : User sent Message'WR DM200 1'.
13:19:53	INFO : User sent Message'WR DM200 1'.
13:19:53	INFO : User sent Message'WR DM200 1'.
13:19:54	INFO : User sent Message'WR DM200 1'.
13:19:54	INFO : User sent Message'WR DM200 1'.
13:19:54	INFO : User sent Message'WR DM200 1'.
13:19:55	INFO : User sent Message'WR DM200 1'.
13:19:55	INFO : User sent Message'WR DM200 1'.
13:19:56	INFO : User sent Message'WR DM200 1'.
13:19:56	INFO : User sent Message'WR DM200 1'.
13:19:56	INFO : User sent Message'WR DM200 1'.
13:19:57	INFO : User sent Message'WR DM200 1'.
13:19:57	INFO : User sent Message'WR DM200 1'.
13:19:57	INFO : User sent Message'WR DM200 1'.
13:19:58	INFO : User sent Message'WR DM200 1'.
13:19:58	INFO : User sent Message'WR DM200 1'.
13:19:59	INFO : User sent Message'WR DM200 1'.
13:19:59	INFO : User sent Message'WR DM200 1'.
13:19:59	INFO : User sent Message'WR DM200 1'.
13:20:00	INFO : User sent Message'WR DM200 1'.
13:20:00	INFO : User sent Message'WR DM200 1'.
13:20:00	INFO : User sent Message'WR DM200 1'.
13:20:01	INFO : User sent Message'WR DM200 1'.
13:20:01	INFO : User sent Message'WR DM200 1'.
13:20:02	INFO : User sent Message'WR DM200 1'.
13:20:02	INFO : User sent Message'WR DM200 1'.
13:20:02	INFO : User sent Message'WR DM200 1'.
13:20:03	INFO : User sent Message'WR DM200 1'.
13:20:03	INFO : User sent Message'WR DM200 1'.
13:20:03	INFO : User sent Message'WR DM200 1'.
13:20:04	INFO : User sent Message'WR DM200 1'.
13:20:04	INFO : User sent Message'WR DM200 1'.
13:20:05	INFO : User sent Message'WR DM200 1'.
13:20:05	INFO : User sent Message'WR DM200 1'.
13:20:05	INFO : User sent Message'WR DM200 1'.
13:20:06	INFO : User sent Message'WR DM200 1'.
13:20:06	INFO : User sent Message'WR DM200 1'.
13:20:06	INFO : User sent Message'WR DM200 1'.
13:20:07	INFO : User sent Message'WR DM200 1'.
13:20:07	INFO : User sent Message'WR DM200 1'.
13:20:08	INFO : User sent Message'WR DM200 1'.
13:20:08	INFO : User sent Message'WR DM200 1'.
13:20:08	INFO : User sent Message'WR DM200 1'.
13:20:09	INFO : User sent Message'WR DM200 1'.
13:20:09	INFO : User sent Message'WR DM200 1'.
13:20:09	INFO : User sent Message'WR DM200 1'.
13:20:10	INFO : User sent Message'WR DM200 1'.
13:20:10	INFO : User sent Message'WR DM200 1'.
13:20:11	INFO : User sent Message'WR DM200 1'.
13:20:11	INFO : User sent Message'WR DM200 1'.
13:20:11	INFO : User sent Message'WR DM200 1'.
13:20:12	INFO : User sent Message'WR DM200 1'.
13:20:12	INFO : User sent Message'WR DM200 1'.
13:20:12	INFO : User sent Message'WR DM200 1'.
13:20:13	INFO : User sent Message'WR DM200 1'.
13:20:13	INFO : User sent Message'WR DM200 1'.
13:20:14	INFO : User sent Message'WR DM200 1'.
13:20:14	INFO : User sent Message'WR DM200 1'.
13:20:14	INFO : User sent Message'WR DM200 1'.
13:20:15	INFO : User sent Message'WR DM200 1'.
13:20:15	INFO : User sent Message'WR DM200 1'.
13:20:15	INFO : User sent Message'WR DM200 1'.
13:20:16	INFO : User sent Message'WR DM200 1'.
13:20:16	INFO : User sent Message'WR DM200 1'.
13:20:17	INFO : User sent Message'WR DM200 1'.
13:20:17	INFO : User sent Message'WR DM200 1'.
13:20:17	INFO : User sent Message'WR DM200 1'.
13:20:18	INFO : User sent Message'WR DM200 1'.
13:20:18	INFO : User sent Message'WR DM200 1'.
13:20:18	INFO : User sent Message'WR DM200 1'.
13:20:19	INFO : User sent Message'WR DM200 1'.
13:20:19	INFO : User sent Message'WR DM200 1'.
13:20:20	INFO : User sent Message'WR DM200 1'.
13:20:20	INFO : User sent Message'WR DM200 1'.
13:20:20	INFO : User sent Message'WR DM200 1'.
13:20:21	INFO : User sent Message'WR DM200 1'.
13:20:21	INFO : User sent Message'WR DM200 1'.
13:20:21	INFO : User sent Message'WR DM200 1'.
13:20:22	INFO : User sent Message'WR DM200 1'.
13:20:22	INFO : User sent Message'WR DM200 1'.
13:20:23	INFO : User sent Message'WR DM200 1'.
13:20:23	INFO : User sent Message'WR DM200 1'.
13:20:23	INFO : User sent Message'WR DM200 1'.
13:20:24	INFO : User sent Message'WR DM200 1'.
13:20:24	INFO : User sent Message'WR DM200 1'.
13:20:24	INFO : User sent Message'WR DM200 1'.
13:20:25	WARNING : Socket The remote host closed the connection.
13:20:25	WARNING : Socket The remote host closed the connection.
13:20:25	WARNING : Socket The remote host closed the connection.
13:21:25	 : -------------------End-------------------.
13:21:40	INFO : |SYSYEM| Model folder exist.
13:21:46	INFO : User clicked ButtonpuB_connect.
13:21:46	INFO : User sent Message'RD R212'.
13:21:46	INFO : User sent Message'RD R212'.
13:21:47	INFO : User sent Message'RD R212'.
13:21:47	INFO : User sent Message'RD R212'.
13:21:48	INFO : User sent Message'RD R212'.
13:21:48	INFO : User sent Message'RD R212'.
13:21:48	INFO : User sent Message'RD R212'.
13:21:49	INFO : User sent Message'RD R212'.
13:21:49	INFO : User sent Message'RD R212'.
13:21:49	INFO : User sent Message'RD R212'.
13:21:50	INFO : User sent Message'RD R212'.
13:21:50	INFO : User sent Message'RD R212'.
13:21:51	INFO : User sent Message'RD R212'.
13:21:51	INFO : User sent Message'RD R212'.
13:21:51	INFO : User sent Message'RD R212'.
13:21:52	INFO : User sent Message'RD R212'.
13:21:52	INFO : User sent Message'RD R212'.
13:21:52	INFO : User sent Message'RD R212'.
13:21:53	INFO : User sent Message'RD R212'.
13:21:53	INFO : User sent Message'RD R212'.
13:21:54	INFO : User sent Message'RD R212'.
13:21:54	INFO : User sent Message'RD R212'.
13:21:54	INFO : User sent Message'RD R212'.
13:21:55	INFO : User sent Message'RD R212'.
13:21:55	INFO : User sent Message'RD R212'.
13:21:55	INFO : User sent Message'RD R212'.
13:21:56	INFO : User sent Message'RD R212'.
13:21:56	INFO : User sent Message'RD R212'.
13:21:57	INFO : User sent Message'RD R212'.
13:21:57	INFO : User sent Message'RD R212'.
13:21:57	INFO : User sent Message'RD R212'.
13:21:58	INFO : User sent Message'RD R212'.
13:21:58	INFO : User sent Message'RD R212'.
13:21:58	INFO : User sent Message'RD R212'.
13:21:59	INFO : User sent Message'RD R212'.
13:21:59	INFO : User sent Message'RD R212'.
13:22:00	INFO : User sent Message'RD R212'.
13:22:00	INFO : User sent Message'RD R212'.
13:22:00	INFO : User sent Message'RD R212'.
13:22:01	INFO : User sent Message'RD R212'.
13:22:01	INFO : User sent Message'RD R212'.
13:22:01	INFO : User sent Message'RD R212'.
13:22:02	INFO : User sent Message'RD R212'.
13:22:02	INFO : User sent Message'RD R212'.
13:22:03	INFO : User sent Message'RD R212'.
13:22:03	INFO : User sent Message'RD R212'.
13:22:03	INFO : User sent Message'RD R212'.
13:22:04	INFO : User sent Message'RD R212'.
13:22:04	INFO : User sent Message'RD R212'.
13:22:04	INFO : User sent Message'RD R212'.
13:22:05	INFO : User sent Message'RD R212'.
13:22:05	INFO : User sent Message'RD R212'.
13:22:06	INFO : User sent Message'RD R212'.
13:22:06	INFO : User sent Message'RD R212'.
13:22:06	INFO : User sent Message'RD R212'.
13:22:07	INFO : User sent Message'RD R212'.
13:22:07	INFO : User sent Message'RD R212'.
13:22:07	INFO : User sent Message'RD R212'.
13:22:08	INFO : User sent Message'RD R212'.
13:22:08	INFO : User sent Message'RD R212'.
13:22:09	INFO : User sent Message'RD R212'.
13:22:09	INFO : User sent Message'RD R212'.
13:22:09	INFO : User sent Message'RD R212'.
13:22:10	INFO : User sent Message'RD R212'.
13:22:10	INFO : User sent Message'RD R215'.
13:22:10	INFO : User sent Message'RD R215'.
13:22:11	INFO : User sent Message'RD R215'.
13:22:11	INFO : User sent Message'RD R215'.
13:22:12	INFO : User sent Message'RD R215'.
13:22:12	INFO : User sent Message'RD R215'.
13:22:12	INFO : User sent Message'RD R215'.
13:22:13	INFO : User sent Message'RD R215'.
13:22:13	INFO : User sent Message'RD R215'.
13:22:13	INFO : User sent Message'WR DM200 1'.
13:22:13	INFO : User sent Message'WR DM200 1'.
13:22:14	INFO : User sent Message'WR DM200 1'.
13:22:14	INFO : User sent Message'WR DM200 1'.
13:22:14	INFO : User sent Message'WR DM200 1'.
13:22:14	INFO : User sent Message'WR DM200 1'.
13:22:15	INFO : User sent Message'WR DM200 1'.
13:22:15	INFO : User sent Message'WR DM200 1'.
13:22:15	INFO : User sent Message'WR DM200 1'.
13:22:15	INFO : User sent Message'WR DM200 1'.
13:22:15	INFO : User sent Message'WR DM200 1'.
13:22:16	INFO : User sent Message'WR DM200 1'.
13:22:16	INFO : User sent Message'WR DM200 1'.
13:22:16	INFO : User sent Message'WR DM200 1'.
13:22:16	INFO : User sent Message'WR DM200 1'.
13:22:16	INFO : User sent Message'WR DM200 1'.
13:22:17	INFO : User sent Message'WR DM200 1'.
13:22:17	INFO : User sent Message'WR DM200 1'.
13:22:17	INFO : User sent Message'WR DM200 1'.
13:22:17	INFO : User sent Message'WR DM200 1'.
13:22:18	INFO : User sent Message'WR DM200 1'.
13:22:18	INFO : User sent Message'WR DM200 1'.
13:22:18	INFO : User sent Message'WR DM200 1'.
13:22:18	INFO : User sent Message'WR DM200 1'.
13:22:18	INFO : User sent Message'WR DM200 1'.
13:22:19	INFO : User sent Message'RD R215'.
13:22:19	INFO : User sent Message'RD R215'.
13:22:19	INFO : User sent Message'RD R215'.
13:22:20	WARNING : Socket The remote host closed the connection.
13:22:22	INFO : User clicked ButtonpuB_connect.
13:22:22	INFO : User sent Message'RD R215'.
13:22:22	INFO : User sent Message'RD R215'.
13:22:22	INFO : User sent Message'RD R215'.
13:22:23	INFO : User sent Message'RD R215'.
13:22:23	INFO : User sent Message'RD R215'.
13:22:24	INFO : User sent Message'RD R215'.
13:22:24	INFO : User clicked ButtonpuB_connect.
13:23:06	 : -------------------End-------------------.
13:24:38	INFO : |SYSYEM| Model folder exist.
13:25:04	INFO : User clicked ButtonpuB_connect.
13:25:09	 : -------------------End-------------------.
