08:40:54	INFO : New log file create.
08:41:14	 : -------------------End-------------------.
08:45:37	INFO : New log file create.
08:46:52	 : -------------------End-------------------.
09:31:27	INFO : New log file create.
09:31:31	 : -------------------End-------------------.
09:33:30	INFO : New log file create.
09:33:37	 : -------------------End-------------------.
09:34:47	INFO : New log file create.
09:34:54	 : -------------------End-------------------.
09:38:32	INFO : New log file create.
09:39:31	 : -------------------End-------------------.
09:43:18	INFO : New log file create.
09:43:35	 : -------------------End-------------------.
09:46:55	INFO : New log file create.
09:47:00	 : -------------------End-------------------.
09:47:57	INFO : New log file create.
09:48:22	 : -------------------End-------------------.
10:30:18	INFO : New log file create.
10:30:21	 : -------------------End-------------------.
10:34:03	INFO : New log file create.
10:34:08	 : -------------------End-------------------.
10:35:27	INFO : New log file create.
10:35:32	 : -------------------End-------------------.
11:24:03	INFO : New log file create.
11:24:07	 : -------------------End-------------------.
13:11:02	INFO : New log file create.
13:11:10	 : -------------------End-------------------.
13:11:42	INFO : New log file create.
13:11:51	 : -------------------End-------------------.
13:39:05	INFO : New log file create.
13:39:17	INFO : User clicked ButtonpuB_connect.
13:39:17	INFO : User sent Message'RD R212'.
13:39:17	INFO : Received message 1.
13:39:18	INFO : User clicked ButtonpuB_connect.
13:39:26	 : -------------------End-------------------.
14:04:44	INFO : New log file create.
14:04:54	INFO : New log file create.
14:05:32	INFO : New log file create.
14:07:08	INFO : New log file create.
14:09:00	INFO : New log file create.
14:09:25	INFO : New log file create.
14:10:10	INFO : New log file create.
14:11:20	INFO : New log file create.
14:12:14	 : -------------------End-------------------.
14:21:13	INFO : New log file create.
14:21:46	INFO : New log file create.
14:26:56	INFO : New log file create.
14:27:02	 : -------------------End-------------------.
14:27:20	INFO : New log file create.
14:27:36	 : -------------------End-------------------.
14:41:16	INFO : New log file create.
14:41:54	 : -------------------End-------------------.
14:47:16	INFO : New log file create.
14:47:22	 : -------------------End-------------------.
14:48:09	INFO : New log file create.
14:48:15	 : -------------------End-------------------.
14:53:35	INFO : New log file create.
14:53:51	 : -------------------End-------------------.
14:54:26	INFO : New log file create.
14:54:29	 : -------------------End-------------------.
14:55:04	INFO : New log file create.
14:55:21	 : -------------------End-------------------.
14:56:16	INFO : New log file create.
14:57:05	 : -------------------End-------------------.
14:58:20	INFO : New log file create.
14:59:06	 : -------------------End-------------------.
15:03:34	INFO : New log file create.
15:04:07	 : -------------------End-------------------.
15:33:38	INFO : New log file create.
15:33:41	INFO : User clicked Button puB_next.
15:36:14	INFO : New log file create.
15:36:18	INFO : User clicled Button puB_pre.
15:36:58	INFO : New log file create.
15:37:17	INFO : User clicked Button puB_next.
15:38:41	INFO : New log file create.
15:39:32	INFO : User clicked Button puB_next.
15:40:52	INFO : New log file create.
15:40:55	INFO : User clicked Button puB_next.
15:40:55	INFO : User changed pattern to 2.
15:40:56	INFO : User clicked Button puB_next.
15:40:56	INFO : User changed pattern to 3.
15:40:56	INFO : User clicked Button puB_next.
15:40:56	INFO : User changed pattern to 1.
15:40:57	INFO : User clicked Button puB_next.
15:40:57	INFO : User changed pattern to 2.
15:40:57	INFO : User clicked Button puB_next.
15:40:57	INFO : User changed pattern to 3.
15:40:58	INFO : User clicked Button puB_next.
15:40:58	INFO : User changed pattern to 1.
15:40:59	INFO : User clicled Button puB_pre.
15:40:59	INFO : User changed pattern to 3.
15:41:00	 : -------------------End-------------------.
15:50:41	INFO : New log file create.
15:50:50	 : -------------------End-------------------.
15:52:01	INFO : New log file create.
15:52:05	INFO : User clicked Button puB_next.
15:52:05	INFO : User changed pattern to 2.
15:52:05	INFO : User clicked Button puB_next.
15:52:44	INFO : New log file create.
15:52:47	INFO : User clicked Button puB_next.
15:52:47	INFO : User changed pattern to 2.
15:52:47	INFO : User clicked Button puB_next.
15:54:35	INFO : New log file create.
15:54:38	INFO : User clicked Button puB_next.
15:54:38	INFO : User changed pattern to 2.
15:54:38	INFO : User clicked Button puB_next.
15:55:38	INFO : New log file create.
15:55:41	INFO : User clicked Button puB_next.
15:55:41	INFO : User changed pattern to 2.
15:55:41	INFO : User clicked Button puB_next.
15:59:09	INFO : New log file create.
15:59:12	INFO : User clicked Button puB_next.
15:59:12	INFO : User changed pattern to 2.
15:59:12	INFO : User clicked Button puB_next.
15:59:35	INFO : New log file create.
15:59:39	INFO : User clicked Button puB_next.
15:59:39	INFO : User changed pattern to 2.
15:59:39	INFO : User clicked Button puB_next.
16:01:50	INFO : New log file create.
16:01:58	INFO : User clicked Button puB_next.
16:01:58	INFO : User changed pattern to 2.
16:02:01	INFO : User clicked Button puB_next.
