08:43:41	INFO : New log file create.
08:43:49	INFO : User clicked ButtonpuB_connect.
08:43:49	INFO : User sent Message'RD R212'.
08:43:49	INFO : Received message 1.
08:43:50	INFO : User clicked ButtonpuB_connect.
08:43:55	 : -------------------End-------------------.
08:43:57	INFO : New log file create.
08:44:22	 : -------------------End-------------------.
08:50:49	INFO : New log file create.
08:51:05	 : -------------------End-------------------.
08:51:53	INFO : New log file create.
08:51:59	 : -------------------End-------------------.
08:54:47	INFO : New log file create.
08:54:53	 : -------------------End-------------------.
09:01:49	INFO : New log file create.
09:04:39	 : -------------------End-------------------.
09:05:03	INFO : New log file create.
09:05:25	 : -------------------End-------------------.
09:06:59	INFO : New log file create.
09:07:48	 : -------------------End-------------------.
09:09:48	INFO : New log file create.
09:10:06	 : -------------------End-------------------.
09:11:34	INFO : New log file create.
09:12:47	 : -------------------End-------------------.
09:14:59	INFO : New log file create.
09:18:12	 : -------------------End-------------------.
09:42:07	INFO : New log file create.
09:42:29	 : -------------------End-------------------.
09:45:14	INFO : New log file create.
09:45:32	 : -------------------End-------------------.
09:47:27	INFO : New log file create.
09:47:35	 : -------------------End-------------------.
10:01:11	INFO : New log file create.
10:02:31	INFO : New log file create.
10:02:57	 : -------------------End-------------------.
10:02:58	 : -------------------End-------------------.
10:03:19	INFO : New log file create.
10:03:27	 : -------------------End-------------------.
10:07:06	INFO : New log file create.
10:07:19	 : -------------------End-------------------.
10:08:23	INFO : New log file create.
10:08:27	 : -------------------End-------------------.
10:09:42	INFO : New log file create.
10:10:46	INFO : New log file create.
10:15:39	 : -------------------End-------------------.
10:15:40	 : -------------------End-------------------.
10:15:44	INFO : New log file create.
10:20:19	 : -------------------End-------------------.
10:38:35	INFO : New log file create.
10:39:41	INFO : New log file create.
10:39:59	 : -------------------End-------------------.
10:41:04	INFO : New log file create.
10:43:22	 : -------------------End-------------------.
10:59:31	INFO : New log file create.
10:59:35	 : -------------------End-------------------.
10:59:58	INFO : New log file create.
11:01:02	INFO : New log file create.
11:01:15	 : -------------------End-------------------.
11:01:16	 : -------------------End-------------------.
11:01:56	INFO : New log file create.
11:03:53	 : -------------------End-------------------.
11:03:59	INFO : New log file create.
11:04:14	 : -------------------End-------------------.
11:08:57	INFO : New log file create.
11:10:59	 : -------------------End-------------------.
11:11:32	INFO : New log file create.
11:14:58	 : -------------------End-------------------.
11:16:09	INFO : New log file create.
11:16:12	 : -------------------End-------------------.
11:17:29	INFO : New log file create.
11:19:01	 : -------------------End-------------------.
11:24:18	INFO : New log file create.
11:24:20	 : -------------------End-------------------.
11:30:58	INFO : New log file create.
11:31:04	 : -------------------End-------------------.
11:32:32	INFO : New log file create.
11:32:37	 : -------------------End-------------------.
11:33:01	INFO : New log file create.
11:33:07	 : -------------------End-------------------.
11:40:42	INFO : New log file create.
11:41:05	 : -------------------End-------------------.
11:41:31	INFO : New log file create.
11:41:37	 : -------------------End-------------------.
11:42:16	INFO : New log file create.
11:42:25	 : -------------------End-------------------.
11:45:18	INFO : New log file create.
11:45:26	 : -------------------End-------------------.
11:46:46	INFO : New log file create.
11:46:55	 : -------------------End-------------------.
11:47:43	INFO : New log file create.
11:47:56	 : -------------------End-------------------.
11:51:05	INFO : New log file create.
11:51:34	 : -------------------End-------------------.
13:08:57	INFO : New log file create.
13:09:07	 : -------------------End-------------------.
13:11:33	INFO : New log file create.
13:12:10	 : -------------------End-------------------.
13:14:32	INFO : New log file create.
13:14:38	 : -------------------End-------------------.
13:15:24	INFO : New log file create.
13:16:03	 : -------------------End-------------------.
13:19:06	INFO : New log file create.
13:19:10	 : -------------------End-------------------.
13:20:41	INFO : New log file create.
13:21:13	 : -------------------End-------------------.
13:25:06	INFO : New log file create.
13:25:10	 : -------------------End-------------------.
13:26:47	INFO : New log file create.
13:28:08	 : -------------------End-------------------.
13:28:11	INFO : New log file create.
13:28:21	 : -------------------End-------------------.
13:28:30	INFO : New log file create.
13:28:34	 : -------------------End-------------------.
13:30:21	INFO : New log file create.
13:30:33	 : -------------------End-------------------.
13:32:25	INFO : New log file create.
13:33:31	 : -------------------End-------------------.
13:38:04	INFO : New log file create.
13:38:23	 : -------------------End-------------------.
13:43:07	INFO : New log file create.
13:43:41	 : -------------------End-------------------.
13:44:00	INFO : New log file create.
13:44:52	 : -------------------End-------------------.
13:48:45	INFO : New log file create.
13:49:01	 : -------------------End-------------------.
14:00:42	INFO : New log file create.
14:01:17	 : -------------------End-------------------.
14:01:36	INFO : New log file create.
14:01:56	 : -------------------End-------------------.
14:03:19	INFO : New log file create.
14:04:26	 : -------------------End-------------------.
14:06:38	INFO : New log file create.
14:06:56	 : -------------------End-------------------.
14:07:32	INFO : New log file create.
14:07:40	 : -------------------End-------------------.
14:08:36	INFO : New log file create.
14:14:41	 : -------------------End-------------------.
14:20:43	INFO : New log file create.
14:22:09	INFO : New log file create.
14:22:17	 : -------------------End-------------------.
14:22:46	INFO : New log file create.
14:24:41	 : -------------------End-------------------.
14:24:44	INFO : New log file create.
14:25:16	 : -------------------End-------------------.
14:25:57	INFO : New log file create.
14:26:41	 : -------------------End-------------------.
14:42:12	INFO : New log file create.
14:42:22	 : -------------------End-------------------.
14:44:41	INFO : New log file create.
14:44:45	 : -------------------End-------------------.
14:45:40	INFO : New log file create.
14:45:59	 : -------------------End-------------------.
14:47:25	INFO : New log file create.
14:47:40	 : -------------------End-------------------.
14:50:15	INFO : New log file create.
14:50:24	 : -------------------End-------------------.
14:51:55	INFO : New log file create.
14:52:14	 : -------------------End-------------------.
14:54:01	INFO : New log file create.
14:54:25	 : -------------------End-------------------.
14:54:29	INFO : New log file create.
14:54:49	 : -------------------End-------------------.
14:57:19	INFO : New log file create.
14:57:43	 : -------------------End-------------------.
15:06:09	INFO : New log file create.
15:06:37	 : -------------------End-------------------.
15:06:58	INFO : New log file create.
15:07:15	 : -------------------End-------------------.
15:11:09	INFO : New log file create.
15:11:14	 : -------------------End-------------------.
15:26:43	INFO : New log file create.
15:27:14	 : -------------------End-------------------.
15:27:41	INFO : New log file create.
15:28:14	 : -------------------End-------------------.
15:28:29	INFO : New log file create.
15:28:33	 : -------------------End-------------------.
15:31:59	INFO : New log file create.
15:32:23	 : -------------------End-------------------.
15:38:39	INFO : New log file create.
15:40:01	 : -------------------End-------------------.
16:11:42	INFO : New log file create.
16:15:24	 : -------------------End-------------------.
16:15:41	INFO : New log file create.
16:16:03	 : -------------------End-------------------.
16:18:05	INFO : New log file create.
16:18:30	 : -------------------End-------------------.
16:21:50	INFO : New log file create.
16:22:05	 : -------------------End-------------------.
16:22:53	INFO : New log file create.
16:23:54	 : -------------------End-------------------.
16:23:56	INFO : New log file create.
16:28:24	 : -------------------End-------------------.
16:49:56	INFO : New log file create.
16:50:27	 : -------------------End-------------------.
16:51:11	INFO : New log file create.
16:52:14	 : -------------------End-------------------.
16:52:37	INFO : New log file create.
16:53:38	 : -------------------End-------------------.
17:07:31	INFO : New log file create.
17:08:32	 : -------------------End-------------------.
17:09:34	INFO : New log file create.
17:10:49	 : -------------------End-------------------.
17:15:14	INFO : New log file create.
17:18:47	 : -------------------End-------------------.
17:18:57	INFO : New log file create.
17:19:16	 : -------------------End-------------------.
17:19:50	INFO : New log file create.
17:20:32	 : -------------------End-------------------.
17:31:19	INFO : New log file create.
17:33:19	 : -------------------End-------------------.
17:36:59	INFO : New log file create.
17:37:31	 : -------------------End-------------------.
17:37:55	INFO : New log file create.
17:38:01	 : -------------------End-------------------.
17:45:40	INFO : New log file create.
17:46:07	 : -------------------End-------------------.
17:53:14	INFO : New log file create.
17:53:50	 : -------------------End-------------------.
