09:25:22	INFO : |SYSYEM| Model folder exist.
09:25:31	INFO : |SYSYEM| Model folder exist.
09:26:35	 : -------------------End-------------------.
09:26:43	INFO : |SYSYEM| Model folder exist.
09:26:59	INFO : |SYSYEM| Model folder exist.
09:27:10	 : -------------------End-------------------.
09:28:42	INFO : |SYSYEM| Model folder exist.
09:28:49	INFO : |SYSYEM| Model folder exist.
09:28:58	 : -------------------End-------------------.
09:30:11	INFO : |SYSYEM| Model folder exist.
09:30:18	INFO : |SYSYEM| Model folder exist.
09:31:31	 : -------------------End-------------------.
09:34:07	INFO : |SYSYEM| Model folder exist.
09:34:12	INFO : |SYSYEM| Model folder exist.
09:34:48	INFO : User clicked ButtonpuB_connect.
09:34:48	INFO : User sent Message'RD R212'.
09:35:06	INFO : Received message 1.
09:35:06	INFO : User sent Message'WR R200 1'.
09:35:07	INFO : User clicked Button puB_start.
09:35:07	INFO : User sent Message'WR R200 1'.
09:35:14	INFO : Received message OK.
09:35:14	INFO : User sent Message'RD R201'.
09:35:15	INFO : User sent Message'RD R201'.
09:35:16	INFO : User sent Message'RD R201'.
09:35:17	INFO : User sent Message'RD R201'.
09:35:18	INFO : Received message 1.
09:35:18	INFO : Edge reset R200 and R201.
09:35:18	INFO : User sent Message'WRS R200 2 0 0'.
09:35:21	INFO : Received message OK.
09:35:21	INFO : User sent Message'WR DM202 1'.
09:35:27	INFO : Received message OK.
09:35:27	INFO : User sent Message'WR R202 1'.
09:35:52	INFO : User clicked ButtonpuB_connect.
09:35:56	 : -------------------End-------------------.
09:37:19	INFO : |SYSYEM| Model folder exist.
09:37:30	INFO : User clicked ButtonpuB_connect.
09:37:30	INFO : User sent Message'RD R212'.
09:37:39	INFO : Received message 1.
09:37:39	INFO : User sent Message'WR R200 1'.
09:37:41	INFO : User clicked Button puB_start.
09:37:41	INFO : User sent Message'WR R200 1'.
09:37:46	INFO : Received message OK.
09:37:47	INFO : User sent Message'RD R201'.
09:37:48	INFO : User sent Message'RD R201'.
09:37:48	INFO : User sent Message'RD R201'.
09:37:49	INFO : Received message 1.
09:37:49	INFO : Edge reset R200 and R201.
09:37:49	INFO : User sent Message'WRS R200 2 0 0'.
09:37:50	INFO : Received message OK.
09:37:50	INFO : User sent Message'WR DM202 1'.
09:37:52	INFO : Received message OK.
09:37:52	INFO : User sent Message'WR R202 1'.
09:37:58	INFO : |SYSYEM| Model folder exist.
09:38:22	INFO : Received message OK.
09:38:23	INFO : User sent Message'RD R203'.
09:38:24	INFO : User sent Message'RD R203'.
09:38:24	INFO : User sent Message'RD R203'.
09:38:25	INFO : Received message 1.
09:38:25	INFO : Edge reset R202 and R203.
09:38:25	INFO : User sent Message'WRS R202 2 0 0'.
09:38:28	INFO : Received message OK.
09:38:28	INFO : User sent Message'WR DM202 2'.
09:38:29	INFO : Received message OK.
09:38:29	INFO : User sent Message'WR R202 1'.
09:38:30	INFO : Received message OK.
09:38:31	INFO : User sent Message'RD R203'.
09:38:32	INFO : User sent Message'RD R203'.
09:38:32	INFO : Received message 1.
09:38:32	INFO : Edge reset R202 and R203.
09:38:32	INFO : User sent Message'WRS R202 2 0 0'.
09:38:33	INFO : Received message OK.
09:38:34	INFO : User sent Message'WR R204 1'.
09:38:34	INFO : Received message OK.
09:38:34	INFO : User sent Message'RD R205'.
09:38:35	INFO : User sent Message'RD R205'.
09:38:36	INFO : Received message 1.
09:38:36	INFO : Edge reset R204 and R205.
09:38:36	INFO : User sent Message'WRS R204 2 0 0'.
09:38:39	INFO : Received message OK.
09:39:53	INFO : |SYSYEM| Model folder exist.
09:40:09	INFO : User clicked ButtonpuB_connect.
09:40:09	INFO : User sent Message'RD R212'.
09:40:12	INFO : Received message 1.
09:40:13	INFO : User clicked Button puB_start.
09:40:21	INFO : User clicked Button puB_start.
09:40:21	INFO : User sent Message'WR R200 1'.
09:40:24	INFO : Received message OK.
09:40:25	INFO : User sent Message'RD R201'.
09:40:25	INFO : Received message OK.
09:40:26	INFO : User sent Message'RD R201'.
09:40:27	INFO : Received message 1.
09:40:27	INFO : Edge reset R200 and R201.
09:40:27	INFO : User sent Message'WRS R200 2 0 0'.
09:40:28	INFO : Received message OK.
09:40:28	INFO : User sent Message'WR DM202 1'.
09:40:28	INFO : Received message OK.
09:40:28	INFO : User sent Message'WR R202 1'.
09:40:30	INFO : Received message OK.
09:40:30	INFO : User sent Message'RD R203'.
09:40:31	INFO : User sent Message'RD R203'.
09:40:31	INFO : Received message 1.
09:40:31	INFO : Edge reset R202 and R203.
09:40:31	INFO : User sent Message'WRS R202 2 0 0'.
09:40:33	INFO : Received message OK.
09:40:33	INFO : User sent Message'WR DM202 2'.
09:40:34	INFO : Received message OK.
09:40:34	INFO : User sent Message'WR R202 1'.
09:40:34	INFO : Received message OK.
09:40:35	INFO : User sent Message'RD R203'.
09:40:36	INFO : User sent Message'RD R203'.
09:40:36	INFO : Received message 1.
09:40:36	INFO : Edge reset R202 and R203.
09:40:36	INFO : User sent Message'WRS R202 2 0 0'.
09:40:37	INFO : Received message OK.
09:40:37	INFO : User sent Message'WR R204 1'.
09:40:38	INFO : Received message OK.
09:40:38	INFO : User sent Message'RD R205'.
09:40:39	INFO : User sent Message'RD R205'.
09:40:40	INFO : User sent Message'RD R205'.
09:40:41	INFO : Received message 1.
09:40:41	INFO : Edge reset R204 and R205.
09:40:41	INFO : User sent Message'WRS R204 2 0 0'.
09:40:43	INFO : Received message OK.
09:42:30	INFO : |SYSYEM| Model folder exist.
09:42:35	INFO : User clicked ButtonpuB_connect.
09:42:35	INFO : User sent Message'RD R212'.
09:42:40	INFO : |SYSYEM| Model folder exist.
09:42:47	INFO : Received message 1.
09:42:47	INFO : User sent Message'WR R200 1'.
09:42:48	INFO : User clicked Button puB_start.
09:42:48	INFO : User sent Message'WR R200 1'.
09:42:53	INFO : Received message OK.
09:42:53	INFO : User sent Message'RD R201'.
09:42:54	INFO : User sent Message'RD R201'.
09:42:55	INFO : User sent Message'RD R201'.
09:42:56	INFO : User sent Message'RD R201'.
09:42:57	INFO : User sent Message'RD R201'.
09:42:57	INFO : Received message OK.
09:42:58	INFO : User sent Message'RD R201'.
09:42:59	INFO : User sent Message'RD R201'.
09:43:00	INFO : User sent Message'RD R201'.
09:43:00	INFO : Received message 1.
09:43:00	INFO : Edge reset R200 and R201.
09:43:00	INFO : User sent Message'WRS R200 2 0 0'.
09:43:04	INFO : Received message OK.
09:43:04	INFO : User sent Message'WR DM202 1'.
09:43:07	INFO : Received message OK.
09:43:07	INFO : User sent Message'WR R202 1'.
09:43:08	INFO : Received message OK.
09:43:09	INFO : User sent Message'RD R203'.
09:43:09	INFO : Received message 1.
09:43:09	INFO : Edge reset R202 and R203.
09:43:09	INFO : User sent Message'WRS R202 2 0 0'.
09:43:11	INFO : Received message OK.
09:43:11	INFO : User sent Message'WR DM202 2'.
09:43:11	INFO : Received message OK.
09:43:11	INFO : User sent Message'WR R202 1'.
09:43:12	INFO : Received message OK.
09:43:13	INFO : User sent Message'RD R203'.
09:43:14	INFO : User sent Message'RD R203'.
09:43:15	INFO : User sent Message'RD R203'.
09:43:15	INFO : Received message 1.
09:43:15	INFO : Edge reset R202 and R203.
09:43:15	INFO : User sent Message'WRS R202 2 0 0'.
09:43:19	INFO : Received message OK.
09:43:20	INFO : User sent Message'WR R204 1'.
09:43:22	INFO : Received message OK.
09:43:23	INFO : User sent Message'RD R205'.
09:43:24	INFO : User sent Message'RD R205'.
09:43:25	INFO : Received message 1.
09:43:25	INFO : Edge reset R204 and R205.
09:43:25	INFO : User sent Message'WRS R204 2 0 0'.
09:43:27	INFO : Received message OK.
09:43:27	INFO : User sent Message'WR DM202 1'.
09:43:29	INFO : Received message OK.
09:43:29	INFO : User sent Message'WR R202 1'.
09:43:32	INFO : Received message OK.
09:43:33	INFO : User sent Message'RD R203'.
09:43:34	INFO : User sent Message'RD R203'.
09:43:35	INFO : User sent Message'RD R203'.
09:43:36	INFO : User sent Message'RD R203'.
09:43:36	INFO : Received message 1.
09:43:36	INFO : Edge reset R202 and R203.
09:43:36	INFO : User sent Message'WRS R202 2 0 0'.
09:43:37	INFO : Received message OK.
09:43:37	INFO : User sent Message'WR DM204 2303'.
09:43:39	INFO : Received message OK.
09:43:39	INFO : User sent Message'WR DM206 100'.
09:43:42	INFO : Received message OK.
09:43:42	INFO : User sent Message'WR R206 1'.
09:43:44	WARNING : Socket The remote host closed the connection.
09:44:26	INFO : User clicked ButtonpuB_connect.
09:44:26	INFO : User sent Message'RD R212'.
09:44:26	INFO : User sent Message'RD R212'.
09:44:33	INFO : Received message 1.
09:44:58	 : -------------------End-------------------.
09:50:20	INFO : |SYSYEM| Model folder exist.
09:50:25	INFO : User clicked ButtonpuB_connect.
09:50:25	INFO : User sent Message'RD R212'.
09:50:28	INFO : Received message 1.
09:50:29	INFO : User clicked Button puB_start.
09:50:36	INFO : |SYSYEM| Model folder exist.
09:50:43	INFO : User clicked Button puB_start.
09:50:43	INFO : User sent Message'WR R200 1'.
09:50:48	INFO : Received message OK.
09:50:48	INFO : User sent Message'RD R201'.
09:50:49	INFO : User sent Message'RD R201'.
09:50:50	INFO : User sent Message'RD R201'.
09:50:51	INFO : User sent Message'RD R201'.
09:50:52	INFO : User sent Message'RD R201'.
09:50:53	INFO : User sent Message'RD R201'.
09:50:54	INFO : User sent Message'RD R201'.
09:50:55	INFO : User sent Message'RD R201'.
09:50:56	INFO : User sent Message'RD R201'.
09:50:57	INFO : User sent Message'RD R201'.
09:50:57	INFO : User sent Message'RD R201'.
09:50:58	INFO : User sent Message'RD R201'.
09:50:59	INFO : User sent Message'RD R201'.
09:51:00	INFO : User sent Message'RD R201'.
09:51:01	INFO : User sent Message'RD R201'.
09:51:02	INFO : User sent Message'RD R201'.
09:51:03	INFO : User sent Message'RD R201'.
09:51:04	INFO : User sent Message'RD R201'.
09:51:05	INFO : User sent Message'RD R201'.
09:51:06	INFO : User sent Message'RD R201'.
09:51:06	INFO : User sent Message'RD R201'.
09:51:07	INFO : User sent Message'RD R201'.
09:51:08	INFO : User sent Message'RD R201'.
09:51:09	INFO : User sent Message'RD R201'.
09:51:10	INFO : User sent Message'RD R201'.
09:51:11	INFO : User sent Message'RD R201'.
09:51:12	INFO : User sent Message'RD R201'.
09:51:13	INFO : User sent Message'RD R201'.
09:51:14	INFO : User sent Message'RD R201'.
09:51:15	INFO : User sent Message'RD R201'.
09:51:15	INFO : User sent Message'RD R201'.
09:51:16	INFO : User sent Message'RD R201'.
09:51:17	INFO : User sent Message'RD R201'.
09:51:18	INFO : User sent Message'RD R201'.
09:51:19	INFO : User sent Message'RD R201'.
09:51:20	INFO : User sent Message'RD R201'.
09:51:21	INFO : User sent Message'RD R201'.
09:51:21	INFO : User clicked Button puB_next.
09:51:21	INFO : User changed pattern to 2.
09:51:22	INFO : User sent Message'RD R201'.
09:51:22	INFO : User clicked Button puB_next.
09:51:22	INFO : User changed pattern to 3.
09:51:23	INFO : User sent Message'RD R201'.
09:51:24	INFO : User sent Message'RD R201'.
09:51:24	INFO : User sent Message'RD R201'.
09:51:25	INFO : User sent Message'RD R201'.
09:51:26	 : -------------------End-------------------.
09:51:52	INFO : |SYSYEM| Model folder exist.
09:51:55	INFO : User clicked Button puB_next.
09:51:55	INFO : User changed pattern to 2.
09:51:56	 : -------------------End-------------------.
09:52:38	INFO : |SYSYEM| Model folder exist.
09:52:42	INFO : User clicked Button puB_next.
09:52:42	INFO : User changed pattern to 2.
09:52:42	INFO : User clicked Button puB_next.
09:52:43	INFO : User changed pattern to 3.
09:53:06	INFO : |SYSYEM| Model folder exist.
09:53:12	INFO : User clicked ButtonpuB_connect.
09:53:12	INFO : User sent Message'RD R212'.
09:53:21	INFO : Received message 1.
09:53:23	INFO : User clicked Button puB_start.
09:53:27	INFO : User clicked Button puB_start.
09:53:27	INFO : User sent Message'WR R200 1'.
09:53:44	INFO : Received message OK.
09:53:45	INFO : User sent Message'RD R201'.
09:53:46	INFO : User sent Message'RD R201'.
09:53:47	INFO : User sent Message'RD R201'.
09:53:48	INFO : User sent Message'RD R201'.
09:53:49	INFO : User sent Message'RD R201'.
09:53:49	INFO : Received message 1.
09:53:49	INFO : Edge reset R200 and R201.
09:53:49	INFO : User sent Message'WRS R200 2 0 0'.
09:53:54	INFO : Received message OK.
09:53:54	INFO : User sent Message'WR DM202 1'.
09:53:56	INFO : Received message OK.
09:53:56	INFO : User sent Message'WR R202 1'.
09:53:58	INFO : Received message OK.
09:53:58	INFO : User sent Message'RD R203'.
09:53:59	INFO : User sent Message'RD R203'.
09:54:00	INFO : Received message 1.
09:54:00	INFO : Edge reset R202 and R203.
09:54:00	INFO : User sent Message'WRS R202 2 0 0'.
09:54:01	INFO : Received message OK.
09:54:01	INFO : User sent Message'WR DM202 2'.
09:54:02	INFO : Received message OK.
09:54:02	INFO : User sent Message'WR R202 1'.
09:54:03	INFO : Received message OK.
09:54:03	INFO : User sent Message'RD R203'.
09:54:04	INFO : User sent Message'RD R203'.
09:54:05	INFO : User sent Message'RD R203'.
09:54:05	INFO : Received message 1.
09:54:05	INFO : Edge reset R202 and R203.
09:54:05	INFO : User sent Message'WRS R202 2 0 0'.
09:54:05	INFO : Received message 1.
09:54:07	INFO : Received message OK.
09:54:07	INFO : User sent Message'WR R204 1'.
09:54:08	INFO : Received message OK.
09:54:08	INFO : User sent Message'RD R205'.
09:54:09	INFO : User sent Message'RD R205'.
09:54:10	INFO : Received message OK.
09:54:10	INFO : User sent Message'RD R205'.
09:54:11	INFO : User sent Message'RD R205'.
09:54:12	INFO : User sent Message'RD R205'.
09:54:13	INFO : Received message 1.
09:54:13	INFO : Edge reset R204 and R205.
09:54:13	INFO : User sent Message'WRS R204 2 0 0'.
09:54:14	INFO : Received message OK.
10:03:25	INFO : |SYSYEM| Model folder exist.
10:04:08	INFO : User clicked Button puB_next.
10:04:08	INFO : User changed pattern to 2.
10:04:09	INFO : User clicked Button puB_next.
10:04:09	INFO : User changed pattern to 3.
10:04:12	INFO : User clicked Button puB_next.
10:04:12	INFO : User changed pattern to 1.
10:04:13	INFO : User clicled Button puB_pre.
10:04:13	INFO : User changed pattern to 3.
10:05:17	INFO : User clicled Button puB_pre.
10:05:17	INFO : User changed pattern to 2.
10:05:18	INFO : User clicked Button puB_next.
10:05:18	INFO : User changed pattern to 3.
10:07:42	 : -------------------End-------------------.
