13:06:50	INFO : User clicked ButtonpuB_connect.
13:06:50	WARNING : Socket Connection refused.
13:10:47	INFO : |SYSYEM| Model folder exist.
13:10:47	INFO : |SYSYEM| Model folder exist.
13:11:06	 : -------------------End-------------------.
13:14:38	INFO : |SYSYEM| Model folder exist.
13:16:15	 : -------------------End-------------------.
13:16:36	INFO : |SYSYEM| Model folder exist.
13:16:53	 : -------------------End-------------------.
13:17:03	INFO : |SYSYEM| Model folder exist.
13:23:52	INFO : |SYSYEM| Model folder exist.
13:23:55	 : -------------------End-------------------.
13:24:03	INFO : |SYSYEM| Model folder exist.
13:24:21	 : -------------------End-------------------.
13:24:47	INFO : |SYSYEM| Model folder exist.
13:24:58	 : -------------------End-------------------.
13:25:43	INFO : |SYSYEM| Model folder exist.
13:26:47	 : -------------------End-------------------.
13:27:16	INFO : |SYSYEM| Model folder exist.
13:27:33	 : -------------------End-------------------.
13:29:18	INFO : |SYSYEM| Model folder exist.
13:29:35	 : -------------------End-------------------.
13:33:37	INFO : |SYSYEM| Model folder exist.
13:34:10	 : -------------------End-------------------.
13:34:45	INFO : |SYSYEM| Model folder exist.
13:35:02	INFO : User clicked Button puB_next.
13:35:02	INFO : User changed pattern to 2.
13:36:53	 : -------------------End-------------------.
13:38:29	INFO : |SYSYEM| Model folder exist.
13:38:49	 : -------------------End-------------------.
13:48:25	INFO : |SYSYEM| Model folder exist.
13:48:34	 : -------------------End-------------------.
13:50:33	INFO : |SYSYEM| Model folder exist.
13:51:26	INFO : |SYSYEM| Model folder exist.
13:52:15	 : -------------------End-------------------.
13:52:30	INFO : |SYSYEM| Model folder exist.
13:53:20	 : -------------------End-------------------.
13:56:58	INFO : |SYSYEM| Model folder exist.
13:57:08	 : -------------------End-------------------.
14:16:19	INFO : |SYSYEM| Model folder exist.
14:16:23	 : -------------------End-------------------.
14:44:17	INFO : |SYSYEM| Model folder exist.
14:44:47	 : -------------------End-------------------.
14:45:04	INFO : |SYSYEM| Model folder exist.
14:45:22	INFO : User clicked ButtonpuB_connect.
14:45:22	INFO : User sent Message'RD R212'.
14:45:29	INFO : Received message 1.
14:45:36	INFO : User clicked Button puB_start.
14:45:36	INFO : User sent Message'WR R200 1'.
14:45:40	INFO : Received message OK.
14:45:41	INFO : User sent Message'RD R201'.
14:45:42	INFO : User sent Message'RD R201'.
14:45:43	INFO : User sent Message'RD R201'.
14:45:44	INFO : User sent Message'RD R201'.
14:45:44	INFO : Received message 1.
14:45:44	INFO : Edge reset R200 and R201.
14:45:44	INFO : User sent Message'WRS R200 2 0 0'.
14:45:55	INFO : Received message OK.
14:45:55	INFO : User sent Message'WR DM202 1'.
14:45:56	INFO : Received message OK.
14:45:57	INFO : User sent Message'WR R202 1'.
14:46:01	INFO : Received message OK.
14:46:02	INFO : User sent Message'RD R203'.
14:46:03	INFO : User sent Message'RD R203'.
14:46:03	INFO : Received message 1.
14:46:03	INFO : Edge reset R202 and R203.
14:46:03	INFO : User sent Message'WRS R202 2 0 0'.
14:46:04	INFO : Received message OK.
14:46:04	INFO : User sent Message'WR DM202 2'.
14:46:05	INFO : Received message OK.
14:46:05	INFO : User sent Message'WR R202 1'.
14:46:09	INFO : Received message OK.
14:46:10	INFO : User sent Message'RD R203'.
14:46:11	INFO : User sent Message'RD R203'.
14:46:11	INFO : Received message 1.
14:46:11	INFO : Edge reset R202 and R203.
14:46:11	INFO : User sent Message'WRS R202 2 0 0'.
14:46:12	INFO : Received message OK.
14:46:12	INFO : User sent Message'WR R204 1'.
14:46:14	INFO : Received message OK.
14:46:14	INFO : User sent Message'RD R205'.
14:46:15	INFO : User sent Message'RD R205'.
14:46:16	INFO : User sent Message'RD R205'.
14:46:17	INFO : User sent Message'RD R205'.
14:46:18	INFO : User sent Message'RD R205'.
14:46:19	INFO : User sent Message'RD R205'.
14:46:20	INFO : User sent Message'RD R205'.
14:46:21	INFO : User sent Message'RD R205'.
14:46:21	INFO : User sent Message'RD R205'.
14:46:22	INFO : User sent Message'RD R205'.
14:46:23	INFO : User sent Message'RD R205'.
14:46:24	INFO : User sent Message'RD R205'.
14:46:25	INFO : User sent Message'RD R205'.
14:46:26	INFO : User sent Message'RD R205'.
14:46:27	INFO : User sent Message'RD R205'.
14:46:28	INFO : User sent Message'RD R205'.
14:46:29	INFO : User sent Message'RD R205'.
14:46:29	 : -------------------End-------------------.
14:52:02	INFO : |SYSYEM| Model folder exist.
14:52:05	 : -------------------End-------------------.
14:52:36	INFO : |SYSYEM| Model folder exist.
14:52:42	INFO : User clicked ButtonpuB_connect.
14:52:42	INFO : User sent Message'RD R212'.
14:52:45	INFO : Received message 1.
14:52:51	INFO : User clicked Button puB_start.
14:52:51	INFO : User sent Message'WR R200 1'.
14:52:58	INFO : Received message OK.
14:52:59	INFO : User sent Message'RD R201'.
14:52:59	INFO : User sent Message'RD R201'.
14:53:00	INFO : Received message 1.
14:53:00	INFO : Edge reset R200 and R201.
14:53:00	INFO : User sent Message'WRS R200 2 0 0'.
14:53:02	INFO : Received message OK.
14:53:02	INFO : User sent Message'WR DM202 1'.
14:53:09	INFO : Received message OK.
14:53:09	INFO : User sent Message'WR R202 1'.
14:53:15	INFO : Received message OK.
14:53:15	INFO : User sent Message'RD R203'.
14:53:16	INFO : User sent Message'RD R203'.
14:53:17	INFO : User sent Message'RD R203'.
14:53:17	INFO : User sent Message'RD R203'.
14:53:18	INFO : User sent Message'RD R203'.
14:53:19	INFO : User sent Message'RD R203'.
14:53:20	INFO : User sent Message'RD R203'.
14:53:20	INFO : Received message 1.
14:53:20	INFO : Edge reset R202 and R203.
14:53:20	INFO : User sent Message'WRS R202 2 0 0'.
14:53:26	INFO : Received message OK.
14:53:26	INFO : User sent Message'WR DM202 2'.
14:53:29	INFO : Received message OK.
14:53:29	INFO : User sent Message'WR R202 1'.
14:53:30	INFO : Received message OK.
14:53:30	INFO : User sent Message'RD R203'.
14:53:31	INFO : User sent Message'RD R203'.
14:53:32	INFO : User sent Message'RD R203'.
14:53:32	INFO : Received message 1.
14:53:32	INFO : Edge reset R202 and R203.
14:53:32	INFO : User sent Message'WRS R202 2 0 0'.
14:53:35	INFO : Received message OK.
14:53:35	INFO : User sent Message'WR R204 1'.
14:53:51	WARNING : Socket The remote host closed the connection.
14:53:53	INFO : |SYSYEM| Model folder exist.
14:54:26	INFO : User clicked ButtonpuB_connect.
14:54:26	WARNING : Socket Connection refused.
14:54:26	WARNING : Socket Connection refused.
14:54:28	INFO : User clicked ButtonpuB_connect.
14:54:28	INFO : User sent Message'RD R212'.
14:54:28	INFO : User sent Message'RD R212'.
14:54:28	INFO : User sent Message'RD R212'.
14:54:29	INFO : |SYSYEM| Model folder exist.
14:54:32	INFO : Received message 1.
14:54:32	INFO : User sent Message'WR R200 1'.
14:54:38	INFO : User clicked Button puB_start.
14:54:38	INFO : User sent Message'WR R200 1'.
14:54:41	INFO : Received message OK.
14:54:41	INFO : User sent Message'RD R201'.
14:54:42	INFO : User sent Message'RD R201'.
14:54:43	INFO : User sent Message'RD R201'.
14:54:43	INFO : Received message 1.
14:54:43	INFO : Edge reset R200 and R201.
14:54:43	INFO : User sent Message'WRS R200 2 0 0'.
14:54:44	INFO : Received message OK.
14:54:44	INFO : User sent Message'WR DM202 1'.
14:54:48	INFO : Received message OK.
14:54:48	INFO : User sent Message'WR R202 1'.
14:54:49	INFO : Received message OK.
14:54:49	INFO : User sent Message'RD R203'.
14:54:50	INFO : User sent Message'RD R203'.
14:54:50	INFO : Received message 1.
14:54:50	INFO : Edge reset R202 and R203.
14:54:50	INFO : User sent Message'WRS R202 2 0 0'.
14:54:52	INFO : Received message OK.
14:54:52	INFO : User sent Message'WR DM202 2'.
14:54:52	INFO : Received message OK.
14:54:52	INFO : User sent Message'WR R202 1'.
14:54:55	INFO : Received message 1.
14:54:56	INFO : Received message OK.
14:54:56	INFO : User sent Message'RD R203'.
14:54:57	INFO : User sent Message'RD R203'.
14:54:58	INFO : User sent Message'RD R203'.
14:54:58	INFO : Received message 1.
14:54:58	INFO : Edge reset R202 and R203.
14:54:58	INFO : User sent Message'WRS R202 2 0 0'.
14:55:00	INFO : Received message OK.
14:55:21	INFO : |SYSYEM| Model folder exist.
14:57:07	 : -------------------End-------------------.
14:57:22	INFO : |SYSYEM| Model folder exist.
14:57:27	INFO : User clicked ButtonpuB_connect.
14:57:27	INFO : User sent Message'RD R212'.
14:57:29	INFO : Received message 1.
14:57:35	INFO : User clicked Button puB_start.
14:57:35	INFO : User sent Message'WR R200 1'.
14:57:45	INFO : Received message OK.
14:57:45	INFO : User sent Message'RD R201'.
14:57:46	INFO : User sent Message'RD R201'.
14:57:47	INFO : Received message 1.
14:57:47	INFO : Edge reset R200 and R201.
14:57:47	INFO : User sent Message'WRS R200 2 0 0'.
14:57:49	INFO : Received message OK.
14:57:49	INFO : User sent Message'WR DM202 1'.
14:57:51	INFO : Received message OK.
14:57:51	INFO : User sent Message'WR R202 1'.
14:57:55	INFO : Received message OK.
14:57:55	INFO : User sent Message'RD R203'.
14:57:56	INFO : User sent Message'RD R203'.
14:57:57	INFO : User sent Message'RD R203'.
14:57:58	INFO : User sent Message'RD R203'.
14:57:59	INFO : Received message 1.
14:57:59	INFO : Edge reset R202 and R203.
14:57:59	INFO : User sent Message'WRS R202 2 0 0'.
14:58:01	INFO : Received message OK.
14:58:01	INFO : User sent Message'WR DM202 2'.
14:58:03	INFO : Received message OK.
14:58:03	INFO : User sent Message'WR R202 1'.
14:58:03	INFO : Received message OK.
14:58:04	INFO : User sent Message'RD R203'.
14:58:05	INFO : User sent Message'RD R203'.
14:58:06	INFO : Received message 1.
14:58:06	INFO : Edge reset R202 and R203.
14:58:06	INFO : User sent Message'WRS R202 2 0 0'.
14:58:07	INFO : Received message OK.
15:07:01	INFO : |SYSYEM| Model folder exist.
15:07:38	INFO : User clicked ButtonpuB_connect.
15:07:38	INFO : User sent Message'RD R212'.
15:07:42	INFO : Received message 1.
15:07:48	INFO : User clicked Button puB_start.
15:07:48	INFO : User sent Message'WR R200 1'.
15:07:59	INFO : Received message OK.
15:08:00	INFO : User sent Message'RD R201'.
15:08:01	INFO : User sent Message'RD R201'.
15:08:02	INFO : Received message 1.
15:08:02	INFO : Edge reset R200 and R201.
15:08:02	INFO : User sent Message'WRS R200 2 0 0'.
15:08:03	INFO : Received message OK.
15:08:03	INFO : User sent Message'WR DM202 1'.
15:08:04	INFO : Received message OK.
15:08:04	INFO : User sent Message'WR R202 1'.
15:08:04	INFO : Received message OK.
15:08:05	INFO : User sent Message'RD R203'.
15:08:06	INFO : User sent Message'RD R203'.
15:08:07	INFO : User sent Message'RD R203'.
15:08:07	INFO : Received message 1.
15:08:07	INFO : Edge reset R202 and R203.
15:08:07	INFO : User sent Message'WRS R202 2 0 0'.
15:08:08	INFO : Received message OK.
15:08:08	INFO : User sent Message'WR DM202 2'.
15:08:10	INFO : Received message OK.
15:08:10	INFO : User sent Message'WR R202 1'.
15:08:13	INFO : Received message OK.
15:08:14	INFO : User sent Message'RD R203'.
15:08:15	INFO : User sent Message'RD R203'.
15:08:15	INFO : Received message 1.
15:08:15	INFO : Edge reset R202 and R203.
15:08:15	INFO : User sent Message'WRS R202 2 0 0'.
15:08:17	INFO : Received message OK.
15:09:14	INFO : |SYSYEM| Model folder exist.
15:09:24	INFO : User clicked ButtonpuB_connect.
15:09:24	INFO : User sent Message'RD R212'.
15:09:29	INFO : Received message 1.
15:09:36	INFO : User clicked Button puB_start.
15:09:36	INFO : User sent Message'WR R200 1'.
15:09:41	INFO : Received message OK.
15:09:42	INFO : User sent Message'RD R201'.
15:09:42	INFO : User sent Message'RD R201'.
15:09:43	INFO : Received message 1.
15:09:43	INFO : Edge reset R200 and R201.
15:09:43	INFO : User sent Message'WRS R200 2 0 0'.
15:09:45	INFO : Received message OK.
15:09:45	INFO : User sent Message'WR DM202 1'.
15:09:48	INFO : Received message OK.
15:09:48	INFO : User sent Message'WR R202 1'.
15:09:52	INFO : Received message OK.
15:09:52	INFO : User sent Message'RD R203'.
15:09:53	INFO : User sent Message'RD R203'.
15:09:54	INFO : User sent Message'RD R203'.
15:09:54	INFO : Received message 1.
15:09:54	INFO : Edge reset R202 and R203.
15:09:54	INFO : User sent Message'WRS R202 2 0 0'.
15:09:56	INFO : Received message OK.
15:09:56	INFO : User sent Message'WR DM202 2'.
15:09:57	INFO : Received message OK.
15:09:57	INFO : User sent Message'WR R202 1'.
15:09:57	INFO : Received message OK.
15:09:58	INFO : User sent Message'RD R203'.
15:09:59	INFO : User sent Message'RD R203'.
15:10:00	INFO : User sent Message'RD R203'.
15:10:00	INFO : Received message 1.
15:10:00	INFO : Edge reset R202 and R203.
15:10:00	INFO : User sent Message'WRS R202 2 0 0'.
15:10:01	INFO : Received message OK.
15:10:01	INFO : User sent Message'WR R204 1'.
15:10:02	INFO : Received message OK.
15:10:02	INFO : User sent Message'RD R205'.
15:10:03	INFO : Received message OK.
15:10:03	INFO : User sent Message'RD R205'.
15:10:04	INFO : User sent Message'RD R205'.
15:10:05	INFO : User sent Message'RD R205'.
15:10:06	INFO : User sent Message'RD R205'.
15:10:06	INFO : Received message 1.
15:10:07	INFO : Edge reset R204 and R205.
15:10:07	INFO : User sent Message'WRS R204 2 0 0'.
15:11:58	 : -------------------End-------------------.
15:47:20	INFO : |SYSYEM| Model folder exist.
15:47:24	 : -------------------End-------------------.
15:47:46	INFO : |SYSYEM| Model folder exist.
15:48:19	INFO : User clicked ButtonpuB_connect.
15:48:19	INFO : User sent Message'RD R212'.
15:48:21	INFO : Received message 1.
15:48:26	INFO : User clicked Button puB_start.
15:48:26	INFO : User sent Message'WR R200 1'.
15:48:34	INFO : Received message OK.
15:48:35	INFO : User sent Message'RD R201'.
15:48:36	INFO : Received message 1.
15:48:36	INFO : Edge reset R200 and R201.
15:48:36	INFO : User sent Message'WRS R200 2 0 0'.
15:48:37	INFO : Received message OK.
15:48:37	INFO : User sent Message'WR DM202 1'.
15:48:38	INFO : Received message OK.
15:48:38	INFO : User sent Message'WR R202 1'.
15:48:39	INFO : Received message OK.
15:48:40	INFO : User sent Message'RD R203'.
15:48:41	INFO : User sent Message'RD R203'.
15:48:41	INFO : User sent Message'RD R203'.
15:48:42	INFO : Received message 1.
15:48:42	INFO : Edge reset R202 and R203.
15:48:42	INFO : User sent Message'WRS R202 2 0 0'.
15:48:43	INFO : Received message OK.
15:48:43	INFO : User sent Message'WR DM202 2'.
15:48:44	INFO : Received message OK.
15:48:44	INFO : User sent Message'WR R202 1'.
15:48:45	INFO : Received message OK.
15:48:45	INFO : User sent Message'RD R203'.
15:48:46	INFO : User sent Message'RD R203'.
15:48:46	INFO : Received message 1.
15:48:46	INFO : Edge reset R202 and R203.
15:48:46	INFO : User sent Message'WRS R202 2 0 0'.
15:48:48	INFO : Received message OK.
15:48:48	INFO : User sent Message'WR R204 1'.
15:48:51	INFO : Received message OK.
15:48:51	INFO : User sent Message'RD R205'.
15:48:52	INFO : User sent Message'RD R205'.
15:48:53	INFO : User sent Message'RD R205'.
15:48:54	INFO : User sent Message'RD R205'.
15:48:55	INFO : User sent Message'RD R205'.
15:48:56	INFO : User sent Message'RD R205'.
15:48:57	INFO : User sent Message'RD R205'.
15:48:57	INFO : Received message 1.
15:48:57	INFO : Edge reset R204 and R205.
15:48:57	INFO : User sent Message'WRS R204 2 0 0'.
15:49:12	INFO : |SYSYEM| Model folder exist.
15:49:45	 : -------------------End-------------------.
15:52:53	INFO : |SYSYEM| Model folder exist.
15:53:00	INFO : |SYSYEM| Model folder exist.
15:53:40	INFO : User clicked ButtonpuB_connect.
15:53:40	INFO : User sent Message'RD R212'.
15:53:41	INFO : Received message 1.
15:53:44	INFO : User clicked Button puB_start.
15:53:44	INFO : User sent Message'WR R200 1'.
15:53:48	INFO : Received message OK.
15:53:49	INFO : User sent Message'RD R201'.
15:53:50	INFO : User sent Message'RD R201'.
15:53:51	INFO : User sent Message'RD R201'.
15:53:52	INFO : User sent Message'RD R201'.
15:53:53	INFO : Received message 1.
15:53:53	INFO : Edge reset R200 and R201.
15:53:53	INFO : User sent Message'WRS R200 2 0 0'.
15:53:55	INFO : Received message OK.
15:53:55	INFO : User sent Message'WR DM202 1'.
15:53:55	INFO : Received message OK.
15:53:55	INFO : User sent Message'WR R202 1'.
15:53:57	INFO : Received message OK.
15:53:58	INFO : User sent Message'RD R203'.
15:53:59	INFO : User sent Message'RD R203'.
15:54:00	INFO : User sent Message'RD R203'.
15:54:01	INFO : User sent Message'RD R203'.
15:54:01	INFO : Received message 1.
15:54:01	INFO : Edge reset R202 and R203.
15:54:01	INFO : User sent Message'WRS R202 2 0 0'.
15:54:03	INFO : Received message OK.
15:54:03	INFO : User sent Message'WR DM202 2'.
15:54:03	INFO : Received message OK.
15:54:03	INFO : User sent Message'WR R202 1'.
15:54:06	INFO : Received message OK.
15:54:06	INFO : User sent Message'RD R203'.
15:54:07	INFO : User sent Message'RD R203'.
15:54:08	INFO : Received message 1.
15:54:08	INFO : Edge reset R202 and R203.
15:54:08	INFO : User sent Message'WRS R202 2 0 0'.
15:54:09	INFO : Received message OK.
15:54:09	INFO : User sent Message'WR DM202 3'.
15:54:10	INFO : Received message OK.
15:54:10	INFO : User sent Message'WR R202 1'.
15:54:11	INFO : Received message OK.
15:54:12	INFO : User sent Message'RD R203'.
15:54:13	INFO : User sent Message'RD R203'.
15:54:13	INFO : Received message 1.
15:54:13	INFO : Edge reset R202 and R203.
15:54:13	INFO : User sent Message'WRS R202 2 0 0'.
15:54:14	INFO : Received message OK.
15:54:14	INFO : User sent Message'WR R204 1'.
16:06:08	 : -------------------End-------------------.
16:06:51	INFO : |SYSYEM| Model folder exist.
16:07:07	INFO : User clicked ButtonpuB_connect.
16:07:07	INFO : User sent Message'RD R212'.
16:07:09	INFO : Received message 1.
16:07:15	INFO : User clicked Button puB_start.
16:07:15	INFO : User sent Message'WR R200 1'.
16:07:19	INFO : Received message OK.
16:07:19	INFO : User sent Message'RD R201'.
16:07:20	INFO : User sent Message'RD R201'.
16:07:21	INFO : User sent Message'RD R201'.
16:07:21	INFO : Received message 1.
16:07:21	INFO : Edge reset R200 and R201.
16:07:21	INFO : User sent Message'WRS R200 2 0 0'.
16:07:23	INFO : Received message OK.
16:07:23	INFO : User sent Message'WR DM202 1'.
16:07:25	INFO : Received message OK.
16:07:25	INFO : User sent Message'WR R202 1'.
16:07:27	INFO : Received message OK.
16:07:27	INFO : User sent Message'RD R203'.
16:07:28	INFO : User sent Message'RD R203'.
16:07:29	INFO : Received message 1.
16:07:29	INFO : Edge reset R202 and R203.
16:07:29	INFO : User sent Message'WRS R202 2 0 0'.
16:07:30	INFO : Received message OK.
16:07:30	INFO : User sent Message'WR DM202 2'.
16:07:32	INFO : Received message OK.
16:07:32	INFO : User sent Message'WR R202 1'.
16:07:33	INFO : Received message OK.
16:07:34	INFO : User sent Message'RD R203'.
16:07:35	INFO : User sent Message'RD R203'.
16:07:36	INFO : User sent Message'RD R203'.
16:07:36	INFO : Received message 1.
16:07:36	INFO : Edge reset R202 and R203.
16:07:36	INFO : User sent Message'WRS R202 2 0 0'.
16:07:37	INFO : Received message OK.
16:07:37	INFO : User sent Message'WR DM202 3'.
16:07:42	INFO : Received message OK.
16:07:42	INFO : User sent Message'WR R202 1'.
16:07:44	INFO : Received message OK.
16:07:45	INFO : User sent Message'RD R203'.
16:07:45	INFO : User sent Message'RD R203'.
16:07:46	INFO : Received message 1.
16:07:46	INFO : Edge reset R202 and R203.
16:07:46	INFO : User sent Message'WRS R202 2 0 0'.
16:07:48	INFO : Received message OK.
16:26:56	INFO : |SYSYEM| Model folder exist.
16:27:03	INFO : User clicked ButtonpuB_connect.
16:27:03	INFO : User sent Message'RD R212'.
16:27:10	INFO : Received message 1.
16:27:10	INFO : User sent Message'WR R200 1'.
16:27:11	INFO : User clicked Button puB_start.
16:27:11	INFO : User sent Message'WR R200 1'.
16:27:16	INFO : Received message OK.
16:27:17	INFO : User sent Message'RD R201'.
16:27:17	INFO : User sent Message'RD R201'.
16:27:17	INFO : Received message 1.
16:27:17	INFO : Edge reset R200 and R201.
16:27:17	INFO : User sent Message'WRS R200 2 0 0'.
16:27:19	INFO : Received message OK.
16:27:19	INFO : User sent Message'WR DM202 1'.
16:27:20	INFO : Received message OK.
16:27:20	INFO : User sent Message'WR R202 1'.
16:27:21	INFO : Received message OK.
16:27:21	INFO : User sent Message'RD R203'.
16:27:22	INFO : User sent Message'RD R203'.
16:27:23	INFO : User sent Message'RD R203'.
16:27:23	INFO : Received message 1.
16:27:23	INFO : Edge reset R202 and R203.
16:27:23	INFO : User sent Message'WRS R202 2 0 0'.
16:27:29	INFO : Received message OK.
16:27:29	INFO : User sent Message'WR DM202 2'.
16:27:29	INFO : Received message OK.
16:27:29	INFO : User sent Message'WR R202 1'.
16:27:30	INFO : Received message OK.
16:27:30	INFO : User sent Message'RD R203'.
16:27:31	INFO : User sent Message'RD R203'.
16:27:31	INFO : Received message 1.
16:27:31	INFO : Edge reset R202 and R203.
16:27:31	INFO : User sent Message'WRS R202 2 0 0'.
16:27:32	INFO : Received message OK.
16:27:32	INFO : User sent Message'WR DM202 3'.
16:27:33	INFO : Received message OK.
16:27:33	INFO : User sent Message'WR R202 1'.
16:27:34	INFO : Received message OK.
16:27:34	INFO : User sent Message'RD R203'.
16:27:35	INFO : User sent Message'RD R203'.
16:27:35	INFO : User sent Message'RD R203'.
16:27:36	INFO : User sent Message'RD R203'.
16:27:36	INFO : Received message 1.
16:27:36	INFO : Edge reset R202 and R203.
16:27:36	INFO : User sent Message'WRS R202 2 0 0'.
16:27:38	INFO : Received message OK.
16:27:40	INFO : User sent Message'WR R204 1'.
16:28:15	INFO : |SYSYEM| Model folder exist.
16:29:02	 : -------------------End-------------------.
16:36:54	INFO : |SYSYEM| Model folder exist.
16:41:43	INFO : |SYSYEM| Model folder exist.
16:48:39	INFO : |SYSYEM| Model folder exist.
16:49:36	 : -------------------End-------------------.
16:50:25	INFO : |SYSYEM| Model folder exist.
16:53:33	 : -------------------End-------------------.
16:53:49	INFO : |SYSYEM| Model folder exist.
16:55:29	 : -------------------End-------------------.
16:55:42	INFO : |SYSYEM| Model folder exist.
16:56:13	INFO : |SYSYEM| Model folder exist.
17:00:57	INFO : |SYSYEM| Model folder exist.
17:01:02	 : -------------------End-------------------.
17:01:16	 : -------------------End-------------------.
17:02:10	INFO : |SYSYEM| Model folder exist.
17:03:40	 : -------------------End-------------------.
17:03:52	INFO : |SYSYEM| Model folder exist.
17:04:30	INFO : |SYSYEM| Model folder exist.
17:04:53	 : -------------------End-------------------.
17:04:55	INFO : |SYSYEM| Model folder exist.
17:06:33	 : -------------------End-------------------.
17:06:47	INFO : |SYSYEM| Model folder exist.
17:07:30	 : -------------------End-------------------.
