09:05:16	INFO : New log file create.
09:05:44	INFO : User clicked ButtonpuB_connect.
09:05:44	INFO : User sent Message'RD R212'.
09:05:44	INFO : Received message 1.
09:05:51	INFO : User clicked ButtonpuB_connect.
09:05:56	INFO : User clicked ButtonpuB_connect.
09:05:56	INFO : User sent Message'RD R212'.
09:05:56	INFO : User sent Message'RD R212'.
09:05:56	INFO : User sent Message'RD R212'.
09:05:56	INFO : Received message 1.
09:06:04	INFO : User clicked ButtonpuB_connect.
09:06:58	 : -------------------End-------------------.
09:09:48	INFO : New log file create.
09:32:32	 : -------------------End-------------------.
09:59:35	INFO : New log file create.
09:59:49	 : -------------------End-------------------.
10:01:02	INFO : New log file create.
10:01:28	INFO : User clicked ButtonpuB_connect.
10:01:28	INFO : User sent Message'RD R212'.
10:01:28	INFO : Received message 1.
10:12:26	INFO : New log file create.
10:13:39	INFO : User clicked ButtonpuB_connect.
10:13:39	INFO : User sent Message'RD R212'.
10:13:39	INFO : Received message 1.
10:13:54	 : -------------------End-------------------.
10:14:53	INFO : New log file create.
10:15:03	 : -------------------End-------------------.
10:32:42	INFO : New log file create.
10:34:12	 : -------------------End-------------------.
10:34:51	INFO : New log file create.
10:35:49	 : -------------------End-------------------.
10:35:52	INFO : New log file create.
10:36:04	 : -------------------End-------------------.
10:37:40	INFO : New log file create.
10:38:36	 : -------------------End-------------------.
10:39:20	INFO : New log file create.
10:44:17	 : -------------------End-------------------.
14:05:51	INFO : New log file create.
14:07:13	 : -------------------End-------------------.
14:07:23	INFO : New log file create.
14:08:49	 : -------------------End-------------------.
14:08:55	INFO : New log file create.
14:15:39	 : -------------------End-------------------.
14:16:01	INFO : New log file create.
14:18:01	 : -------------------End-------------------.
14:18:11	INFO : New log file create.
14:19:51	 : -------------------End-------------------.
14:19:58	INFO : New log file create.
14:21:55	 : -------------------End-------------------.
14:22:59	INFO : New log file create.
14:24:09	 : -------------------End-------------------.
14:28:25	INFO : New log file create.
14:32:21	 : -------------------End-------------------.
14:33:20	INFO : New log file create.
14:38:36	 : -------------------End-------------------.
14:39:30	INFO : New log file create.
14:40:37	 : -------------------End-------------------.
16:19:34	INFO : New log file create.
16:32:19	 : -------------------End-------------------.
16:32:22	INFO : New log file create.
16:36:33	INFO : New log file create.
16:36:40	 : -------------------End-------------------.
16:36:44	 : -------------------End-------------------.
16:47:56	INFO : New log file create.
16:48:46	 : -------------------End-------------------.
16:50:17	INFO : New log file create.
16:50:59	 : -------------------End-------------------.
16:51:57	INFO : New log file create.
16:52:54	 : -------------------End-------------------.
16:52:57	INFO : New log file create.
16:53:24	 : -------------------End-------------------.
16:54:16	INFO : New log file create.
16:54:50	 : -------------------End-------------------.
