11:44:54	INFO : |SYSYEM| Model folder exist.
11:45:44	 : -------------------End-------------------.
11:46:56	INFO : |SYSYEM| Model folder exist.
11:50:43	 : -------------------End-------------------.
11:50:55	INFO : |SYSYEM| Model folder exist.
11:51:11	 : -------------------End-------------------.
13:02:36	INFO : |SYSYEM| Model folder exist.
13:05:47	 : -------------------End-------------------.
13:05:52	INFO : |SYSYEM| Model folder exist.
13:09:47	 : -------------------End-------------------.
13:10:14	INFO : |SYSYEM| Model folder exist.
13:10:58	 : -------------------End-------------------.
13:11:26	INFO : |SYSYEM| Model folder exist.
13:11:48	 : -------------------End-------------------.
13:12:08	INFO : |SYSYEM| Model folder exist.
13:13:05	 : -------------------End-------------------.
13:13:15	INFO : |SYSYEM| Model folder exist.
13:14:43	 : -------------------End-------------------.
13:14:56	INFO : |SYSYEM| Model folder exist.
13:15:22	 : -------------------End-------------------.
13:15:54	INFO : |SYSYEM| Model folder exist.
13:16:16	 : -------------------End-------------------.
13:16:17	INFO : |SYSYEM| Model folder exist.
13:17:34	 : -------------------End-------------------.
13:18:08	INFO : |SYSYEM| Model folder exist.
13:19:44	 : -------------------End-------------------.
13:19:55	INFO : |SYSYEM| Model folder exist.
13:24:36	 : -------------------End-------------------.
13:24:49	INFO : |SYSYEM| Model folder exist.
13:25:00	INFO : User clicked Button puB_next.
13:25:04	INFO : |SYSYEM| Model folder exist.
13:25:07	 : -------------------End-------------------.
13:25:28	INFO : |SYSYEM| Model folder exist.
13:27:42	 : -------------------End-------------------.
13:27:54	INFO : |SYSYEM| Model folder exist.
13:29:15	 : -------------------End-------------------.
13:29:16	INFO : |SYSYEM| Model folder exist.
13:30:40	 : -------------------End-------------------.
13:30:42	INFO : |SYSYEM| Model folder exist.
13:31:34	 : -------------------End-------------------.
13:31:56	INFO : |SYSYEM| Model folder exist.
13:31:59	 : -------------------End-------------------.
13:32:31	INFO : |SYSYEM| Model folder exist.
13:33:14	 : -------------------End-------------------.
13:34:24	INFO : |SYSYEM| Model folder exist.
13:34:44	 : -------------------End-------------------.
13:34:46	INFO : |SYSYEM| Model folder exist.
13:36:13	 : -------------------End-------------------.
13:36:24	INFO : |SYSYEM| Model folder exist.
13:36:52	 : -------------------End-------------------.
13:37:28	INFO : |SYSYEM| Model folder exist.
13:38:24	INFO : User changed pic2.
13:39:11	INFO : |SYSYEM| Model folder exist.
13:39:14	 : -------------------End-------------------.
13:40:01	 : -------------------End-------------------.
13:41:05	INFO : |SYSYEM| Model folder exist.
13:45:35	 : -------------------End-------------------.
13:46:13	INFO : |SYSYEM| Model folder exist.
13:47:46	 : -------------------End-------------------.
13:51:10	INFO : |SYSYEM| Model folder exist.
13:52:05	 : -------------------End-------------------.
13:53:02	INFO : |SYSYEM| Model folder exist.
13:53:07	 : -------------------End-------------------.
13:57:42	INFO : |SYSYEM| Model folder exist.
14:00:08	 : -------------------End-------------------.
14:02:20	INFO : |SYSYEM| Model folder exist.
14:04:50	 : -------------------End-------------------.
14:05:07	INFO : |SYSYEM| Model folder exist.
14:07:19	INFO : User changed pic2.
14:10:36	 : -------------------End-------------------.
14:11:45	INFO : |SYSYEM| Model folder exist.
14:13:38	INFO : User clicked Button puB_next.
14:13:38	INFO : User changed pattern to 1.
14:13:39	INFO : User clicked Button puB_next.
14:13:39	INFO : User changed pattern to 1.
14:13:39	INFO : User clicled Button puB_pre.
14:13:39	INFO : User changed pattern to 1.
14:13:40	INFO : User clicled Button puB_pre.
14:13:40	INFO : User changed pattern to 1.
14:13:41	INFO : User clicked Button puB_next.
14:13:41	INFO : User changed pattern to 1.
14:13:42	 : -------------------End-------------------.
14:13:45	INFO : |SYSYEM| Model folder exist.
14:15:24	 : -------------------End-------------------.
14:15:26	INFO : |SYSYEM| Model folder exist.
14:17:38	 : -------------------End-------------------.
14:17:40	INFO : |SYSYEM| Model folder exist.
14:21:53	 : -------------------End-------------------.
14:22:05	INFO : |SYSYEM| Model folder exist.
14:36:54	 : -------------------End-------------------.
14:37:05	INFO : |SYSYEM| Model folder exist.
14:37:21	 : -------------------End-------------------.
14:38:04	INFO : |SYSYEM| Model folder exist.
14:38:19	 : -------------------End-------------------.
14:38:47	INFO : |SYSYEM| Model folder exist.
14:43:10	 : -------------------End-------------------.
14:44:12	INFO : |SYSYEM| Model folder exist.
14:44:41	 : -------------------End-------------------.
14:45:47	INFO : |SYSYEM| Model folder exist.
14:47:19	INFO : User changed pic2.
14:47:41	 : -------------------End-------------------.
14:47:43	INFO : |SYSYEM| Model folder exist.
14:56:58	 : -------------------End-------------------.
14:57:26	INFO : |SYSYEM| Model folder exist.
14:57:47	 : -------------------End-------------------.
14:57:49	INFO : |SYSYEM| Model folder exist.
14:59:10	 : -------------------End-------------------.
15:00:03	INFO : |SYSYEM| Model folder exist.
15:00:08	 : -------------------End-------------------.
15:00:29	INFO : |SYSYEM| Model folder exist.
15:00:39	INFO : User changed pic2.
15:00:40	 : -------------------End-------------------.
15:00:47	INFO : |SYSYEM| Model folder exist.
15:01:03	 : -------------------End-------------------.
15:01:48	INFO : |SYSYEM| Model folder exist.
15:06:39	INFO : User clicked Button puB_next.
15:06:39	INFO : User changed pattern to 2.
15:06:40	INFO : User clicled Button puB_pre.
15:06:40	INFO : User changed pattern to 1.
15:06:41	INFO : User clicked Button puB_next.
15:06:41	INFO : User changed pattern to 2.
15:06:42	INFO : User clicked Button puB_next.
15:06:42	INFO : User changed pattern to 3.
15:06:45	INFO : User clicked Button puB_next.
15:06:45	INFO : User changed pattern to 1.
15:06:46	INFO : User clicled Button puB_pre.
15:06:46	INFO : User changed pattern to 3.
15:06:46	INFO : User clicled Button puB_pre.
15:06:46	INFO : User changed pattern to 2.
15:06:53	INFO : User clicled Button puB_pre.
15:06:53	INFO : User changed pattern to 1.
15:06:57	INFO : User clicled Button puB_pre.
15:06:57	INFO : User changed pattern to 3.
15:07:03	INFO : User changed pic2.
15:07:19	INFO : User changed pic2.
15:07:34	INFO : User changed pic2.
15:07:44	 : -------------------End-------------------.
15:10:08	INFO : |SYSYEM| Model folder exist.
15:11:39	 : -------------------End-------------------.
15:11:50	INFO : |SYSYEM| Model folder exist.
15:15:50	 : -------------------End-------------------.
15:16:08	INFO : |SYSYEM| Model folder exist.
15:16:32	 : -------------------End-------------------.
15:17:16	INFO : |SYSYEM| Model folder exist.
15:17:33	INFO : |SYSYEM| Model folder exist.
15:21:04	 : -------------------End-------------------.
15:21:19	INFO : |SYSYEM| Model folder exist.
15:21:32	INFO : |SYSYEM| Model folder exist.
15:27:07	INFO : |SYSYEM| Model folder exist.
15:27:53	 : -------------------End-------------------.
15:27:57	INFO : |SYSYEM| Model folder exist.
15:28:14	INFO : User clicked Button puB_next.
15:28:14	INFO : User changed pattern to 1.
15:28:15	INFO : User clicled Button puB_pre.
15:28:15	INFO : User changed pattern to 1.
15:28:17	INFO : User clicked Button puB_next.
15:28:17	INFO : User changed pattern to 1.
15:28:17	INFO : User clicked Button puB_next.
15:28:17	INFO : User changed pattern to 1.
15:28:19	 : -------------------End-------------------.
15:29:06	INFO : |SYSYEM| Model folder exist.
15:29:12	INFO : |SYSYEM| Model folder exist.
15:29:22	INFO : |SYSYEM| Model folder exist.
15:30:57	 : -------------------End-------------------.
15:31:07	INFO : |SYSYEM| Model folder exist.
15:32:48	 : -------------------End-------------------.
15:33:53	INFO : |SYSYEM| Model folder exist.
15:33:58	INFO : |SYSYEM| Model folder exist.
15:36:32	 : -------------------End-------------------.
15:36:45	INFO : |SYSYEM| Model folder exist.
15:37:31	INFO : |SYSYEM| Model folder exist.
15:37:31	INFO : |SYSYEM| Model folder exist.
15:42:07	 : -------------------End-------------------.
15:42:20	INFO : |SYSYEM| Model folder exist.
15:42:23	INFO : |SYSYEM| Model folder exist.
15:42:47	 : -------------------End-------------------.
15:43:06	INFO : |SYSYEM| Model folder exist.
15:43:09	INFO : |SYSYEM| Model folder exist.
15:43:19	 : -------------------End-------------------.
15:43:21	INFO : |SYSYEM| Model folder exist.
15:43:24	INFO : |SYSYEM| Model folder exist.
15:45:19	INFO : |SYSYEM| Model folder exist.
15:45:20	INFO : |SYSYEM| Model folder exist.
15:45:21	INFO : |SYSYEM| Model folder exist.
15:45:22	INFO : |SYSYEM| Model folder exist.
15:45:29	INFO : |SYSYEM| Model folder exist.
15:45:30	INFO : |SYSYEM| Model folder exist.
15:45:42	INFO : |SYSYEM| Model folder exist.
15:52:30	 : -------------------End-------------------.
15:52:45	INFO : |SYSYEM| Model folder exist.
15:52:52	INFO : |SYSYEM| Model folder exist.
15:59:37	 : -------------------End-------------------.
16:00:20	INFO : |SYSYEM| Model folder exist.
16:00:27	INFO : |SYSYEM| Model folder exist.
16:02:32	 : -------------------End-------------------.
16:03:06	INFO : |SYSYEM| Model folder exist.
16:06:43	 : -------------------End-------------------.
16:06:59	INFO : |SYSYEM| Model folder exist.
16:07:02	INFO : |SYSYEM| Model folder exist.
16:07:51	 : -------------------End-------------------.
16:15:22	INFO : |SYSYEM| Model folder exist.
16:15:32	INFO : |SYSYEM| Model folder exist.
16:15:52	 : -------------------End-------------------.
16:21:04	INFO : |SYSYEM| Model folder exist.
16:21:56	 : -------------------End-------------------.
16:22:23	INFO : |SYSYEM| Model folder exist.
16:22:35	INFO : |SYSYEM| Model folder exist.
16:24:09	 : -------------------End-------------------.
16:24:34	INFO : |SYSYEM| Model folder exist.
16:24:40	INFO : User clicked ButtonpuB_connect.
16:24:40	INFO : User sent Message'RD R212'.
16:24:40	INFO : Received message 1.
16:24:40	INFO : User sent Message'RD R215'.
16:24:40	INFO : User sent Message'WR DM200 1'.
16:24:40	INFO : Received message OK.
16:24:41	INFO : User sent Message'RD R215'.
16:24:41	INFO : User sent Message'WR DM200 2'.
16:24:41	INFO : Received message OK.
16:24:42	INFO : User sent Message'RD R215'.
16:24:42	INFO : User sent Message'WR DM200 3'.
16:24:42	INFO : Received message OK.
16:24:43	INFO : User sent Message'RD R215'.
16:24:43	INFO : User sent Message'WR DM200 4'.
16:24:43	INFO : Received message OK.
16:24:44	INFO : User sent Message'RD R215'.
16:24:44	INFO : User sent Message'WR DM200 5'.
16:24:44	INFO : Received message OK.
16:24:45	INFO : User sent Message'RD R215'.
16:24:45	INFO : User sent Message'WR DM200 6'.
16:24:45	INFO : Received message OK.
16:24:46	INFO : User sent Message'RD R215'.
16:24:46	INFO : User sent Message'WR DM200 7'.
16:24:46	INFO : Received message OK.
16:24:46	INFO : |SYSYEM| Model folder exist.
16:24:47	INFO : User sent Message'RD R215'.
16:24:47	INFO : User sent Message'WR DM200 8'.
16:24:47	INFO : Received message OK.
16:24:48	INFO : User sent Message'RD R215'.
16:24:48	INFO : User sent Message'WR DM200 9'.
16:24:48	INFO : Received message OK.
16:24:49	INFO : User sent Message'RD R215'.
16:24:49	INFO : User sent Message'WR DM200 10'.
16:24:49	INFO : Received message OK.
16:24:50	INFO : User sent Message'RD R215'.
16:24:50	INFO : User sent Message'WR DM200 11'.
16:24:50	INFO : Received message OK.
16:24:51	INFO : User sent Message'RD R215'.
16:24:51	INFO : User sent Message'WR DM200 12'.
16:24:51	INFO : Received message OK.
16:24:52	INFO : User sent Message'RD R215'.
16:24:52	INFO : User sent Message'WR DM200 13'.
16:24:52	INFO : Received message OK.
16:24:53	INFO : User sent Message'RD R215'.
16:24:53	INFO : User sent Message'WR DM200 14'.
16:24:53	INFO : Received message OK.
16:24:54	INFO : User sent Message'RD R215'.
16:24:54	INFO : User sent Message'WR DM200 15'.
16:24:54	INFO : Received message OK.
16:24:55	INFO : User sent Message'RD R215'.
16:24:55	INFO : User sent Message'WR DM200 16'.
16:24:55	INFO : Received message OK.
16:24:56	INFO : User sent Message'RD R215'.
16:24:56	INFO : User sent Message'WR DM200 17'.
16:24:56	INFO : Received message OK.
16:24:57	INFO : User sent Message'RD R215'.
16:24:57	INFO : User sent Message'WR DM200 18'.
16:24:57	INFO : Received message OK.
16:24:58	INFO : User sent Message'RD R215'.
16:24:58	INFO : User sent Message'WR DM200 19'.
16:24:58	INFO : Received message OK.
16:24:59	INFO : User sent Message'RD R215'.
16:24:59	INFO : User sent Message'WR DM200 20'.
16:24:59	INFO : Received message OK.
16:25:00	INFO : User sent Message'RD R215'.
16:25:00	INFO : User sent Message'WR DM200 21'.
16:25:00	INFO : Received message OK.
16:25:01	INFO : User sent Message'RD R215'.
16:25:01	INFO : User sent Message'WR DM200 22'.
16:25:01	INFO : Received message OK.
16:25:02	INFO : User sent Message'RD R215'.
16:25:02	INFO : User sent Message'WR DM200 23'.
16:25:02	INFO : Received message OK.
16:25:03	INFO : User sent Message'RD R215'.
16:25:03	INFO : User sent Message'WR DM200 24'.
16:25:03	INFO : Received message OK.
16:25:04	INFO : User sent Message'RD R215'.
16:25:04	INFO : User sent Message'WR DM200 25'.
16:25:04	INFO : Received message OK.
16:25:05	INFO : User sent Message'RD R215'.
16:25:05	INFO : User sent Message'WR DM200 26'.
16:25:05	INFO : Received message OK.
16:25:06	INFO : User sent Message'RD R215'.
16:25:06	INFO : User sent Message'WR DM200 27'.
16:25:06	INFO : Received message OK.
16:25:07	INFO : User sent Message'RD R215'.
16:25:07	INFO : User sent Message'WR DM200 28'.
16:25:07	INFO : Received message OK.
16:25:08	INFO : User sent Message'RD R215'.
16:25:08	INFO : User sent Message'WR DM200 29'.
16:25:08	INFO : Received message OK.
16:25:09	INFO : User sent Message'RD R215'.
16:25:09	INFO : User sent Message'WR DM200 30'.
16:25:09	INFO : Received message OK.
16:25:10	INFO : User sent Message'RD R215'.
16:25:10	INFO : User sent Message'WR DM200 31'.
16:25:10	INFO : Received message OK.
16:25:11	INFO : User sent Message'RD R215'.
16:25:11	INFO : User sent Message'WR DM200 32'.
16:25:11	INFO : Received message OK.
16:25:12	INFO : User sent Message'RD R215'.
16:25:12	INFO : User sent Message'WR DM200 33'.
16:25:12	INFO : Received message OK.
16:25:13	INFO : User sent Message'RD R215'.
16:25:13	INFO : User sent Message'WR DM200 34'.
16:25:13	INFO : Received message OK.
16:25:14	INFO : User sent Message'RD R215'.
16:25:14	INFO : User sent Message'WR DM200 35'.
16:25:14	INFO : Received message OK.
16:25:15	INFO : User sent Message'RD R215'.
16:25:15	INFO : User sent Message'WR DM200 36'.
16:25:15	INFO : Received message OK.
16:25:16	INFO : User sent Message'RD R215'.
16:25:16	INFO : User sent Message'WR DM200 37'.
16:25:16	INFO : Received message OK.
16:25:17	INFO : User sent Message'RD R215'.
16:25:17	INFO : User sent Message'WR DM200 38'.
16:25:17	INFO : Received message OK.
16:25:18	INFO : User sent Message'RD R215'.
16:25:18	INFO : User sent Message'WR DM200 39'.
16:25:18	INFO : Received message OK.
16:25:19	INFO : User sent Message'RD R215'.
16:25:19	INFO : User sent Message'WR DM200 40'.
16:25:19	INFO : Received message OK.
16:25:20	INFO : User sent Message'RD R215'.
16:25:20	INFO : User sent Message'WR DM200 41'.
16:25:20	INFO : Received message OK.
16:25:21	INFO : User sent Message'RD R215'.
16:25:21	INFO : User sent Message'WR DM200 42'.
16:25:21	INFO : Received message OK.
16:25:22	INFO : User sent Message'RD R215'.
16:25:22	INFO : User sent Message'WR DM200 43'.
16:25:22	INFO : Received message OK.
16:25:23	INFO : User sent Message'RD R215'.
16:25:23	INFO : User sent Message'WR DM200 44'.
16:25:23	INFO : Received message OK.
16:25:24	INFO : User sent Message'RD R215'.
16:25:24	INFO : User sent Message'WR DM200 45'.
16:25:24	INFO : Received message OK.
16:25:25	INFO : User sent Message'RD R215'.
16:25:25	INFO : User sent Message'WR DM200 46'.
16:25:25	INFO : Received message OK.
16:25:26	INFO : User sent Message'RD R215'.
16:25:26	INFO : User sent Message'WR DM200 47'.
16:25:26	INFO : Received message OK.
16:25:27	INFO : User sent Message'RD R215'.
16:25:27	INFO : User sent Message'WR DM200 48'.
16:25:27	INFO : Received message OK.
16:25:28	INFO : User sent Message'RD R215'.
16:25:28	INFO : User sent Message'WR DM200 49'.
16:25:28	INFO : Received message OK.
16:25:29	INFO : User sent Message'RD R215'.
16:25:29	INFO : User sent Message'WR DM200 50'.
16:25:29	INFO : Received message OK.
16:25:29	 : -------------------End-------------------.
16:28:31	INFO : |SYSYEM| Model folder exist.
16:28:36	INFO : User clicked ButtonpuB_connect.
16:28:36	INFO : User sent Message'RD R215'.
16:28:36	INFO : User sent Message'WR DM200 1'.
16:28:36	INFO : Received message OK.
16:28:37	INFO : User sent Message'RD R212'.
16:28:37	INFO : Received message 1.
16:28:37	INFO : User sent Message'RD R215'.
16:28:37	INFO : User sent Message'WR DM200 2'.
16:28:37	INFO : Received message OK.
16:28:38	INFO : User sent Message'RD R215'.
16:28:38	INFO : User sent Message'WR DM200 3'.
16:28:38	INFO : Received message OK.
16:28:39	INFO : User sent Message'RD R215'.
16:28:39	INFO : |SYSYEM| Model folder exist.
16:28:39	INFO : User sent Message'WR DM200 4'.
16:28:39	INFO : Received message OK.
16:28:40	INFO : User sent Message'RD R215'.
16:28:40	INFO : User sent Message'WR DM200 5'.
16:28:40	INFO : Received message OK.
16:28:41	INFO : User sent Message'RD R215'.
16:28:41	INFO : User sent Message'WR DM200 6'.
16:28:41	INFO : Received message OK.
16:28:42	INFO : User sent Message'RD R215'.
16:28:42	INFO : User sent Message'WR DM200 7'.
16:28:42	INFO : Received message OK.
16:28:43	INFO : User sent Message'RD R215'.
16:28:43	INFO : User sent Message'WR DM200 8'.
16:28:43	INFO : Received message OK.
16:28:43	INFO : User clicked ButtonpuB_connect.
16:29:53	 : -------------------End-------------------.
16:30:06	INFO : |SYSYEM| Model folder exist.
16:30:12	INFO : |SYSYEM| Model folder exist.
16:32:02	 : -------------------End-------------------.
16:32:15	INFO : |SYSYEM| Model folder exist.
16:32:25	INFO : |SYSYEM| Model folder exist.
16:32:42	INFO : User clicked ButtonpuB_connect.
16:32:42	INFO : User sent Message'RD R212'.
16:32:42	INFO : Received message 1.
16:32:42	INFO : User sent Message'RD R215'.
16:32:42	INFO : User sent Message'WR DM200 1'.
16:32:42	INFO : Received message OK.
16:32:43	INFO : User clicked Button puB_start.
16:32:43	INFO : User sent Message'RD R215'.
16:32:43	INFO : User sent Message'WR DM200 2'.
16:32:43	INFO : Received message OK.
16:32:44	INFO : User sent Message'WR R200 1'.
16:32:44	INFO : Received message OK.
16:32:44	INFO : User sent Message'RD R201'.
16:32:44	INFO : Received message 1.
16:32:44	INFO : Edge reset R200 and R201.
16:32:44	INFO : User sent Message'WRS R200 2 0 0'.
16:32:44	INFO : Received message OK.
16:32:44	INFO : User sent Message'RD R215'.
16:32:44	INFO : User sent Message'WR DM200 3'.
16:32:44	INFO : Received message OK.
16:32:45	INFO : User sent Message'WR DM202 1'.
16:32:45	INFO : Received message OK.
16:32:45	INFO : User sent Message'WR R202 1'.
16:32:45	INFO : Received message OK.
16:32:45	INFO : User sent Message'RD R203'.
16:32:45	INFO : Received message 1.
16:32:45	INFO : Edge reset R202 and R203.
16:32:45	INFO : User sent Message'RD R215'.
16:32:45	INFO : User sent Message'WR DM200 4'.
16:32:45	INFO : Received message OK.
16:32:46	INFO : User sent Message'WRS R202 2 0 0'.
16:32:46	INFO : Received message OK.
16:32:46	INFO : User sent Message'WR DM202 2'.
16:32:46	INFO : Received message OK.
16:32:46	INFO : User sent Message'WR R202 1'.
16:32:46	INFO : Received message OK.
16:32:46	INFO : User sent Message'RD R215'.
16:32:46	INFO : User sent Message'WR DM200 5'.
16:32:46	INFO : Received message OK.
16:32:47	INFO : User sent Message'RD R203'.
16:32:47	INFO : Received message 1.
16:32:47	INFO : Edge reset R202 and R203.
16:32:47	INFO : User sent Message'WRS R202 2 0 0'.
16:32:47	INFO : Received message OK.
16:32:47	INFO : User sent Message'WR DM202 3'.
16:32:47	INFO : Received message OK.
16:32:47	INFO : User sent Message'RD R215'.
16:32:47	INFO : User sent Message'WR DM200 6'.
16:32:47	INFO : Received message OK.
16:32:48	INFO : User sent Message'WR R202 1'.
16:32:48	INFO : Received message OK.
16:32:48	INFO : User sent Message'RD R203'.
16:32:48	INFO : Received message 1.
16:32:48	INFO : Edge reset R202 and R203.
16:32:48	INFO : User sent Message'WRS R202 2 0 0'.
16:32:48	INFO : Received message OK.
16:32:48	INFO : User sent Message'RD R215'.
16:32:48	INFO : User sent Message'WR DM200 7'.
16:32:48	INFO : Received message OK.
16:32:49	INFO : User sent Message'WR R204 1'.
16:32:49	INFO : Received message OK.
16:32:49	INFO : User sent Message'RD R205'.
16:32:49	INFO : Received message 1.
16:32:49	INFO : Edge reset R204 and R205.
16:32:49	INFO : User sent Message'WRS R204 2 0 0'.
16:32:49	INFO : Received message OK.
16:32:49	INFO : User sent Message'RD R215'.
16:32:49	INFO : User sent Message'WR DM200 8'.
16:32:49	INFO : Received message OK.
16:32:50	INFO : User sent Message'WR DM202 1'.
16:32:50	INFO : Received message OK.
16:32:50	INFO : User sent Message'WR R202 1'.
16:32:50	INFO : Received message OK.
16:32:50	INFO : User sent Message'RD R203'.
16:32:50	INFO : Received message 1.
16:32:50	INFO : Edge reset R202 and R203.
16:32:50	INFO : User sent Message'RD R215'.
16:32:50	INFO : User sent Message'WR DM200 9'.
16:32:50	INFO : Received message OK.
16:32:51	INFO : User sent Message'WRS R202 2 0 0'.
16:32:51	INFO : Received message OK.
16:32:51	INFO : User sent Message'WR DM204 10'.
16:32:51	INFO : Received message OK.
16:32:51	INFO : User sent Message'WR DM206 10'.
16:32:51	INFO : Received message OK.
16:32:51	INFO : User sent Message'RD R215'.
16:32:51	INFO : User sent Message'WR DM200 10'.
16:32:51	INFO : Received message OK.
16:32:52	INFO : User sent Message'WR R206 1'.
16:32:52	INFO : Received message OK.
16:32:52	INFO : User sent Message'RD R207'.
16:32:52	INFO : Received message 1.
16:32:52	INFO : Edge reset R206 and R207.
16:32:52	INFO : User sent Message'WRS R206 2 0 0'.
16:32:52	INFO : Received message OK.
16:32:52	INFO : User sent Message'RD R215'.
16:32:52	INFO : User sent Message'WR DM200 11'.
16:32:52	INFO : Received message OK.
16:32:53	INFO : User sent Message'WR DM204 10'.
16:32:53	INFO : Received message OK.
16:32:53	INFO : User sent Message'WR DM206 10'.
16:32:53	INFO : Received message OK.
16:32:53	INFO : User sent Message'WR R206 1'.
16:32:53	INFO : Received message OK.
16:32:53	INFO : User sent Message'RD R215'.
16:32:53	INFO : User sent Message'WR DM200 12'.
16:32:53	INFO : Received message OK.
16:32:54	INFO : User sent Message'RD R207'.
16:32:54	INFO : Received message 1.
16:32:54	INFO : Edge reset R206 and R207.
16:32:54	INFO : User sent Message'WRS R206 2 0 0'.
16:32:54	INFO : Received message OK.
16:32:54	INFO : User sent Message'WR DM202 2'.
16:32:54	INFO : Received message OK.
16:32:54	INFO : User sent Message'RD R215'.
16:32:54	INFO : User sent Message'WR DM200 13'.
16:32:54	INFO : Received message OK.
16:32:55	INFO : User sent Message'WR R202 1'.
16:32:55	INFO : Received message OK.
16:32:55	INFO : User sent Message'RD R203'.
16:32:55	INFO : Received message 1.
16:32:55	INFO : Edge reset R202 and R203.
16:32:55	INFO : User sent Message'WRS R202 2 0 0'.
16:32:55	INFO : Received message OK.
16:32:55	INFO : User sent Message'RD R215'.
16:32:55	INFO : User sent Message'WR DM200 14'.
16:32:55	INFO : Received message OK.
16:32:56	INFO : User sent Message'WR DM204.S -70'.
16:32:56	INFO : Received message OK.
16:32:56	INFO : User sent Message'WR DM206.S -70'.
16:32:56	INFO : Received message OK.
16:32:56	INFO : User sent Message'WR R206 1'.
16:32:56	INFO : Received message OK.
16:32:56	INFO : User sent Message'RD R215'.
16:32:56	INFO : User sent Message'WR DM200 15'.
16:32:56	INFO : Received message OK.
16:32:57	INFO : User sent Message'RD R207'.
16:32:57	INFO : Received message 1.
16:32:57	INFO : Edge reset R206 and R207.
16:32:57	INFO : User sent Message'WRS R206 2 0 0'.
16:32:57	INFO : Received message OK.
16:32:57	INFO : User sent Message'WR DM204.S -10'.
16:32:57	INFO : Received message OK.
16:32:57	INFO : User sent Message'RD R215'.
16:32:57	INFO : User sent Message'WR DM200 16'.
16:32:57	INFO : Received message OK.
16:32:58	INFO : User sent Message'WR DM206.S -10'.
16:32:58	INFO : Received message OK.
16:32:58	INFO : User sent Message'WR R206 1'.
16:32:58	INFO : Received message OK.
16:32:58	INFO : User sent Message'RD R207'.
16:32:58	INFO : Received message 1.
16:32:58	INFO : Edge reset R206 and R207.
16:32:58	INFO : User sent Message'RD R215'.
16:32:58	INFO : User sent Message'WR DM200 17'.
16:32:58	INFO : Received message OK.
16:32:59	INFO : User sent Message'WRS R206 2 0 0'.
16:32:59	INFO : Received message OK.
16:32:59	INFO : User sent Message'WR DM202 3'.
16:32:59	INFO : Received message OK.
16:32:59	INFO : User sent Message'WR R202 1'.
16:32:59	INFO : Received message OK.
16:32:59	INFO : User sent Message'RD R215'.
16:32:59	INFO : User sent Message'WR DM200 18'.
16:32:59	INFO : Received message OK.
16:33:00	INFO : User sent Message'RD R203'.
16:33:00	INFO : Received message 1.
16:33:00	INFO : Edge reset R202 and R203.
16:33:00	INFO : User sent Message'WRS R202 2 0 0'.
16:33:00	INFO : Received message OK.
16:33:00	INFO : User sent Message'WR DM204 140'.
16:33:00	INFO : Received message OK.
16:33:00	INFO : User sent Message'RD R215'.
16:33:00	INFO : User sent Message'WR DM200 19'.
16:33:00	INFO : Received message OK.
16:33:01	INFO : User sent Message'WR DM206 140'.
16:33:01	INFO : Received message OK.
16:33:01	INFO : User sent Message'WR R206 1'.
16:33:01	INFO : Received message OK.
16:33:01	INFO : User sent Message'RD R207'.
16:33:01	INFO : Received message 1.
16:33:01	INFO : Edge reset R206 and R207.
16:33:01	INFO : User sent Message'RD R215'.
16:33:01	INFO : User sent Message'WR DM200 20'.
16:33:01	INFO : Received message OK.
16:33:02	INFO : User sent Message'WRS R206 2 0 0'.
16:33:02	INFO : Received message OK.
16:33:02	INFO : User sent Message'WR DM204 10'.
16:33:02	INFO : Received message OK.
16:33:02	INFO : User sent Message'WR DM206 10'.
16:33:02	INFO : Received message OK.
16:33:02	INFO : User sent Message'RD R215'.
16:33:02	INFO : User sent Message'WR DM200 21'.
16:33:02	INFO : Received message OK.
16:33:03	INFO : User sent Message'WR R206 1'.
16:33:03	INFO : Received message OK.
16:33:03	INFO : User sent Message'RD R207'.
16:33:03	INFO : Received message 1.
16:33:03	INFO : Edge reset R206 and R207.
16:33:03	INFO : User sent Message'WRS R206 2 0 0'.
16:33:03	INFO : Received message OK.
16:33:03	INFO : User sent Message'RD R215'.
16:33:03	INFO : User sent Message'WR DM200 22'.
16:33:03	INFO : Received message OK.
16:33:04	INFO : User sent Message'WR R214 1'.
16:33:04	INFO : Received message OK.
16:33:04	INFO : User sent Message'WRS DM201 6 0 0 0 0 0 0'.
16:33:04	INFO : Received message OK.
16:33:04	INFO : User sent Message'RD R212'.
16:33:04	INFO : Received message 1.
16:33:04	INFO : User clicked ButtonpuB_connect.
16:37:08	 : -------------------End-------------------.
16:37:33	INFO : |SYSYEM| Model folder exist.
16:37:59	INFO : User clicked Button puB_next.
16:38:00	INFO : User changed pattern to 2.
16:38:01	INFO : User clicled Button puB_pre.
16:38:01	INFO : User changed pattern to 1.
16:38:04	INFO : User clicked Button puB_next.
16:38:04	INFO : User changed pattern to 2.
16:38:07	INFO : User clicked Button puB_next.
16:38:07	INFO : User changed pattern to 3.
16:38:43	INFO : |SYSYEM| Model folder exist.
16:38:49	INFO : User clicked Button puB_next.
16:38:49	INFO : User changed pattern to 2.
16:39:37	INFO : |SYSYEM| Model folder exist.
16:39:47	INFO : User clicked Button puB_next.
16:39:47	INFO : User changed pattern to 1.
16:39:48	INFO : User clicled Button puB_pre.
16:39:48	INFO : User changed pattern to 1.
16:39:52	INFO : User clicked Button puB_next.
16:39:52	INFO : User changed pattern to 1.
16:39:53	INFO : User clicled Button puB_pre.
16:39:53	INFO : User changed pattern to 1.
16:44:00	 : -------------------End-------------------.
16:44:19	INFO : |SYSYEM| Model folder exist.
16:46:39	 : -------------------End-------------------.
16:46:53	INFO : |SYSYEM| Model folder exist.
16:47:48	INFO : User clicked Button puB_next.
16:47:48	INFO : User changed pattern to 2.
16:48:23	INFO : |SYSYEM| Model folder exist.
16:51:23	INFO : |SYSYEM| Model folder exist.
16:52:14	 : -------------------End-------------------.
16:53:20	INFO : |SYSYEM| Model folder exist.
16:53:57	 : -------------------End-------------------.
16:54:11	INFO : |SYSYEM| Model folder exist.
16:56:10	INFO : |SYSYEM| Model folder exist.
16:56:19	INFO : |SYSYEM| Model folder exist.
16:56:47	INFO : |SYSYEM| Model folder exist.
16:59:35	 : -------------------End-------------------.
17:01:10	 : -------------------End-------------------.
17:01:13	INFO : |SYSYEM| Model folder exist.
17:01:40	 : -------------------End-------------------.
17:03:26	INFO : |SYSYEM| Model folder exist.
17:03:44	 : -------------------End-------------------.
17:04:23	INFO : |SYSYEM| Model folder exist.
17:04:32	INFO : User clicked ButtonpuB_connect.
17:04:33	INFO : User sent Message'RD R215'.
17:04:33	INFO : User sent Message'WR DM200 1'.
17:04:33	INFO : Received message OK.
17:04:33	INFO : User sent Message'RD R212'.
17:04:33	INFO : Received message 1.
17:04:34	INFO : User sent Message'RD R215'.
17:04:34	INFO : User sent Message'WR DM200 2'.
17:04:34	INFO : Received message OK.
17:04:35	INFO : User sent Message'RD R215'.
17:04:35	INFO : User sent Message'WR DM200 3'.
17:04:35	INFO : Received message OK.
17:04:50	INFO : User clicked ButtonpuB_connect.
17:04:50	INFO : User sent Message'RD R212'.
17:04:50	INFO : Received message 1.
17:04:51	INFO : User sent Message'RD R215'.
17:04:51	INFO : User sent Message'WR DM200 1'.
17:04:51	INFO : Received message OK.
17:04:52	INFO : User sent Message'RD R215'.
17:04:52	INFO : User sent Message'WR DM200 2'.
17:04:52	INFO : Received message OK.
17:04:53	INFO : User sent Message'RD R215'.
17:04:53	INFO : User sent Message'WR DM200 3'.
17:04:53	INFO : Received message OK.
17:04:54	INFO : User sent Message'RD R215'.
17:04:54	INFO : User sent Message'WR DM200 4'.
17:04:54	INFO : Received message OK.
17:04:55	INFO : User sent Message'RD R215'.
17:04:55	INFO : User sent Message'WR DM200 5'.
17:04:55	INFO : Received message OK.
17:04:56	INFO : User sent Message'RD R215'.
17:04:56	INFO : User sent Message'WR DM200 6'.
17:04:56	INFO : Received message OK.
17:04:57	INFO : User sent Message'RD R215'.
17:04:57	INFO : User sent Message'WR DM200 7'.
17:04:57	INFO : Received message OK.
17:06:57	 : -------------------End-------------------.
17:08:00	INFO : |SYSYEM| Model folder exist.
17:08:06	INFO : User clicked ButtonpuB_connect.
17:08:06	INFO : User sent Message'RD R212'.
17:08:06	INFO : Received message 1.
17:08:07	INFO : User sent Message'RD R215'.
17:08:07	INFO : User sent Message'WR DM200 1'.
17:08:07	INFO : Received message OK.
17:08:08	INFO : User sent Message'RD R215'.
17:08:08	INFO : User sent Message'WR DM200 2'.
17:08:08	INFO : Received message OK.
17:08:09	INFO : User sent Message'RD R215'.
17:08:09	INFO : User sent Message'WR DM200 3'.
17:08:09	INFO : Received message OK.
17:08:10	INFO : User sent Message'RD R215'.
17:08:10	INFO : User sent Message'WR DM200 4'.
17:08:10	INFO : Received message OK.
17:08:10	WARNING : Socket The remote host closed the connection.
17:08:40	INFO : User clicked ButtonpuB_connect.
17:08:40	INFO : User sent Message'RD R212'.
17:08:40	INFO : Received message 1.
17:08:41	INFO : User sent Message'RD R215'.
17:08:41	INFO : User sent Message'WR DM200 1'.
17:08:41	INFO : Received message OK.
17:08:42	INFO : User sent Message'RD R215'.
17:08:42	INFO : User sent Message'WR DM200 2'.
17:08:42	INFO : Received message OK.
17:08:42	WARNING : Socket The remote host closed the connection.
17:08:42	WARNING : Socket The remote host closed the connection.
17:19:40	 : -------------------End-------------------.
