08:34:43	INFO : |SYSTEM| New .log file create.
08:34:43	INFO : |SYSYEM| Model folder exist.
08:35:06	 : -------------------End-------------------.
09:19:20	INFO : |SYSTEM| New .log file create.
09:19:20	INFO : |SYSYEM| Model folder exist.
09:19:45	 : -------------------End-------------------.
09:27:21	INFO : |SYSTEM| New .log file create.
09:27:21	INFO : |SYSYEM| Model folder exist.
09:29:27	INFO : |SYSTEM| New .log file create.
09:29:27	INFO : |SYSYEM| Model folder exist.
09:31:12	INFO : |SYSTEM| New .log file create.
09:31:12	INFO : |SYSYEM| Model folder exist.
09:31:41	 : -------------------End-------------------.
09:35:21	INFO : |SYSTEM| New .log file create.
09:35:21	INFO : |SYSYEM| Model folder exist.
09:35:31	INFO : |SYSYEM| Model folder exist.
09:35:38	 : -------------------End-------------------.
09:39:55	INFO : |SYSTEM| New .log file create.
09:39:55	INFO : |SYSYEM| Model folder exist.
09:39:59	INFO : User clicked Button puB_next.
09:39:59	INFO : User changed pattern to 2.
09:40:00	INFO : User clicked Button puB_next.
09:40:00	INFO : User changed pattern to 3.
09:40:01	INFO : User clicked Button puB_next.
09:40:01	INFO : User changed pattern to 1.
09:40:01	INFO : User clicked Button puB_next.
09:40:02	INFO : User changed pattern to 2.
09:40:02	INFO : User clicked Button puB_next.
09:40:02	INFO : User changed pattern to 3.
09:40:02	INFO : User clicked Button puB_next.
09:40:02	INFO : User changed pattern to 1.
09:40:03	INFO : User clicked Button puB_next.
09:40:03	INFO : User changed pattern to 2.
09:40:03	INFO : User clicked Button puB_next.
09:40:03	INFO : User changed pattern to 3.
09:40:04	 : -------------------End-------------------.
10:05:00	INFO : |SYSTEM| New .log file create.
10:05:00	INFO : |SYSYEM| Model folder exist.
10:05:08	INFO : |SYSYEM| Model folder exist.
10:08:47	INFO : |SYSTEM| New .log file create.
10:08:47	INFO : |SYSYEM| Model folder exist.
10:09:10	INFO : |SYSTEM| New .log file create.
10:09:10	INFO : |SYSYEM| Model folder exist.
10:09:15	INFO : |SYSYEM| Model folder exist.
10:09:17	INFO : |SYSYEM| Model folder exist.
10:09:21	INFO : |SYSYEM| Model folder exist.
10:09:23	INFO : |SYSYEM| Model folder exist.
10:09:36	INFO : |SYSYEM| Model folder exist.
10:09:37	INFO : |SYSYEM| Model folder exist.
10:09:38	INFO : |SYSYEM| Model folder exist.
10:09:40	INFO : |SYSYEM| Model folder exist.
10:09:44	INFO : |SYSYEM| Model folder exist.
10:11:52	INFO : |SYSTEM| New .log file create.
10:11:52	INFO : |SYSYEM| Model folder exist.
10:14:00	INFO : |SYSTEM| New .log file create.
10:14:00	INFO : |SYSYEM| Model folder exist.
10:14:10	INFO : |SYSYEM| Model folder exist.
10:14:15	INFO : |SYSYEM| Model folder exist.
10:14:16	INFO : |SYSYEM| Model folder exist.
10:14:17	INFO : |SYSYEM| Model folder exist.
10:14:18	INFO : |SYSYEM| Model folder exist.
10:14:20	 : -------------------End-------------------.
10:14:37	INFO : |SYSTEM| New .log file create.
10:14:37	INFO : |SYSYEM| Model folder exist.
10:14:58	INFO : |SYSYEM| Model folder exist.
10:14:59	INFO : |SYSYEM| Model folder exist.
10:15:00	INFO : |SYSYEM| Model folder exist.
10:15:07	 : -------------------End-------------------.
10:17:21	INFO : |SYSTEM| New .log file create.
10:17:21	INFO : |SYSYEM| Model folder exist.
10:17:33	INFO : |SYSYEM| Model folder exist.
10:17:52	 : -------------------End-------------------.
10:18:21	INFO : |SYSTEM| New .log file create.
10:18:21	INFO : |SYSYEM| Model folder exist.
10:18:44	INFO : |SYSYEM| Model folder exist.
10:19:55	 : -------------------End-------------------.
10:21:34	INFO : |SYSTEM| New .log file create.
10:21:34	INFO : |SYSYEM| Model folder exist.
10:21:58	INFO : |SYSYEM| Model folder exist.
10:23:46	 : -------------------End-------------------.
10:29:28	INFO : |SYSTEM| New .log file create.
10:29:28	INFO : |SYSYEM| Model folder exist.
10:31:05	 : -------------------End-------------------.
10:31:22	INFO : |SYSTEM| New .log file create.
10:31:22	INFO : |SYSYEM| Model folder exist.
10:35:50	 : -------------------End-------------------.
10:37:00	INFO : |SYSTEM| New .log file create.
10:37:00	INFO : |SYSYEM| Model folder exist.
10:37:56	INFO : |SYSYEM| Model folder exist.
10:38:00	INFO : |SYSYEM| Model folder exist.
10:38:01	INFO : |SYSYEM| Model folder exist.
10:38:09	 : -------------------End-------------------.
10:42:35	INFO : |SYSTEM| New .log file create.
10:42:35	INFO : |SYSYEM| Model folder exist.
10:42:57	INFO : |SYSYEM| Model folder exist.
10:44:07	 : -------------------End-------------------.
10:44:57	INFO : |SYSTEM| New .log file create.
10:44:57	INFO : |SYSYEM| Model folder exist.
10:46:32	 : -------------------End-------------------.
10:46:48	INFO : |SYSTEM| New .log file create.
10:46:48	INFO : |SYSYEM| Model folder exist.
10:46:53	INFO : |SYSYEM| Model folder exist.
10:46:54	INFO : |SYSYEM| Model folder exist.
10:46:55	INFO : |SYSYEM| Model folder exist.
10:46:56	INFO : |SYSYEM| Model folder exist.
10:47:03	INFO : |SYSYEM| Model folder exist.
10:47:05	INFO : |SYSYEM| Model folder exist.
10:47:06	INFO : |SYSYEM| Model folder exist.
10:47:07	INFO : |SYSYEM| Model folder exist.
10:47:08	INFO : |SYSYEM| Model folder exist.
10:47:09	INFO : |SYSYEM| Model folder exist.
10:47:10	INFO : |SYSYEM| Model folder exist.
10:47:11	INFO : |SYSYEM| Model folder exist.
10:47:16	INFO : |SYSYEM| Model folder exist.
10:47:23	INFO : |SYSYEM| Model folder exist.
10:47:33	INFO : |SYSYEM| Model folder exist.
10:47:39	 : -------------------End-------------------.
10:50:53	INFO : |SYSTEM| New .log file create.
10:50:53	INFO : |SYSYEM| Model folder exist.
10:51:09	INFO : |SYSYEM| Model folder exist.
10:51:10	INFO : |SYSYEM| Model folder exist.
10:51:11	INFO : |SYSYEM| Model folder exist.
10:51:19	INFO : |SYSYEM| Model folder exist.
10:51:21	INFO : |SYSYEM| Model folder exist.
10:51:54	 : -------------------End-------------------.
10:56:45	INFO : |SYSTEM| New .log file create.
10:56:45	INFO : |SYSYEM| Model folder exist.
10:56:55	INFO : |SYSYEM| Model folder exist.
10:57:30	INFO : |SYSYEM| Model folder exist.
10:57:31	INFO : |SYSYEM| Model folder exist.
10:57:32	INFO : |SYSYEM| Model folder exist.
10:57:34	INFO : |SYSYEM| Model folder exist.
10:57:37	INFO : |SYSYEM| Model folder exist.
10:57:40	INFO : |SYSYEM| Model folder exist.
10:57:44	INFO : |SYSYEM| Model folder exist.
10:57:46	INFO : |SYSYEM| Model folder exist.
11:00:41	INFO : |SYSTEM| New .log file create.
11:00:41	INFO : |SYSYEM| Model folder exist.
11:00:52	INFO : |SYSYEM| Model folder exist.
11:01:07	INFO : |SYSYEM| Model folder exist.
11:02:05	INFO : |SYSTEM| New .log file create.
11:02:05	INFO : |SYSYEM| Model folder exist.
11:02:06	 : -------------------End-------------------.
11:02:11	INFO : |SYSYEM| Model folder exist.
11:03:18	 : -------------------End-------------------.
11:06:21	INFO : |SYSTEM| New .log file create.
11:06:21	INFO : |SYSYEM| Model folder exist.
11:06:24	INFO : |SYSYEM| Model folder exist.
11:07:19	INFO : |SYSTEM| New .log file create.
11:07:19	INFO : |SYSYEM| Model folder exist.
11:07:22	INFO : |SYSYEM| Model folder exist.
11:14:47	INFO : |SYSTEM| New .log file create.
11:14:47	INFO : |SYSYEM| Model folder exist.
11:14:50	INFO : |SYSYEM| Model folder exist.
11:16:58	INFO : |SYSTEM| New .log file create.
11:16:59	INFO : |SYSYEM| Model folder exist.
11:17:02	INFO : |SYSYEM| Model folder exist.
11:23:56	INFO : |SYSTEM| New .log file create.
11:23:56	INFO : |SYSYEM| Model folder exist.
11:23:59	INFO : |SYSYEM| Model folder exist.
11:24:00	INFO : |SYSYEM| Model folder exist.
11:27:27	INFO : |SYSTEM| New .log file create.
11:27:27	INFO : |SYSYEM| Model folder exist.
11:27:32	INFO : |SYSYEM| Model folder exist.
11:27:40	 : -------------------End-------------------.
11:32:37	INFO : |SYSTEM| New .log file create.
11:32:37	INFO : |SYSYEM| Model folder exist.
11:32:40	INFO : |SYSYEM| Model folder exist.
11:32:40	INFO : |SYSYEM| Model folder exist.
11:33:03	INFO : |SYSTEM| New .log file create.
11:33:03	INFO : |SYSYEM| Model folder exist.
11:33:08	INFO : |SYSYEM| Model folder exist.
11:36:58	INFO : |SYSTEM| New .log file create.
11:36:58	INFO : |SYSYEM| Model folder exist.
11:37:01	INFO : |SYSYEM| Model folder exist.
11:37:02	INFO : |SYSYEM| Model folder exist.
11:37:04	INFO : |SYSYEM| Model folder exist.
11:37:05	 : -------------------End-------------------.
11:39:05	INFO : |SYSTEM| New .log file create.
11:39:05	INFO : |SYSYEM| Model folder exist.
11:39:11	INFO : |SYSYEM| Model folder exist.
11:41:31	INFO : |SYSTEM| New .log file create.
11:41:31	INFO : |SYSYEM| Model folder exist.
11:41:40	INFO : |SYSYEM| Model folder exist.
11:42:04	INFO : |SYSYEM| Model folder exist.
11:42:07	INFO : |SYSYEM| Model folder exist.
11:44:23	 : -------------------End-------------------.
11:44:24	INFO : |SYSTEM| New .log file create.
11:44:24	INFO : |SYSYEM| Model folder exist.
11:44:32	INFO : |SYSYEM| Model folder exist.
11:45:09	 : -------------------End-------------------.
11:47:27	INFO : |SYSTEM| New .log file create.
11:47:27	INFO : |SYSYEM| Model folder exist.
11:47:32	INFO : |SYSYEM| Model folder exist.
11:47:59	 : -------------------End-------------------.
11:48:26	INFO : |SYSTEM| New .log file create.
11:48:26	INFO : |SYSYEM| Model folder exist.
11:48:30	INFO : |SYSYEM| Model folder exist.
11:49:26	INFO : |SYSTEM| New .log file create.
11:49:26	INFO : |SYSYEM| Model folder exist.
11:49:31	INFO : |SYSYEM| Model folder exist.
11:50:38	INFO : |SYSTEM| New .log file create.
11:50:38	INFO : |SYSYEM| Model folder exist.
13:06:13	INFO : |SYSYEM| Model folder exist.
13:09:08	INFO : |SYSTEM| New .log file create.
13:09:08	INFO : |SYSYEM| Model folder exist.
13:09:16	INFO : |SYSTEM| New .log file create.
13:09:16	INFO : |SYSYEM| Model folder exist.
13:09:20	INFO : |SYSYEM| Model folder exist.
13:10:11	 : -------------------End-------------------.
13:10:12	INFO : |SYSTEM| New .log file create.
13:10:12	INFO : |SYSYEM| Model folder exist.
13:10:19	INFO : |SYSYEM| Model folder exist.
13:10:34	INFO : |SYSTEM| New .log file create.
13:10:34	INFO : |SYSYEM| Model folder exist.
13:10:37	INFO : |SYSYEM| Model folder exist.
13:11:09	 : -------------------End-------------------.
13:11:23	INFO : |SYSTEM| New .log file create.
13:11:23	INFO : |SYSYEM| Model folder exist.
13:11:27	INFO : |SYSYEM| Model folder exist.
13:15:55	INFO : |SYSTEM| New .log file create.
13:15:55	INFO : |SYSYEM| Model folder exist.
13:16:00	INFO : |SYSYEM| Model folder exist.
13:17:34	 : -------------------End-------------------.
13:18:53	INFO : |SYSTEM| New .log file create.
13:18:53	INFO : |SYSYEM| Model folder exist.
13:18:57	INFO : |SYSYEM| Model folder exist.
13:20:24	INFO : |SYSTEM| New .log file create.
13:20:24	INFO : |SYSYEM| Model folder exist.
13:20:27	INFO : |SYSYEM| Model folder exist.
13:20:56	INFO : |SYSTEM| New .log file create.
13:20:56	INFO : |SYSYEM| Model folder exist.
13:21:01	INFO : |SYSYEM| Model folder exist.
13:22:48	INFO : |SYSYEM| Model folder exist.
13:22:49	INFO : |SYSYEM| Model folder exist.
13:22:50	INFO : |SYSYEM| Model folder exist.
13:22:55	INFO : |SYSTEM| New .log file create.
13:22:55	INFO : |SYSYEM| Model folder exist.
13:23:00	INFO : |SYSYEM| Model folder exist.
13:25:35	INFO : |SYSTEM| New .log file create.
13:25:35	INFO : |SYSYEM| Model folder exist.
13:25:38	INFO : |SYSYEM| Model folder exist.
13:25:38	INFO : |SYSYEM| Model folder exist.
13:27:05	 : -------------------End-------------------.
13:27:20	INFO : |SYSTEM| New .log file create.
13:27:20	INFO : |SYSYEM| Model folder exist.
13:27:39	INFO : |SYSYEM| Model folder exist.
13:27:40	INFO : |SYSYEM| Model folder exist.
13:27:41	INFO : |SYSYEM| Model folder exist.
13:27:41	INFO : |SYSYEM| Model folder exist.
13:27:51	INFO : |SYSYEM| Model folder exist.
13:27:52	INFO : |SYSYEM| Model folder exist.
13:28:19	 : -------------------End-------------------.
13:28:21	INFO : |SYSTEM| New .log file create.
13:28:21	INFO : |SYSYEM| Model folder exist.
13:28:34	 : -------------------End-------------------.
13:33:20	INFO : |SYSTEM| New .log file create.
13:33:20	INFO : |SYSYEM| Model folder exist.
13:33:38	 : -------------------End-------------------.
13:37:22	INFO : |SYSTEM| New .log file create.
13:37:22	INFO : |SYSYEM| Model folder exist.
13:39:16	 : -------------------End-------------------.
13:39:31	INFO : |SYSTEM| New .log file create.
13:39:31	INFO : |SYSYEM| Model folder exist.
13:39:42	 : -------------------End-------------------.
13:43:41	INFO : |SYSTEM| New .log file create.
13:43:41	INFO : |SYSYEM| Model folder exist.
13:43:56	 : -------------------End-------------------.
13:44:46	INFO : |SYSTEM| New .log file create.
13:44:46	INFO : |SYSYEM| Model folder exist.
13:45:02	INFO : |SYSYEM| Model folder exist.
13:45:05	INFO : |SYSYEM| Model folder exist.
13:45:30	INFO : |SYSYEM| Model folder exist.
13:46:54	 : -------------------End-------------------.
13:52:57	INFO : |SYSTEM| New .log file create.
13:52:57	INFO : |SYSYEM| Model folder exist.
13:53:03	 : -------------------End-------------------.
13:54:02	INFO : |SYSTEM| New .log file create.
13:54:02	INFO : |SYSYEM| Model folder exist.
13:54:29	INFO : |SYSYEM| Model folder exist.
13:54:50	 : -------------------End-------------------.
14:00:30	INFO : |SYSTEM| New .log file create.
14:00:30	INFO : |SYSYEM| Model folder exist.
14:00:34	INFO : |SYSYEM| Model folder exist.
14:00:44	INFO : |SYSYEM| Model folder exist.
14:00:45	INFO : |SYSYEM| Model folder exist.
14:00:46	INFO : |SYSYEM| Model folder exist.
14:00:47	INFO : |SYSYEM| Model folder exist.
14:00:48	INFO : |SYSYEM| Model folder exist.
14:00:48	INFO : |SYSYEM| Model folder exist.
14:01:00	INFO : |SYSYEM| Model folder exist.
14:02:37	INFO : |SYSYEM| Model folder exist.
14:02:40	INFO : |SYSYEM| Model folder exist.
14:02:41	INFO : |SYSYEM| Model folder exist.
14:02:47	INFO : |SYSYEM| Model folder exist.
14:02:49	INFO : |SYSYEM| Model folder exist.
14:04:24	INFO : |SYSYEM| Model folder exist.
14:13:52	 : -------------------End-------------------.
14:15:21	INFO : |SYSTEM| New .log file create.
14:15:21	INFO : |SYSYEM| Model folder exist.
14:15:34	INFO : |SYSYEM| Model folder exist.
14:15:44	 : -------------------End-------------------.
14:16:24	INFO : |SYSTEM| New .log file create.
14:16:24	INFO : |SYSYEM| Model folder exist.
14:16:37	INFO : |SYSYEM| Model folder exist.
14:16:39	INFO : |SYSYEM| Model folder exist.
14:16:39	INFO : |SYSYEM| Model folder exist.
14:22:21	 : -------------------End-------------------.
14:23:09	INFO : |SYSTEM| New .log file create.
14:23:09	INFO : |SYSYEM| Model folder exist.
14:23:15	INFO : |SYSYEM| Model folder exist.
14:24:23	 : -------------------End-------------------.
14:24:37	INFO : |SYSTEM| New .log file create.
14:24:37	INFO : |SYSYEM| Model folder exist.
14:24:44	INFO : |SYSYEM| Model folder exist.
14:26:05	 : -------------------End-------------------.
14:30:15	INFO : |SYSTEM| New .log file create.
14:30:15	INFO : |SYSYEM| Model folder exist.
14:30:19	 : -------------------End-------------------.
14:30:38	INFO : |SYSTEM| New .log file create.
14:30:38	INFO : |SYSYEM| Model folder exist.
14:30:50	INFO : |SYSYEM| Model folder exist.
14:31:02	INFO : |SYSYEM| Model folder exist.
14:31:07	INFO : |SYSYEM| Model folder exist.
14:31:14	 : -------------------End-------------------.
14:33:03	INFO : |SYSTEM| New .log file create.
14:33:03	INFO : |SYSYEM| Model folder exist.
14:33:09	INFO : |SYSYEM| Model folder exist.
14:33:23	 : -------------------End-------------------.
14:35:16	INFO : |SYSTEM| New .log file create.
14:35:16	INFO : |SYSYEM| Model folder exist.
14:35:30	INFO : |SYSYEM| Model folder exist.
14:35:40	 : -------------------End-------------------.
14:35:43	INFO : |SYSTEM| New .log file create.
14:35:43	INFO : |SYSYEM| Model folder exist.
14:36:15	INFO : |SYSYEM| Model folder exist.
14:36:39	INFO : |SYSYEM| Model folder exist.
14:36:41	INFO : |SYSYEM| Model folder exist.
14:36:50	INFO : |SYSYEM| Model folder exist.
14:36:57	INFO : |SYSYEM| Model folder exist.
14:37:00	INFO : |SYSYEM| Model folder exist.
14:37:01	 : -------------------End-------------------.
14:37:45	INFO : |SYSTEM| New .log file create.
14:37:45	INFO : |SYSYEM| Model folder exist.
14:37:51	INFO : |SYSYEM| Model folder exist.
14:37:58	INFO : |SYSYEM| Model folder exist.
14:38:05	INFO : |SYSYEM| Model folder exist.
14:38:08	INFO : |SYSYEM| Model folder exist.
14:38:29	 : -------------------End-------------------.
14:44:17	INFO : |SYSTEM| New .log file create.
14:44:17	INFO : |SYSYEM| Model folder exist.
14:44:29	 : -------------------End-------------------.
14:44:51	INFO : |SYSTEM| New .log file create.
14:44:51	INFO : |SYSYEM| Model folder exist.
14:45:05	 : -------------------End-------------------.
15:02:41	INFO : |SYSTEM| New .log file create.
15:02:41	INFO : |SYSYEM| Model folder exist.
15:06:52	 : -------------------End-------------------.
15:12:06	INFO : |SYSTEM| New .log file create.
15:12:06	INFO : |SYSYEM| Model folder exist.
15:12:18	 : -------------------End-------------------.
15:39:53	INFO : |SYSTEM| New .log file create.
15:39:53	INFO : |SYSYEM| Model folder exist.
15:40:24	 : -------------------End-------------------.
15:40:37	INFO : |SYSTEM| New .log file create.
15:40:37	INFO : |SYSYEM| Model folder exist.
15:40:47	 : -------------------End-------------------.
15:42:32	INFO : |SYSTEM| New .log file create.
15:42:32	INFO : |SYSYEM| Model folder exist.
15:42:54	 : -------------------End-------------------.
15:47:08	INFO : |SYSTEM| New .log file create.
15:47:08	INFO : |SYSYEM| Model folder exist.
15:48:44	 : -------------------End-------------------.
15:48:58	INFO : |SYSTEM| New .log file create.
15:48:58	INFO : |SYSYEM| Model folder exist.
15:49:22	INFO : |SYSYEM| Model folder exist.
15:50:09	 : -------------------End-------------------.
15:51:31	INFO : |SYSTEM| New .log file create.
15:51:31	INFO : |SYSYEM| Model folder exist.
15:53:36	 : -------------------End-------------------.
15:54:21	INFO : |SYSTEM| New .log file create.
15:54:21	INFO : |SYSYEM| Model folder exist.
15:54:26	 : -------------------End-------------------.
16:00:38	INFO : |SYSTEM| New .log file create.
16:00:38	INFO : |SYSYEM| Model folder exist.
16:01:08	INFO : |SYSYEM| Model folder exist.
16:01:33	 : -------------------End-------------------.
16:02:46	INFO : |SYSTEM| New .log file create.
16:02:46	INFO : |SYSYEM| Model folder exist.
16:02:50	 : -------------------End-------------------.
16:02:55	INFO : |SYSTEM| New .log file create.
16:02:55	INFO : |SYSYEM| Model folder exist.
16:03:01	INFO : |SYSYEM| Model folder exist.
16:06:02	INFO : |SYSYEM| Model folder exist.
16:08:59	 : -------------------End-------------------.
16:09:46	INFO : |SYSTEM| New .log file create.
16:09:46	INFO : |SYSYEM| Model folder exist.
16:09:56	INFO : |SYSYEM| Model folder exist.
16:10:28	INFO : |SYSYEM| Model folder exist.
16:10:29	INFO : |SYSYEM| Model folder exist.
16:11:41	INFO : |SYSYEM| Model folder exist.
16:12:05	 : -------------------End-------------------.
16:21:07	INFO : |SYSTEM| New .log file create.
16:21:07	INFO : |SYSYEM| Model folder exist.
16:22:20	 : -------------------End-------------------.
16:24:46	INFO : |SYSTEM| New .log file create.
16:24:46	INFO : |SYSYEM| Model folder exist.
16:34:03	 : -------------------End-------------------.
17:05:49	INFO : |SYSTEM| New .log file create.
17:05:49	INFO : |SYSYEM| Model folder exist.
17:05:54	INFO : |SYSYEM| Model folder exist.
17:05:57	INFO : |SYSYEM| Model folder exist.
17:06:34	INFO : User clicked ButtonpuB_connect.
17:06:34	INFO : User sent Message'RD R212'.
17:06:41	INFO : Received message 1.
17:06:47	INFO : User clicked Button puB_start.
17:06:55	INFO : User clicked Button puB_start.
17:06:59	INFO : Received message 1.
17:07:00	INFO : Received message 1.
17:07:05	INFO : User clicked Button puB_start.
17:07:05	INFO : User clicked Button puB_start.
17:07:06	INFO : User clicked Button puB_start.
17:07:13	INFO : User clicked Button puB_start.
17:07:13	INFO : User clicked Button puB_start.
17:07:14	INFO : User clicked Button puB_start.
17:07:14	INFO : User clicked Button puB_start.
17:07:41	INFO : User clicked Button puB_start.
17:07:41	INFO : User clicked Button puB_start.
17:07:42	INFO : User clicked Button puB_start.
17:07:42	INFO : User clicked Button puB_start.
17:07:42	INFO : User clicked Button puB_start.
17:07:54	INFO : User clicked Button puB_write.
17:07:54	INFO : User sent Message'WRS R200 10 0 0 0 0 0 0 0 0 0 0'.
17:08:02	INFO : User clicked Button puB_write.
17:08:02	INFO : User sent Message'WRS R200 10 1 0 0 0 0 0 0 0 0 0'.
17:08:06	INFO : Received message OK.
17:08:06	INFO : User sent Message'WR DM200 91'.
17:08:21	WARNING : Socket The remote host closed the connection.
17:08:22	 : -------------------End-------------------.
17:08:50	INFO : |SYSTEM| New .log file create.
17:08:50	INFO : |SYSYEM| Model folder exist.
17:09:06	INFO : User clicked ButtonpuB_connect.
17:09:06	INFO : User sent Message'RD R212'.
17:09:10	INFO : Received message 1.
17:09:10	INFO : User sent Message'WR R200 1'.
17:09:12	INFO : User clicked Button puB_start.
17:09:12	INFO : User sent Message'WR R200 1'.
17:09:15	INFO : Received message OK.
17:09:15	INFO : User sent Message'RD R201'.
17:09:16	INFO : User clicked ButtonpuB_connect.
17:09:19	INFO : User clicked ButtonpuB_connect.
17:09:19	INFO : User sent Message'RD R212'.
17:09:19	INFO : User sent Message'RD R212'.
17:09:19	INFO : User sent Message'RD R212'.
17:09:22	INFO : Received message 1.
17:09:22	INFO : User sent Message'WR R200 1'.
17:09:24	INFO : User clicked Button puB_start.
17:09:24	INFO : User sent Message'WR R200 1'.
17:09:27	INFO : Received message OK.
17:09:27	INFO : User sent Message'RD R201'.
17:09:28	INFO : User sent Message'RD R201'.
17:09:29	INFO : User sent Message'RD R201'.
17:09:30	INFO : User sent Message'RD R201'.
17:09:31	INFO : Received message 1.
17:09:31	INFO : Edge reset R200 and R201.
17:09:31	INFO : User sent Message'WRS R200 2 0 0'.
17:09:34	INFO : Received message OK.
17:09:34	INFO : User sent Message'WR DM202 1'.
17:09:40	INFO : Received message OK.
17:09:40	INFO : User sent Message'WR R202 1'.
17:09:43	INFO : Received message OK.
17:09:44	INFO : User sent Message'RD R203'.
17:09:45	INFO : User sent Message'RD R203'.
17:09:46	INFO : User sent Message'RD R203'.
17:09:47	INFO : User sent Message'RD R203'.
17:09:47	INFO : Received message 1.
17:09:47	INFO : Edge reset R202 and R203.
17:09:47	INFO : User sent Message'WRS R202 2 0 0'.
17:09:53	INFO : User clicked ButtonpuB_connect.
17:09:56	INFO : |SYSYEM| Model folder exist.
17:09:57	INFO : |SYSYEM| Model folder exist.
17:10:00	INFO : User clicked ButtonpuB_connect.
17:10:00	INFO : User sent Message'RD R212'.
17:10:00	INFO : User sent Message'RD R212'.
17:10:00	INFO : User sent Message'RD R212'.
17:10:00	INFO : User sent Message'RD R212'.
17:10:00	INFO : User sent Message'RD R212'.
17:10:04	WARNING : Socket The remote host closed the connection.
17:10:04	WARNING : Socket The remote host closed the connection.
17:10:04	WARNING : Socket The remote host closed the connection.
17:10:04	WARNING : Socket The remote host closed the connection.
17:10:04	WARNING : Socket The remote host closed the connection.
17:10:06	INFO : User clicked ButtonpuB_connect.
17:10:06	INFO : User sent Message'RD R212'.
17:10:06	INFO : User sent Message'RD R212'.
17:10:06	INFO : User sent Message'RD R212'.
17:10:06	INFO : User sent Message'RD R212'.
17:10:06	INFO : User sent Message'RD R212'.
17:10:06	INFO : User sent Message'RD R212'.
17:10:09	INFO : Received message 1.
17:10:09	INFO : User sent Message'WR R200 1'.
17:10:10	INFO : User clicked Button puB_start.
17:10:10	INFO : User sent Message'WR R200 1'.
17:10:10	INFO : User sent Message'WR R200 1'.
17:10:12	INFO : Received message OK.
17:10:13	INFO : User sent Message'RD R201'.
17:10:14	INFO : User sent Message'RD R201'.
17:10:14	INFO : Received message 1.
17:10:14	INFO : Edge reset R200 and R201.
17:10:14	INFO : User sent Message'WRS R200 2 0 0'.
17:10:16	INFO : Received message OK.
17:10:16	INFO : User sent Message'WR DM202 1'.
17:10:18	INFO : Received message OK.
17:10:18	INFO : User sent Message'WR R202 1'.
17:10:21	INFO : Received message OK.
17:10:21	INFO : User sent Message'RD R203'.
17:10:22	INFO : User sent Message'RD R203'.
17:10:23	INFO : User sent Message'RD R203'.
17:10:23	INFO : Received message 1.
17:10:23	INFO : Edge reset R202 and R203.
17:10:23	INFO : User sent Message'WRS R202 2 0 0'.
17:10:44	 : -------------------End-------------------.
17:10:56	INFO : |SYSTEM| New .log file create.
17:10:56	INFO : |SYSYEM| Model folder exist.
17:11:29	 : -------------------End-------------------.
17:11:58	INFO : |SYSTEM| New .log file create.
17:11:58	INFO : |SYSYEM| Model folder exist.
17:12:14	INFO : User clicked ButtonpuB_connect.
17:12:14	INFO : User sent Message'RD R212'.
17:12:24	INFO : Received message 1.
17:12:29	INFO : User clicked Button puB_start.
17:12:29	INFO : User sent Message'WR R200 1'.
17:12:34	INFO : Received message OK.
17:12:34	INFO : User sent Message'RD R201'.
17:12:35	INFO : User sent Message'RD R201'.
17:12:35	INFO : Received message 1.
17:12:35	INFO : Edge reset R200 and R201.
17:12:35	INFO : User sent Message'WRS R200 2 0 0'.
17:12:37	INFO : Received message OK.
17:12:37	INFO : User sent Message'WR DM202 1'.
17:12:42	INFO : Received message OK.
17:12:42	INFO : User sent Message'WR R202 1'.
17:12:47	INFO : Received message OK.
17:12:47	INFO : User sent Message'RD R203'.
17:12:48	INFO : User sent Message'RD R203'.
17:12:49	INFO : User sent Message'RD R203'.
17:12:50	INFO : User sent Message'RD R203'.
17:12:51	INFO : User sent Message'RD R203'.
17:12:52	INFO : User sent Message'RD R203'.
17:12:53	INFO : User sent Message'RD R203'.
17:12:53	INFO : User sent Message'RD R203'.
17:12:54	INFO : User sent Message'RD R203'.
17:12:55	INFO : User sent Message'RD R203'.
17:12:56	INFO : User sent Message'RD R203'.
17:12:57	INFO : User sent Message'RD R203'.
17:12:58	INFO : User sent Message'RD R203'.
17:12:59	INFO : User sent Message'RD R203'.
17:13:00	INFO : User sent Message'RD R203'.
17:13:01	INFO : User sent Message'RD R203'.
17:13:02	INFO : User sent Message'RD R203'.
17:13:02	INFO : User sent Message'RD R203'.
17:13:03	INFO : User sent Message'RD R203'.
17:13:04	INFO : User sent Message'RD R203'.
17:13:05	INFO : User sent Message'RD R203'.
17:13:06	INFO : User sent Message'RD R203'.
17:13:07	INFO : User sent Message'RD R203'.
17:13:08	INFO : User sent Message'RD R203'.
17:13:09	INFO : User sent Message'RD R203'.
17:13:10	INFO : User sent Message'RD R203'.
17:13:10	INFO : User clicked ButtonpuB_connect.
16:57:32	INFO : |SYSTEM| New .log file create.
16:57:32	INFO : |SYSYEM| Model folder exist.
08:17:19	INFO : User clicked ButtonpuB_connect.
08:18:11	 : -------------------End-------------------.
