08:23:02	INFO : New log file create.
08:23:54	 : -------------------End-------------------.
08:27:17	INFO : New log file create.
08:27:50	 : -------------------End-------------------.
08:29:10	INFO : New log file create.
08:29:26	 : -------------------End-------------------.
08:29:59	INFO : New log file create.
08:30:12	 : -------------------End-------------------.
08:32:23	INFO : New log file create.
08:32:42	 : -------------------End-------------------.
08:33:32	INFO : New log file create.
08:33:52	 : -------------------End-------------------.
08:34:12	INFO : New log file create.
08:34:28	 : -------------------End-------------------.
08:34:32	INFO : New log file create.
08:34:52	 : -------------------End-------------------.
08:35:50	INFO : New log file create.
08:37:02	 : -------------------End-------------------.
08:39:24	INFO : New log file create.
08:39:37	 : -------------------End-------------------.
08:40:51	INFO : New log file create.
08:41:04	 : -------------------End-------------------.
08:41:17	INFO : New log file create.
08:41:41	 : -------------------End-------------------.
08:42:09	INFO : New log file create.
08:42:23	 : -------------------End-------------------.
08:45:16	INFO : New log file create.
08:45:40	 : -------------------End-------------------.
08:46:39	INFO : New log file create.
08:47:01	 : -------------------End-------------------.
08:49:13	INFO : New log file create.
08:51:03	 : -------------------End-------------------.
08:51:33	INFO : New log file create.
08:51:53	 : -------------------End-------------------.
08:52:14	INFO : New log file create.
08:52:57	INFO : New log file create.
08:53:05	INFO : New log file create.
08:55:06	INFO : New log file create.
08:56:38	INFO : New log file create.
08:56:56	 : -------------------End-------------------.
08:58:16	INFO : New log file create.
08:58:28	 : -------------------End-------------------.
09:08:22	INFO : New log file create.
09:08:45	 : -------------------End-------------------.
09:22:29	INFO : New log file create.
09:23:17	 : -------------------End-------------------.
09:23:22	INFO : New log file create.
09:26:53	INFO : New log file create.
09:27:24	 : -------------------End-------------------.
09:27:28	INFO : New log file create.
09:29:42	 : -------------------End-------------------.
09:36:25	INFO : New log file create.
09:38:18	 : -------------------End-------------------.
09:38:24	INFO : New log file create.
09:39:33	 : -------------------End-------------------.
09:42:02	INFO : New log file create.
09:43:14	INFO : New log file create.
10:00:32	INFO : New log file create.
10:00:45	INFO : New log file create.
10:01:41	INFO : New log file create.
10:03:28	INFO : New log file create.
10:10:31	INFO : New log file create.
10:12:51	INFO : New log file create.
10:13:30	INFO : New log file create.
10:13:57	 : -------------------End-------------------.
10:16:15	INFO : New log file create.
10:16:32	 : -------------------End-------------------.
10:17:28	INFO : New log file create.
10:25:33	INFO : New log file create.
10:28:33	INFO : New log file create.
10:30:29	INFO : New log file create.
10:38:23	 : -------------------End-------------------.
10:38:32	INFO : New log file create.
10:53:35	 : -------------------End-------------------.
10:53:36	INFO : New log file create.
10:55:33	 : -------------------End-------------------.
10:55:36	INFO : New log file create.
10:56:30	 : -------------------End-------------------.
10:57:27	INFO : New log file create.
10:58:54	 : -------------------End-------------------.
11:01:44	INFO : New log file create.
11:03:53	 : -------------------End-------------------.
11:16:20	INFO : New log file create.
11:16:54	 : -------------------End-------------------.
13:39:05	INFO : New log file create.
13:39:13	 : -------------------End-------------------.
13:40:18	INFO : New log file create.
13:40:35	 : -------------------End-------------------.
13:41:02	INFO : New log file create.
13:41:10	 : -------------------End-------------------.
13:41:37	INFO : New log file create.
13:41:49	 : -------------------End-------------------.
13:42:23	INFO : New log file create.
13:42:30	 : -------------------End-------------------.
13:42:51	INFO : New log file create.
13:42:58	 : -------------------End-------------------.
13:43:30	INFO : New log file create.
13:43:34	 : -------------------End-------------------.
13:45:19	INFO : New log file create.
13:45:26	 : -------------------End-------------------.
13:50:32	INFO : New log file create.
13:51:08	 : -------------------End-------------------.
13:52:41	INFO : New log file create.
13:53:03	 : -------------------End-------------------.
13:53:27	INFO : New log file create.
13:53:39	 : -------------------End-------------------.
13:54:17	INFO : New log file create.
13:54:23	INFO : User changed pic2.
13:54:24	INFO : User changed pic2.
13:54:25	INFO : User changed pic2.
13:54:26	INFO : User changed pic2.
13:54:31	 : -------------------End-------------------.
13:56:45	INFO : New log file create.
13:56:51	INFO : User clicked Button puB_next.
13:56:51	INFO : User changed pattern to 2.
13:56:53	INFO : User clicked Button puB_next.
13:58:06	INFO : New log file create.
14:05:08	INFO : New log file create.
14:05:24	 : -------------------End-------------------.
14:05:43	 : -------------------End-------------------.
14:07:13	INFO : New log file create.
14:07:25	 : -------------------End-------------------.
14:07:47	INFO : New log file create.
14:07:54	 : -------------------End-------------------.
14:14:35	INFO : New log file create.
14:15:15	 : -------------------End-------------------.
14:15:41	INFO : New log file create.
14:15:52	 : -------------------End-------------------.
14:16:15	INFO : New log file create.
14:16:24	 : -------------------End-------------------.
14:17:59	INFO : New log file create.
14:18:06	 : -------------------End-------------------.
14:18:28	INFO : New log file create.
14:18:39	 : -------------------End-------------------.
14:24:24	INFO : New log file create.
14:24:57	 : -------------------End-------------------.
14:25:54	INFO : New log file create.
14:26:27	 : -------------------End-------------------.
14:29:44	INFO : New log file create.
14:29:47	 : -------------------End-------------------.
14:30:20	INFO : New log file create.
14:30:26	INFO : User clicked Button puB_next.
14:30:26	INFO : User changed pattern to 2.
14:30:27	 : -------------------End-------------------.
14:31:14	INFO : New log file create.
14:31:24	 : -------------------End-------------------.
14:32:47	INFO : New log file create.
14:33:03	INFO : User clicked Button puB_next.
14:33:03	INFO : User changed pattern to 2.
14:33:03	INFO : User clicked Button puB_next.
14:36:22	INFO : New log file create.
14:36:32	 : -------------------End-------------------.
14:36:53	INFO : New log file create.
14:37:39	 : -------------------End-------------------.
14:41:18	INFO : New log file create.
14:41:33	 : -------------------End-------------------.
14:42:38	INFO : New log file create.
14:42:40	 : -------------------End-------------------.
14:55:23	INFO : New log file create.
14:56:44	INFO : User clicked Button puB_next.
14:56:44	INFO : User changed pattern to 2.
14:56:47	INFO : User clicled Button puB_pre.
14:56:47	INFO : User changed pattern to 1.
14:56:53	 : -------------------End-------------------.
15:54:14	INFO : New log file create.
15:54:25	 : -------------------End-------------------.
15:58:40	INFO : New log file create.
15:59:33	INFO : User clicked Button puB_next.
15:59:33	INFO : User changed pattern to 2.
15:59:34	INFO : User clicled Button puB_pre.
15:59:34	INFO : User changed pattern to 1.
15:59:46	 : -------------------End-------------------.
