10:25:39	INFO : New log file create.
10:25:56	 : -------------------End-------------------.
10:31:35	INFO : New log file create.
10:31:43	INFO : User clicked Button puB_next.
10:31:43	INFO : User changed pattern to 2.
10:31:46	INFO : User clicled Button puB_pre.
10:31:46	INFO : User changed pattern to 1.
10:31:47	INFO : User clicled Button puB_pre.
10:31:47	INFO : User changed pattern to 3.
10:31:48	INFO : User clicled Button puB_pre.
10:31:48	INFO : User changed pattern to 2.
10:31:49	INFO : User clicked Button puB_next.
10:31:49	INFO : User changed pattern to 3.
10:34:08	INFO : User clicled Button puB_pre.
10:34:08	INFO : User changed pattern to 2.
10:34:08	INFO : User clicked Button puB_next.
10:34:08	INFO : User changed pattern to 3.
10:34:09	INFO : User clicked Button puB_next.
10:34:09	INFO : User changed pattern to 1.
10:34:09	INFO : User clicled Button puB_pre.
10:34:09	INFO : User changed pattern to 3.
10:34:12	 : -------------------End-------------------.
10:34:51	INFO : New log file create.
10:34:59	INFO : User clicked Button puB_next.
10:34:59	INFO : User changed pattern to 2.
10:35:00	INFO : User clicked Button puB_next.
10:35:00	INFO : User changed pattern to 3.
10:35:05	INFO : User clicled Button puB_pre.
10:35:05	INFO : User changed pattern to 2.
10:35:05	INFO : User clicked Button puB_next.
10:35:05	INFO : User changed pattern to 3.
10:35:08	 : -------------------End-------------------.
10:36:04	INFO : New log file create.
10:39:26	 : -------------------End-------------------.
10:42:16	INFO : New log file create.
10:42:46	INFO : User clicked Button puB_next.
10:42:46	INFO : User changed pattern to 2.
10:42:48	INFO : User clicked Button puB_next.
10:42:48	INFO : User changed pattern to 3.
10:42:49	INFO : User clicled Button puB_pre.
10:42:49	INFO : User changed pattern to 2.
10:42:49	INFO : User clicked Button puB_next.
10:42:49	INFO : User changed pattern to 3.
10:42:59	INFO : User clicled Button puB_pre.
10:42:59	INFO : User changed pattern to 2.
10:42:59	INFO : User clicled Button puB_pre.
10:42:59	INFO : User changed pattern to 1.
10:43:16	 : -------------------End-------------------.
10:48:04	INFO : New log file create.
10:48:18	 : -------------------End-------------------.
10:48:38	INFO : New log file create.
10:49:44	 : -------------------End-------------------.
11:03:36	INFO : New log file create.
11:04:40	 : -------------------End-------------------.
11:15:21	INFO : New log file create.
11:15:54	 : -------------------End-------------------.
11:19:33	INFO : New log file create.
11:20:29	 : -------------------End-------------------.
11:24:52	INFO : New log file create.
11:25:14	 : -------------------End-------------------.
11:25:49	INFO : New log file create.
11:26:56	 : -------------------End-------------------.
11:29:01	INFO : New log file create.
11:30:13	 : -------------------End-------------------.
11:37:13	INFO : New log file create.
11:38:52	 : -------------------End-------------------.
11:42:47	INFO : New log file create.
11:46:10	INFO : New log file create.
11:49:09	INFO : New log file create.
14:10:26	INFO : New log file create.
14:11:19	 : -------------------End-------------------.
14:11:24	INFO : New log file create.
14:12:37	 : -------------------End-------------------.
14:17:39	INFO : New log file create.
14:18:06	 : -------------------End-------------------.
14:28:18	INFO : New log file create.
14:28:44	 : -------------------End-------------------.
14:28:45	INFO : New log file create.
14:28:59	 : -------------------End-------------------.
14:31:09	INFO : New log file create.
14:45:02	 : -------------------End-------------------.
15:57:35	INFO : New log file create.
15:58:57	INFO : New log file create.
15:58:57	 : -------------------End-------------------.
15:59:05	 : -------------------End-------------------.
16:07:45	INFO : New log file create.
16:08:37	 : -------------------End-------------------.
16:08:52	INFO : New log file create.
16:09:52	INFO : New log file create.
16:09:53	 : -------------------End-------------------.
16:10:03	INFO : New log file create.
16:11:45	 : -------------------End-------------------.
16:11:59	INFO : New log file create.
16:12:04	 : -------------------End-------------------.
16:13:27	INFO : New log file create.
16:13:31	 : -------------------End-------------------.
16:14:11	INFO : New log file create.
16:14:14	 : -------------------End-------------------.
16:16:33	INFO : New log file create.
16:16:40	 : -------------------End-------------------.
16:18:09	INFO : New log file create.
16:18:23	 : -------------------End-------------------.
16:20:50	INFO : New log file create.
16:21:17	 : -------------------End-------------------.
16:24:38	INFO : New log file create.
16:24:50	 : -------------------End-------------------.
16:27:57	INFO : New log file create.
16:28:06	 : -------------------End-------------------.
16:31:17	INFO : New log file create.
16:31:23	 : -------------------End-------------------.
16:32:01	INFO : New log file create.
16:32:08	 : -------------------End-------------------.
