16:38:07	INFO : New log file create.
16:38:14	INFO : User clicked ButtonpuB_connect.
16:38:14	WARNING : Socket Connection refused.
16:38:29	INFO : User clicked ButtonpuB_connect.
16:38:29	INFO : User sent Message'RD R212'.
16:38:29	INFO : User sent Message'RD R212'.
16:38:29	INFO : Received message 1.
16:38:35	 : -------------------End-------------------.
16:38:39	INFO : New log file create.
16:38:47	 : -------------------End-------------------.
16:49:31	INFO : New log file create.
16:49:35	 : -------------------End-------------------.
16:49:49	INFO : New log file create.
16:49:51	 : -------------------End-------------------.
16:54:06	INFO : New log file create.
16:54:20	 : -------------------End-------------------.
16:58:10	INFO : New log file create.
16:58:29	 : -------------------End-------------------.
17:00:04	INFO : New log file create.
17:00:53	 : -------------------End-------------------.
17:00:56	INFO : New log file create.
17:02:30	 : -------------------End-------------------.
