08:43:38	INFO : |SYSTEM| New .log file create.
08:43:38	INFO : |SYSYEM| Model folder exist.
08:43:42	 : -------------------End-------------------.
08:45:10	INFO : |SYSTEM| New .log file create.
08:45:10	INFO : |SYSYEM| Model folder exist.
08:45:16	 : -------------------End-------------------.
08:47:04	INFO : |SYSTEM| New .log file create.
08:47:04	INFO : |SYSYEM| Model folder exist.
08:47:11	 : -------------------End-------------------.
08:47:57	INFO : |SYSTEM| New .log file create.
08:47:57	INFO : |SYSYEM| Model folder exist.
08:48:08	 : -------------------End-------------------.
08:49:00	INFO : |SYSTEM| New .log file create.
08:49:00	INFO : |SYSYEM| Model folder exist.
08:49:16	 : -------------------End-------------------.
09:06:55	INFO : |SYSTEM| New .log file create.
09:06:55	INFO : |SYSYEM| Model folder exist.
09:07:03	INFO : |SYSYEM| Model folder exist.
09:07:08	INFO : |SYSYEM| Model folder exist.
09:07:12	INFO : |SYSYEM| Model folder exist.
09:07:13	INFO : |SYSYEM| Model folder exist.
09:07:14	INFO : |SYSYEM| Model folder exist.
09:07:16	INFO : |SYSYEM| Model folder exist.
09:07:17	INFO : |SYSYEM| Model folder exist.
09:07:30	 : -------------------End-------------------.
09:13:09	INFO : |SYSTEM| New .log file create.
09:13:09	INFO : |SYSYEM| Model folder exist.
09:13:19	INFO : |SYSYEM| Model folder exist.
09:13:30	 : -------------------End-------------------.
09:14:18	INFO : |SYSTEM| New .log file create.
09:14:18	INFO : |SYSYEM| Model folder exist.
09:14:27	INFO : |SYSYEM| Model folder exist.
09:14:31	 : -------------------End-------------------.
09:15:03	INFO : |SYSTEM| New .log file create.
09:15:03	INFO : |SYSYEM| Model folder exist.
09:15:11	INFO : |SYSYEM| Model folder exist.
09:15:16	 : -------------------End-------------------.
09:16:24	INFO : |SYSTEM| New .log file create.
09:16:24	INFO : |SYSYEM| Model folder exist.
09:16:32	INFO : |SYSYEM| Model folder exist.
09:16:34	INFO : |SYSYEM| Model folder exist.
09:16:42	 : -------------------End-------------------.
09:23:21	INFO : |SYSTEM| New .log file create.
09:23:21	INFO : |SYSYEM| Model folder exist.
09:23:51	INFO : User clicked ButtonpuB_connect.
09:23:51	INFO : User sent Message'RD R212'.
09:23:57	INFO : Received message 1.
09:24:02	INFO : |SYSYEM| Model folder exist.
09:24:29	INFO : User clicked Button puB_start.
09:24:29	INFO : User sent Message'WR R200 1'.
09:24:34	INFO : Received message OK.
09:24:35	INFO : User sent Message'RD R201'.
09:24:36	INFO : User sent Message'RD R201'.
09:24:37	INFO : User sent Message'RD R201'.
09:24:38	INFO : User sent Message'RD R201'.
09:24:39	INFO : User sent Message'RD R201'.
09:24:40	INFO : User sent Message'RD R201'.
09:24:40	INFO : User sent Message'RD R201'.
09:24:41	INFO : User sent Message'RD R201'.
09:24:42	INFO : Received message 1.
09:24:42	INFO : Edge reset R200 and R201.
09:24:42	INFO : User sent Message'WRS R200 2 0 0'.
09:24:48	INFO : Received message OK.
09:24:48	INFO : User sent Message'WR DM202 1'.
09:24:51	INFO : Received message OK.
09:24:52	INFO : User sent Message'WR R202 1'.
09:24:58	INFO : Received message OK.
09:24:58	INFO : User sent Message'RD R203'.
09:24:59	INFO : User sent Message'RD R203'.
09:25:00	INFO : User sent Message'RD R203'.
09:25:01	INFO : Received message 1.
09:25:01	INFO : Edge reset R202 and R203.
09:25:01	INFO : User sent Message'WRS R202 2 0 0'.
09:25:03	INFO : Received message OK.
09:25:03	INFO : User sent Message'WR DM202 1'.
09:25:10	INFO : Received message OK.
09:25:10	INFO : User sent Message'WR R202 1'.
09:25:13	INFO : Received message OK.
09:25:14	INFO : User sent Message'RD R203'.
09:25:15	INFO : User sent Message'RD R203'.
09:25:16	INFO : User sent Message'RD R203'.
09:25:16	INFO : Received message 1.
09:25:16	INFO : Edge reset R202 and R203.
09:25:16	INFO : User sent Message'WRS R202 2 0 0'.
09:25:18	INFO : Received message OK.
09:25:18	INFO : User sent Message'WR DM202 1'.
09:25:23	INFO : User clicked ButtonpuB_connect.
09:27:54	 : -------------------End-------------------.
09:28:05	INFO : |SYSTEM| New .log file create.
09:28:05	INFO : |SYSYEM| Model folder exist.
09:28:22	INFO : User clicked ButtonpuB_connect.
09:28:22	INFO : User sent Message'RD R212'.
09:28:25	INFO : Received message 1.
09:28:27	INFO : User clicked Button puB_start.
09:28:33	INFO : User clicked Button puB_start.
09:28:33	INFO : User sent Message'WR R200 1'.
09:28:39	INFO : Received message OK.
09:28:40	INFO : User sent Message'RD R201'.
09:28:41	INFO : User sent Message'RD R201'.
09:28:41	INFO : Received message 1.
09:28:41	INFO : Edge reset R200 and R201.
09:28:41	INFO : User sent Message'WRS R200 2 0 0'.
09:28:45	INFO : Received message OK.
09:28:45	INFO : User sent Message'WR DM202 1'.
09:28:46	INFO : Received message OK.
09:28:46	INFO : User sent Message'WR R202 1'.
09:28:56	INFO : Received message OK.
09:28:56	INFO : User sent Message'RD R203'.
09:28:57	INFO : User sent Message'RD R203'.
09:28:58	INFO : User sent Message'RD R203'.
09:28:58	INFO : Received message 1.
09:28:58	INFO : Edge reset R202 and R203.
09:28:58	INFO : User sent Message'WRS R202 2 0 0'.
09:28:59	INFO : Received message OK.
09:28:59	INFO : User sent Message'WR DM202 2'.
09:29:02	INFO : Received message OK.
09:29:02	INFO : User sent Message'WR R202 1'.
09:29:04	INFO : Received message OK.
09:29:05	INFO : User sent Message'RD R203'.
09:29:06	INFO : User sent Message'RD R203'.
09:29:06	INFO : Received message 1.
09:29:06	INFO : Edge reset R202 and R203.
09:29:06	INFO : User sent Message'WRS R202 2 0 0'.
09:29:08	INFO : Received message OK.
09:29:08	INFO : User sent Message'WR DM202 3'.
09:29:10	INFO : Received message OK.
09:29:10	INFO : User sent Message'WR R202 1'.
09:29:12	INFO : Received message OK.
09:29:12	INFO : User sent Message'RD R203'.
09:29:13	INFO : User sent Message'RD R203'.
09:29:14	INFO : User sent Message'RD R203'.
09:29:15	INFO : Received message 1.
09:29:15	INFO : Edge reset R202 and R203.
09:29:15	INFO : User sent Message'WRS R202 2 0 0'.
09:29:17	INFO : Received message OK.
09:29:17	INFO : User sent Message'WR R204 1'.
09:29:18	INFO : Received message OK.
09:29:18	INFO : User sent Message'RD R205'.
09:29:19	INFO : User sent Message'RD R205'.
09:29:20	INFO : Received message OK.
09:29:20	INFO : User sent Message'RD R205'.
09:29:21	INFO : User sent Message'RD R205'.
09:29:22	INFO : User sent Message'RD R205'.
09:29:23	INFO : User sent Message'RD R205'.
09:29:23	INFO : Received message 1.
09:29:23	INFO : Edge reset R204 and R205.
09:29:23	INFO : User sent Message'WRS R204 2 0 0'.
09:29:26	WARNING : Socket The remote host closed the connection.
09:29:28	 : -------------------End-------------------.
09:31:22	INFO : |SYSTEM| New .log file create.
09:31:22	INFO : |SYSYEM| Model folder exist.
09:31:27	INFO : |SYSYEM| Model folder exist.
09:31:45	INFO : User clicked ButtonpuB_connect.
09:31:45	INFO : User sent Message'RD R212'.
09:31:47	INFO : Received message 1.
09:31:52	INFO : User clicked Button puB_start.
09:31:55	INFO : User clicked Button puB_start.
09:31:55	INFO : User clicked ButtonpuB_connect.
09:31:56	INFO : User clicked ButtonpuB_connect.
09:31:56	INFO : User sent Message'RD R212'.
09:31:56	INFO : User sent Message'RD R212'.
09:31:56	INFO : User sent Message'RD R212'.
09:31:59	INFO : Received message 1.
09:31:59	INFO : User sent Message'WR R200 1'.
09:32:00	INFO : User clicked Button puB_start.
09:32:00	INFO : User sent Message'WR R200 1'.
09:32:03	INFO : Received message OK.
09:32:04	INFO : User sent Message'RD R201'.
09:32:05	INFO : User sent Message'RD R201'.
09:32:06	INFO : User sent Message'RD R201'.
09:32:06	INFO : User sent Message'RD R201'.
09:32:07	INFO : User sent Message'RD R201'.
09:32:08	INFO : User sent Message'RD R201'.
09:32:09	INFO : User sent Message'RD R201'.
09:32:10	INFO : Received message 1.
09:32:10	INFO : Edge reset R200 and R201.
09:32:10	INFO : User sent Message'WRS R200 2 0 0'.
09:32:14	INFO : Received message 1.
09:32:16	INFO : Received message OK.
09:32:16	INFO : User sent Message'WR DM202 1'.
09:32:18	INFO : Received message OK.
09:32:18	INFO : User sent Message'WR R202 1'.
09:32:20	INFO : Received message OK.
09:32:21	INFO : User sent Message'RD R203'.
09:32:22	INFO : User sent Message'RD R203'.
09:32:23	INFO : Received message 1.
09:32:23	INFO : Edge reset R202 and R203.
09:32:23	INFO : User sent Message'WRS R202 2 0 0'.
09:32:24	INFO : Received message OK.
09:32:24	INFO : User sent Message'WR DM202 2'.
09:32:26	INFO : Received message OK.
09:32:26	INFO : User sent Message'WR R202 1'.
09:32:28	INFO : Received message OK.
09:32:28	INFO : User sent Message'RD R203'.
09:32:29	INFO : User sent Message'RD R203'.
09:32:29	INFO : Received message 1.
09:32:29	INFO : Edge reset R202 and R203.
09:32:29	INFO : User sent Message'WRS R202 2 0 0'.
09:32:31	INFO : Received message OK.
09:32:31	INFO : User sent Message'WR DM202 3'.
09:32:31	INFO : Received message OK.
09:32:31	INFO : User sent Message'WR R202 1'.
09:32:33	INFO : Received message OK.
09:32:33	INFO : User sent Message'RD R203'.
09:32:34	INFO : User sent Message'RD R203'.
09:32:35	INFO : Received message 1.
09:32:35	INFO : Edge reset R202 and R203.
09:32:35	INFO : User sent Message'WRS R202 2 0 0'.
09:32:40	INFO : Received message OK.
09:32:40	INFO : User sent Message'WR R204 1'.
09:32:42	WARNING : Socket The remote host closed the connection.
09:32:42	WARNING : Socket The remote host closed the connection.
09:32:42	WARNING : Socket The remote host closed the connection.
09:32:56	 : -------------------End-------------------.
09:35:30	INFO : |SYSTEM| New .log file create.
09:35:30	INFO : |SYSYEM| Model folder exist.
09:35:54	INFO : User clicked ButtonpuB_connect.
09:35:54	INFO : User sent Message'RD R212'.
09:35:56	INFO : Received message 1.
09:35:58	INFO : User clicked Button puB_start.
09:35:58	INFO : User sent Message'WR R200 1'.
09:36:02	INFO : Received message OK.
09:36:03	INFO : User sent Message'RD R201'.
09:36:03	INFO : User sent Message'RD R201'.
09:36:04	INFO : User sent Message'RD R201'.
09:36:05	INFO : User sent Message'RD R201'.
09:36:06	INFO : Received message 1.
09:36:06	INFO : Edge reset R200 and R201.
09:36:06	INFO : User sent Message'WRS R200 2 0 0'.
09:36:11	INFO : Received message OK.
09:36:11	INFO : User sent Message'WR DM202 1'.
09:36:13	INFO : Received message OK.
09:36:13	INFO : User sent Message'WR R202 1'.
09:36:21	INFO : Received message OK.
09:36:21	INFO : User sent Message'RD R203'.
09:36:22	INFO : User sent Message'RD R203'.
09:36:23	INFO : User sent Message'RD R203'.
09:36:24	INFO : User sent Message'RD R203'.
09:36:25	INFO : Received message 1.
09:36:25	INFO : Edge reset R202 and R203.
09:36:25	INFO : User sent Message'WRS R202 2 0 0'.
09:36:28	INFO : Received message OK.
09:36:28	INFO : User sent Message'WR DM202 2'.
09:36:33	INFO : Received message OK.
09:36:33	INFO : User sent Message'WR R202 1'.
09:36:38	INFO : Received message OK.
09:36:38	INFO : User sent Message'RD R203'.
09:36:39	INFO : User sent Message'RD R203'.
09:36:39	INFO : User sent Message'RD R203'.
09:36:40	INFO : Received message 1.
09:36:40	INFO : Edge reset R202 and R203.
09:36:40	INFO : User sent Message'WRS R202 2 0 0'.
09:36:41	INFO : Received message OK.
09:36:41	INFO : User sent Message'WR DM202 3'.
09:36:44	INFO : Received message OK.
09:36:52	INFO : |SYSTEM| New .log file create.
09:36:52	INFO : |SYSYEM| Model folder exist.
09:36:56	INFO : |SYSYEM| Model folder exist.
09:37:00	 : -------------------End-------------------.
09:39:39	INFO : |SYSTEM| New .log file create.
09:39:39	INFO : |SYSYEM| Model folder exist.
09:39:56	INFO : User clicked ButtonpuB_connect.
09:39:56	INFO : User sent Message'RD R212'.
09:39:58	INFO : Received message 1.
09:39:59	INFO : User clicked Button puB_start.
09:39:59	INFO : User sent Message'WR R200 1'.
09:40:04	INFO : Received message OK.
09:40:05	INFO : User sent Message'RD R201'.
09:40:05	INFO : User sent Message'RD R201'.
09:40:06	INFO : Received message OK1.
09:40:08	INFO : Received message 1.
09:40:08	INFO : Edge reset R200 and R201.
09:40:08	INFO : User sent Message'WRS R200 2 0 0'.
09:40:13	INFO : Received message OK.
09:40:13	INFO : User sent Message'WR DM202 1'.
09:40:16	INFO : Received message OK.
09:40:16	INFO : User sent Message'WR R202 1'.
09:40:43	WARNING : Socket The remote host closed the connection.
09:40:45	 : -------------------End-------------------.
09:46:14	INFO : |SYSTEM| New .log file create.
09:46:14	INFO : |SYSYEM| Model folder exist.
09:46:41	 : -------------------End-------------------.
09:49:40	INFO : |SYSTEM| New .log file create.
09:49:40	INFO : |SYSYEM| Model folder exist.
09:50:17	 : -------------------End-------------------.
09:50:42	INFO : |SYSTEM| New .log file create.
09:50:42	INFO : |SYSYEM| Model folder exist.
09:50:46	 : -------------------End-------------------.
09:52:13	INFO : |SYSTEM| New .log file create.
09:52:13	INFO : |SYSYEM| Model folder exist.
09:52:21	 : -------------------End-------------------.
10:35:50	INFO : |SYSTEM| New .log file create.
10:35:50	INFO : |SYSYEM| Model folder exist.
10:36:05	 : -------------------End-------------------.
10:39:01	INFO : |SYSTEM| New .log file create.
10:39:01	INFO : |SYSYEM| Model folder exist.
10:39:50	INFO : |SYSTEM| New .log file create.
10:39:50	INFO : |SYSYEM| Model folder exist.
10:42:01	INFO : |SYSTEM| New .log file create.
10:42:01	INFO : |SYSYEM| Model folder exist.
10:42:09	 : -------------------End-------------------.
10:42:59	INFO : |SYSTEM| New .log file create.
10:42:59	INFO : |SYSYEM| Model folder exist.
10:43:03	 : -------------------End-------------------.
10:43:24	 : -------------------End-------------------.
10:43:34	INFO : |SYSTEM| New .log file create.
10:43:34	INFO : |SYSYEM| Model folder exist.
10:43:58	 : -------------------End-------------------.
10:44:12	INFO : |SYSTEM| New .log file create.
10:44:12	INFO : |SYSYEM| Model folder exist.
10:44:20	 : -------------------End-------------------.
10:44:49	INFO : |SYSTEM| New .log file create.
10:44:49	INFO : |SYSYEM| Model folder exist.
10:45:42	 : -------------------End-------------------.
10:51:56	INFO : |SYSTEM| New .log file create.
10:51:56	INFO : |SYSYEM| Model folder exist.
10:52:25	INFO : User clicked ButtonpuB_connect.
10:52:25	INFO : User sent Message'RD R212'.
10:52:29	INFO : Received message 1.
10:52:36	INFO : User clicked Button puB_start.
10:52:50	INFO : Received message 1.
10:52:50	INFO : User sent Message'WR R200 1'.
10:52:54	INFO : Received message OK.
10:52:54	INFO : User sent Message'RD R201'.
10:52:55	INFO : User sent Message'RD R201'.
10:52:56	INFO : Received message 1.
10:52:56	INFO : Edge reset R200 and R201.
10:52:56	INFO : User sent Message'WRS R200 2 0 0'.
10:53:00	INFO : Received message OK.
10:53:00	INFO : User sent Message'WR DM202 1'.
10:53:06	INFO : Received message OK.
10:53:06	INFO : User sent Message'WR R202 1'.
10:53:18	WARNING : Socket The remote host closed the connection.
10:53:20	 : -------------------End-------------------.
10:59:14	INFO : |SYSTEM| New .log file create.
10:59:14	INFO : |SYSYEM| Model folder exist.
10:59:24	INFO : |SYSYEM| Model folder exist.
10:59:25	INFO : |SYSYEM| Model folder exist.
10:59:46	 : -------------------End-------------------.
11:06:45	INFO : |SYSTEM| New .log file create.
11:06:45	INFO : |SYSYEM| Model folder exist.
11:07:00	INFO : User clicked ButtonpuB_connect.
11:07:00	INFO : User sent Message'RD R212'.
11:07:01	INFO : Received message 1.
11:07:03	INFO : User clicked Button puB_start.
11:07:09	INFO : Received message 1.
11:07:15	INFO : |SYSTEM| New .log file create.
11:07:15	INFO : |SYSYEM| Model folder exist.
11:07:32	INFO : User clicked ButtonpuB_connect.
11:07:32	INFO : User sent Message'RD R212'.
11:07:35	INFO : Received message 1.
11:07:42	INFO : User clicked Button puB_start.
11:07:42	INFO : User sent Message'WR R200 1'.
11:07:48	INFO : Received message OK.
11:07:48	INFO : User sent Message'RD R201'.
11:07:49	INFO : User sent Message'RD R201'.
11:07:50	INFO : User sent Message'RD R201'.
11:07:51	INFO : User sent Message'RD R201'.
11:07:52	INFO : User sent Message'RD R201'.
11:07:53	INFO : User sent Message'RD R201'.
11:07:54	INFO : User sent Message'RD R201'.
11:07:55	INFO : User sent Message'RD R201'.
11:07:56	INFO : User sent Message'RD R201'.
11:07:57	INFO : User sent Message'RD R201'.
11:07:57	INFO : User sent Message'RD R201'.
11:07:58	INFO : User sent Message'RD R201'.
11:07:59	INFO : User sent Message'RD R201'.
11:08:00	INFO : Received message 1.
11:08:00	INFO : Edge reset R200 and R201.
11:08:00	INFO : User sent Message'WRS R200 2 0 0'.
11:08:03	INFO : Received message OK.
11:08:03	INFO : User sent Message'WR DM202 1'.
11:08:04	INFO : Received message OK.
11:08:04	INFO : User sent Message'WR R202 1'.
11:08:06	INFO : Received message OK.
11:08:06	INFO : User sent Message'RD R203'.
11:08:07	INFO : User sent Message'RD R203'.
11:08:08	INFO : User sent Message'RD R203'.
11:08:09	INFO : User sent Message'RD R203'.
11:08:10	INFO : User sent Message'RD R203'.
11:08:11	INFO : Received message 1.
11:08:11	INFO : Edge reset R202 and R203.
11:08:11	INFO : User sent Message'WRS R202 2 0 0'.
11:08:13	INFO : Received message OK.
11:08:13	INFO : User sent Message'WR DM202 2'.
11:08:14	INFO : Received message OK.
11:08:14	INFO : User sent Message'WR R202 1'.
11:08:16	INFO : Received message OK.
11:08:16	INFO : User sent Message'RD R203'.
11:08:17	INFO : User sent Message'RD R203'.
11:08:18	INFO : Received message 1.
11:08:18	INFO : Edge reset R202 and R203.
11:08:18	INFO : User sent Message'WRS R202 2 0 0'.
11:08:20	INFO : Received message OK.
11:08:20	INFO : User sent Message'WR R204 1'.
11:08:21	INFO : Received message OK.
11:08:22	INFO : User sent Message'RD R205'.
11:08:23	INFO : User sent Message'RD R205'.
11:08:24	INFO : User sent Message'RD R205'.
11:08:24	INFO : User sent Message'RD R205'.
11:08:25	INFO : Received message 1.
11:08:25	INFO : Edge reset R204 and R205.
11:08:25	INFO : User sent Message'WRS R204 2 0 0'.
11:08:27	INFO : Received message OK.
11:08:27	INFO : User sent Message'WR DM202 1'.
11:08:27	INFO : Received message OK.
11:08:27	INFO : User sent Message'WR R202 1'.
11:08:28	INFO : Received message OK.
11:08:29	INFO : User sent Message'RD R203'.
11:08:30	INFO : User sent Message'RD R203'.
11:08:31	INFO : User sent Message'RD R203'.
11:08:32	INFO : Received message 1.
11:08:32	INFO : Edge reset R202 and R203.
11:08:32	INFO : User sent Message'WRS R202 2 0 0'.
11:08:34	INFO : Received message OK.
11:08:34	INFO : User sent Message'WR DM204.S -5'.
11:08:38	INFO : Received message OK.
11:08:38	INFO : User sent Message'WR DM206.S 3'.
11:08:39	INFO : Received message OK.
11:08:39	INFO : User sent Message'WR R206 1'.
11:08:40	INFO : Received message OK.
11:08:41	INFO : User sent Message'RD R207'.
11:08:42	INFO : User sent Message'RD R207'.
11:08:42	INFO : User sent Message'RD R207'.
11:08:43	INFO : Received message 1.
11:08:43	INFO : Edge reset R206 and R207.
11:08:43	INFO : User sent Message'WRS R206 2 0 0'.
11:08:44	INFO : Received message v.
11:08:46	INFO : Received message OK.
11:08:46	INFO : User sent Message'WR DM204.S -101'.
11:08:47	INFO : Received message OK.
11:08:47	INFO : User sent Message'WR DM206.S -36'.
11:08:48	INFO : Received message OK.
11:08:48	INFO : User sent Message'WR R206 1'.
11:08:49	INFO : Received message OK.
11:08:49	INFO : User sent Message'RD R207'.
11:08:50	INFO : Received message OK.
11:08:50	INFO : User sent Message'RD R207'.
11:08:51	INFO : User sent Message'RD R207'.
11:08:51	INFO : User sent Message'RD R207'.
11:08:52	INFO : User sent Message'RD R207'.
11:08:53	INFO : Received message 1.
11:08:53	INFO : Edge reset R206 and R207.
11:08:53	INFO : User sent Message'WRS R206 2 0 0'.
11:08:56	INFO : Received message OK.
11:08:56	INFO : User sent Message'WR DM204.S -18'.
11:08:57	INFO : Received message OK.
11:08:57	INFO : User sent Message'WR DM206.S 19'.
11:09:00	INFO : Received message OK.
11:09:00	INFO : User sent Message'WR R206 1'.
11:09:02	INFO : Received message OK.
11:09:02	INFO : User sent Message'RD R207'.
11:09:03	INFO : User sent Message'RD R207'.
11:09:04	INFO : Received message 1.
11:09:04	INFO : Edge reset R206 and R207.
11:09:04	INFO : User sent Message'WRS R206 2 0 0'.
11:09:12	INFO : Received message OK.
11:09:12	INFO : User sent Message'WR R214 1'.
11:09:12	INFO : Received message OK.
11:09:12	INFO : User sent Message'WRS DM201 6 0 0 0 0 0 0'.
11:09:15	INFO : Received message OK.
11:09:15	INFO : User sent Message'RD R212'.
11:09:16	INFO : User sent Message'RD R212'.
11:09:17	INFO : User sent Message'RD R212'.
11:09:18	INFO : User sent Message'RD R212'.
11:09:18	INFO : User sent Message'RD R212'.
11:09:19	INFO : User sent Message'RD R212'.
11:09:19	WARNING : Socket The remote host closed the connection.
11:09:22	 : -------------------End-------------------.
11:34:23	INFO : |SYSTEM| New .log file create.
11:34:23	INFO : |SYSYEM| Model folder exist.
11:35:31	 : -------------------End-------------------.
11:35:45	INFO : |SYSTEM| New .log file create.
11:35:45	INFO : |SYSYEM| Model folder exist.
11:36:52	 : -------------------End-------------------.
11:37:41	INFO : |SYSTEM| New .log file create.
11:37:41	INFO : |SYSYEM| Model folder exist.
11:44:36	 : -------------------End-------------------.
11:44:50	INFO : |SYSTEM| New .log file create.
11:44:50	INFO : |SYSYEM| Model folder exist.
11:45:05	 : -------------------End-------------------.
11:46:10	INFO : |SYSTEM| New .log file create.
11:46:10	INFO : |SYSYEM| Model folder exist.
11:46:24	 : -------------------End-------------------.
13:34:08	INFO : |SYSTEM| New .log file create.
13:34:08	INFO : |SYSYEM| Model folder exist.
13:35:42	INFO : User clicked ButtonpuB_connect.
13:35:42	INFO : User sent Message'RD R212'.
13:35:44	INFO : Received message 1.
13:35:45	INFO : User clicked Button puB_start.
13:35:45	INFO : User sent Message'WR R200 1'.
13:35:50	INFO : Received message OK.
13:35:51	INFO : User sent Message'RD R201'.
13:35:52	INFO : User sent Message'RD R201'.
13:35:53	INFO : User sent Message'RD R201'.
13:35:54	INFO : User sent Message'RD R201'.
13:35:54	INFO : User sent Message'RD R201'.
13:35:55	INFO : User sent Message'RD R201'.
13:35:56	INFO : User sent Message'RD R201'.
13:35:57	INFO : User sent Message'RD R201'.
13:35:58	INFO : User sent Message'RD R201'.
13:35:59	INFO : User sent Message'RD R201'.
13:35:59	INFO : Received message 1.
13:35:59	INFO : Edge reset R200 and R201.
13:35:59	INFO : User sent Message'WRS R200 2 0 0'.
13:36:08	INFO : Received message OK.
13:36:08	INFO : User sent Message'WR DM202 1'.
13:36:11	INFO : Received message OK.
13:36:11	INFO : User sent Message'WR R202 1'.
13:38:26	INFO : |SYSTEM| New .log file create.
13:38:26	INFO : |SYSYEM| Model folder exist.
13:38:41	INFO : User clicked ButtonpuB_connect.
13:38:41	INFO : User sent Message'RD R212'.
13:38:43	INFO : Received message 1.
13:38:45	INFO : User clicked Button puB_start.
13:38:53	INFO : User clicked Button puB_start.
13:38:53	INFO : User sent Message'WR R200 1'.
13:38:58	INFO : Received message OK.
13:38:59	INFO : User sent Message'RD R201'.
13:39:00	INFO : User sent Message'RD R201'.
13:39:01	INFO : User sent Message'RD R201'.
13:39:01	INFO : User sent Message'RD R201'.
13:39:02	INFO : Received message 1.
13:39:02	INFO : Edge reset R200 and R201.
13:39:02	INFO : User sent Message'WRS R200 2 0 0'.
13:39:04	INFO : Received message OK.
13:39:04	INFO : User sent Message'WR DM202 1'.
13:39:06	INFO : Received message OK.
13:39:06	INFO : User sent Message'WR R202 1'.
13:39:58	INFO : |SYSTEM| New .log file create.
13:39:58	INFO : |SYSYEM| Model folder exist.
13:40:02	 : -------------------End-------------------.
13:41:58	INFO : |SYSTEM| New .log file create.
13:41:58	INFO : |SYSYEM| Model folder exist.
13:42:12	INFO : User clicked ButtonpuB_connect.
13:42:12	INFO : User sent Message'RD R212'.
13:42:15	INFO : Received message 1.
13:42:19	INFO : User clicked Button puB_start.
13:42:19	INFO : User sent Message'WR R200 1'.
13:42:23	INFO : Received message OK.
13:42:24	INFO : User sent Message'RD R201'.
13:42:25	INFO : User sent Message'RD R201'.
13:42:26	INFO : User sent Message'RD R201'.
13:42:26	INFO : User sent Message'RD R201'.
13:42:27	INFO : User sent Message'RD R201'.
13:42:28	INFO : User sent Message'RD R201'.
13:42:28	INFO : Received message 1.
13:42:28	INFO : Edge reset R200 and R201.
13:42:28	INFO : User sent Message'WRS R200 2 0 0'.
13:42:32	INFO : Received message OK.
13:42:32	INFO : User sent Message'WR DM202 1'.
13:42:34	INFO : Received message OK.
13:42:34	INFO : User sent Message'WR R202 1'.
13:42:42	INFO : |SYSYEM| Model folder exist.
13:44:01	 : -------------------End-------------------.
13:44:19	INFO : |SYSTEM| New .log file create.
13:44:19	INFO : |SYSYEM| Model folder exist.
13:44:37	INFO : User clicked ButtonpuB_connect.
13:44:37	INFO : User sent Message'RD R212'.
13:44:40	INFO : Received message 1.
13:44:45	INFO : User clicked Button puB_start.
13:44:49	INFO : User clicked ButtonpuB_connect.
13:44:51	INFO : User clicked ButtonpuB_connect.
13:44:51	INFO : User sent Message'RD R212'.
13:44:51	INFO : User sent Message'RD R212'.
13:44:51	INFO : User sent Message'RD R212'.
13:44:54	INFO : Received message 1.
13:44:54	INFO : User sent Message'WR R200 1'.
13:44:55	INFO : User clicked Button puB_start.
13:44:55	INFO : User sent Message'WR R200 1'.
13:44:59	INFO : Received message OK.
13:45:00	INFO : User sent Message'RD R201'.
13:45:01	INFO : User sent Message'RD R201'.
13:45:01	INFO : Received message OK.
13:45:01	INFO : User sent Message'RD R201'.
13:45:02	INFO : User sent Message'RD R201'.
13:45:03	INFO : Received message 1.
13:45:03	INFO : Edge reset R200 and R201.
13:45:03	INFO : User sent Message'WRS R200 2 0 0'.
13:45:06	INFO : Received message OK.
13:45:06	INFO : User sent Message'WR DM202 1'.
13:45:09	INFO : Received message OK.
13:45:09	INFO : User sent Message'WR R202 1'.
13:45:26	INFO : Received message OK.
13:45:27	INFO : User sent Message'RD R203'.
13:45:28	INFO : User sent Message'RD R203'.
13:45:28	INFO : User sent Message'RD R203'.
13:45:29	INFO : Received message 1.
13:45:29	INFO : Edge reset R202 and R203.
13:45:29	INFO : User sent Message'WRS R202 2 0 0'.
13:45:32	INFO : Received message OK.
13:45:32	INFO : User sent Message'WR DM202 2'.
13:45:35	INFO : Received message OK.
13:45:35	INFO : User sent Message'WR R202 1'.
13:45:49	INFO : Received message OK.
13:45:50	INFO : User sent Message'RD R203'.
13:45:51	INFO : User sent Message'RD R203'.
13:45:52	INFO : User sent Message'RD R203'.
13:45:52	INFO : Received message 1.
13:45:52	INFO : Edge reset R202 and R203.
13:45:52	INFO : User sent Message'WRS R202 2 0 0'.
13:45:55	INFO : Received message OK.
13:45:55	INFO : User sent Message'WR R204 1'.
13:45:57	INFO : Received message OK.
13:45:57	INFO : User sent Message'RD R205'.
13:45:58	INFO : User sent Message'RD R205'.
13:45:59	INFO : User sent Message'RD R205'.
13:46:00	 : -------------------End-------------------.
13:47:37	INFO : |SYSTEM| New .log file create.
13:47:37	INFO : |SYSYEM| Model folder exist.
13:47:48	INFO : User clicked ButtonpuB_connect.
13:47:48	INFO : User sent Message'RD R212'.
13:47:50	INFO : Received message 1.
13:47:57	INFO : User clicked Button puB_start.
13:47:57	INFO : User sent Message'WR R200 1'.
13:48:16	INFO : Received message OK.
13:48:16	INFO : User sent Message'RD R201'.
13:48:17	INFO : User sent Message'RD R201'.
13:48:18	INFO : User sent Message'RD R201'.
13:48:18	INFO : Received message 1.
13:48:18	INFO : Edge reset R200 and R201.
13:48:18	INFO : User sent Message'WRS R200 2 0 0'.
13:48:27	INFO : Received message OK.
13:48:27	INFO : User sent Message'WR DM202 1'.
13:48:29	INFO : Received message OK.
13:48:29	INFO : User sent Message'WR R202 1'.
13:48:34	INFO : Received message OK.
13:48:34	INFO : User sent Message'RD R203'.
13:48:35	INFO : User sent Message'RD R203'.
13:48:36	INFO : User sent Message'RD R203'.
13:48:37	INFO : User sent Message'RD R203'.
13:48:38	INFO : User sent Message'RD R203'.
13:48:39	INFO : User sent Message'RD R203'.
13:48:40	INFO : User sent Message'RD R203'.
13:48:40	INFO : User sent Message'RD R203'.
13:48:41	INFO : User sent Message'RD R203'.
13:48:42	INFO : User sent Message'RD R203'.
13:48:43	INFO : User sent Message'RD R203'.
13:48:44	INFO : User sent Message'RD R203'.
13:48:45	INFO : User sent Message'RD R203'.
13:48:46	INFO : User sent Message'RD R203'.
13:48:47	INFO : User sent Message'RD R203'.
13:48:48	INFO : User sent Message'RD R203'.
13:48:49	INFO : User sent Message'RD R203'.
13:48:49	INFO : User sent Message'RD R203'.
13:48:50	INFO : User sent Message'RD R203'.
13:48:51	INFO : User sent Message'RD R203'.
13:48:52	INFO : User sent Message'RD R203'.
13:48:53	INFO : User sent Message'RD R203'.
13:48:54	INFO : Received message 1.
13:48:54	INFO : Edge reset R202 and R203.
13:48:54	INFO : User sent Message'WRS R202 2 0 0'.
13:48:58	INFO : Received message OK.
13:48:58	INFO : User sent Message'WR DM202 2'.
13:49:00	INFO : Received message OK.
13:49:00	INFO : User sent Message'WR R202 1'.
13:49:03	INFO : Received message OK.
13:49:04	INFO : User sent Message'RD R203'.
13:49:05	INFO : User sent Message'RD R203'.
13:49:06	INFO : User sent Message'RD R203'.
13:49:07	INFO : User sent Message'RD R203'.
13:49:07	INFO : Received message 1.
13:49:07	INFO : Edge reset R202 and R203.
13:49:07	INFO : User sent Message'WRS R202 2 0 0'.
13:49:10	INFO : Received message OK.
13:49:10	INFO : User sent Message'WR R204 1'.
13:50:01	 : -------------------End-------------------.
14:22:32	INFO : |SYSTEM| New .log file create.
14:22:32	INFO : |SYSYEM| Model folder exist.
14:26:14	 : -------------------End-------------------.
14:26:18	INFO : |SYSTEM| New .log file create.
14:26:18	INFO : |SYSYEM| Model folder exist.
14:26:32	INFO : |SYSYEM| Model folder exist.
14:29:52	 : -------------------End-------------------.
14:30:06	INFO : |SYSTEM| New .log file create.
14:30:06	INFO : |SYSYEM| Model folder exist.
14:30:10	INFO : |SYSYEM| Model folder exist.
14:30:19	INFO : |SYSYEM| Model folder exist.
14:30:50	INFO : User clicked ButtonpuB_connect.
14:30:50	INFO : User sent Message'RD R212'.
14:30:54	INFO : Received message 1.
14:30:58	INFO : User clicked Button puB_start.
14:30:59	INFO : User clicked Button puB_start.
14:31:10	INFO : User clicked Button puB_start.
14:31:18	 : -------------------End-------------------.
14:31:30	INFO : |SYSTEM| New .log file create.
14:31:30	INFO : |SYSYEM| Model folder exist.
14:31:37	INFO : |SYSYEM| Model folder exist.
14:32:12	 : -------------------End-------------------.
14:33:32	INFO : |SYSTEM| New .log file create.
14:33:32	INFO : |SYSYEM| Model folder exist.
14:33:46	 : -------------------End-------------------.
14:45:16	INFO : |SYSTEM| New .log file create.
14:45:16	INFO : |SYSYEM| Model folder exist.
14:46:09	 : -------------------End-------------------.
14:46:48	INFO : |SYSTEM| New .log file create.
14:46:48	INFO : |SYSYEM| Model folder exist.
14:47:12	 : -------------------End-------------------.
14:47:50	INFO : |SYSTEM| New .log file create.
14:47:50	INFO : |SYSYEM| Model folder exist.
14:48:03	 : -------------------End-------------------.
14:49:15	INFO : |SYSTEM| New .log file create.
14:49:15	INFO : |SYSYEM| Model folder exist.
14:49:32	 : -------------------End-------------------.
14:50:02	INFO : |SYSTEM| New .log file create.
14:50:02	INFO : |SYSYEM| Model folder exist.
14:50:18	 : -------------------End-------------------.
14:50:42	INFO : |SYSTEM| New .log file create.
14:50:42	INFO : |SYSYEM| Model folder exist.
14:50:59	 : -------------------End-------------------.
14:58:47	INFO : |SYSTEM| New .log file create.
14:58:47	INFO : |SYSYEM| Model folder exist.
14:58:50	 : -------------------End-------------------.
15:37:50	INFO : |SYSTEM| New .log file create.
15:37:50	INFO : |SYSYEM| Model folder exist.
15:37:56	 : -------------------End-------------------.
15:40:01	INFO : |SYSTEM| New .log file create.
15:40:01	INFO : |SYSYEM| Model folder exist.
15:40:15	 : -------------------End-------------------.
15:44:21	INFO : |SYSTEM| New .log file create.
15:44:21	INFO : |SYSYEM| Model folder exist.
15:47:47	 : -------------------End-------------------.
15:49:24	INFO : |SYSTEM| New .log file create.
15:49:24	INFO : |SYSYEM| Model folder exist.
15:50:27	 : -------------------End-------------------.
15:52:06	INFO : |SYSTEM| New .log file create.
15:52:06	INFO : |SYSYEM| Model folder exist.
15:52:27	INFO : |SYSYEM| Model folder exist.
15:52:34	 : -------------------End-------------------.
15:53:02	INFO : |SYSTEM| New .log file create.
15:53:02	INFO : |SYSYEM| Model folder exist.
15:53:14	 : -------------------End-------------------.
15:56:02	INFO : |SYSTEM| New .log file create.
15:56:02	INFO : |SYSYEM| Model folder exist.
15:56:14	 : -------------------End-------------------.
15:57:12	INFO : |SYSTEM| New .log file create.
15:57:12	INFO : |SYSYEM| Model folder exist.
15:57:26	 : -------------------End-------------------.
16:23:19	INFO : |SYSTEM| New .log file create.
16:23:19	INFO : |SYSYEM| Model folder exist.
16:24:07	 : -------------------End-------------------.
16:37:22	INFO : |SYSTEM| New .log file create.
16:37:22	INFO : |SYSYEM| Model folder exist.
16:45:13	 : -------------------End-------------------.
16:53:12	INFO : |SYSTEM| New .log file create.
16:53:12	INFO : |SYSYEM| Model folder exist.
16:54:59	 : -------------------End-------------------.
16:55:01	INFO : |SYSTEM| New .log file create.
16:55:01	INFO : |SYSYEM| Model folder exist.
16:55:29	 : -------------------End-------------------.
16:55:47	INFO : |SYSTEM| New .log file create.
16:55:47	INFO : |SYSYEM| Model folder exist.
16:56:32	INFO : |SYSTEM| New .log file create.
16:56:32	INFO : |SYSYEM| Model folder exist.
16:56:35	 : -------------------End-------------------.
16:56:40	 : -------------------End-------------------.
16:56:42	INFO : |SYSTEM| New .log file create.
16:56:42	INFO : |SYSYEM| Model folder exist.
17:00:01	INFO : |SYSTEM| New .log file create.
17:00:01	INFO : |SYSYEM| Model folder exist.
08:22:46	INFO : |SYSTEM| Log folder exist.
