15:58:00	INFO : |SYSTEM| Log folder exist.
15:58:00	INFO : |SYSYEM| Model folder exist.
15:58:55	INFO : User clicked ButtonpuB_connect.
15:58:55	INFO : Socket connection successful.
15:58:55	INFO : User sent Message'RD R212'.
15:58:55	INFO : Received message 1.
15:58:56	INFO : User sent Message'RD R215'.
15:58:56	INFO : User sent Message'WR DM200 1'.
15:58:56	INFO : Received message OK.
15:58:57	INFO : User sent Message'RD R215'.
15:58:57	INFO : User sent Message'WR DM200 2'.
15:58:57	INFO : Received message OK.
15:58:58	INFO : User sent Message'RD R215'.
15:58:58	INFO : User sent Message'WR DM200 3'.
15:58:58	INFO : Received message OK.
15:58:58	WARNING : Socket connection failed.
15:58:58	WARNING : Socket The remote host closed the connection.
16:02:21	 : -------------------End-------------------.
16:27:57	INFO : |SYSTEM| Log folder exist.
16:27:57	INFO : |SYSYEM| Model folder exist.
16:28:12	 : -------------------End-------------------.
16:28:45	INFO : |SYSTEM| Log folder exist.
16:28:45	INFO : |SYSYEM| Model folder exist.
16:28:48	 : -------------------End-------------------.
16:28:57	INFO : |SYSTEM| Log folder exist.
16:28:57	INFO : |SYSYEM| Model folder exist.
17:07:26	INFO : |SYSTEM| Log folder exist.
17:07:26	INFO : |SYSYEM| Model folder exist.
17:09:38	INFO : User clicked ButtonpuB_connect.
17:09:38	INFO : Socket connection successful.
17:09:38	INFO : User sent Message'RD R212'.
17:09:38	INFO : Received message 1.
17:09:39	INFO : User sent Message'RD R215'.
17:09:39	INFO : User sent Message'WR DM200 1'.
17:09:39	INFO : Received message OK.
17:09:40	WARNING : Socket connection failed.
17:09:40	WARNING : Socket The remote host closed the connection.
17:10:24	WARNING : Socket connection failed.
17:10:34	INFO : User clicked ButtonpuB_connect.
17:10:41	INFO : Socket connection successful.
17:10:41	INFO : User sent Message'RD R212'.
17:10:41	INFO : Received message 1.
17:10:42	INFO : User sent Message'RD R215'.
17:10:42	INFO : User sent Message'WR DM200 1'.
17:10:42	INFO : Received message OK.
17:10:43	WARNING : Socket connection failed.
17:10:43	WARNING : Socket The remote host closed the connection.
17:11:08	INFO : Socket connection successful.
17:11:08	INFO : User sent Message'RD R212'.
17:11:08	INFO : Received message 1.
17:11:09	INFO : User sent Message'RD R215'.
17:11:09	INFO : User sent Message'WR DM200 2'.
17:11:09	INFO : Received message OK.
17:11:09	WARNING : Socket connection failed.
17:11:09	WARNING : Socket The remote host closed the connection.
17:15:19	 : -------------------End-------------------.
17:15:38	INFO : |SYSTEM| Log folder exist.
17:15:38	INFO : |SYSYEM| Model folder exist.
17:15:43	INFO : User clicked ButtonpuB_connect.
17:15:43	INFO : Socket connection successful.
17:15:43	INFO : User sent Message'RD R212'.
17:15:43	INFO : Received message 1.
17:15:43	INFO : User sent Message'RD R215'.
17:15:43	INFO : User sent Message'WR DM200 1'.
17:15:43	INFO : Received message OK.
17:15:44	INFO : User sent Message'RD R215'.
17:15:44	INFO : User sent Message'WR DM200 2'.
17:15:44	INFO : Received message OK.
17:15:45	INFO : User sent Message'RD R215'.
17:15:45	INFO : User sent Message'WR DM200 3'.
17:15:45	INFO : Received message OK.
17:15:46	INFO : User sent Message'RD R215'.
17:15:46	INFO : User sent Message'WR DM200 4'.
17:15:46	INFO : Received message OK.
17:15:47	INFO : User sent Message'RD R215'.
17:15:47	INFO : User sent Message'WR DM200 5'.
17:15:47	INFO : Received message OK.
17:15:48	INFO : User sent Message'RD R215'.
17:15:48	INFO : User sent Message'WR DM200 6'.
17:15:48	INFO : Received message OK.
17:15:49	INFO : User sent Message'RD R215'.
17:15:49	INFO : User sent Message'WR DM200 7'.
17:15:49	INFO : Received message OK.
17:15:50	INFO : User sent Message'RD R215'.
17:15:50	INFO : User sent Message'WR DM200 8'.
17:15:50	INFO : Received message OK.
17:15:51	INFO : User sent Message'RD R215'.
17:15:51	INFO : User sent Message'WR DM200 9'.
17:15:51	INFO : Received message OK.
17:15:52	INFO : User sent Message'RD R215'.
17:15:52	INFO : User sent Message'WR DM200 10'.
17:15:52	INFO : Received message OK.
17:15:53	INFO : User sent Message'RD R215'.
17:15:53	INFO : User sent Message'WR DM200 11'.
17:15:53	INFO : Received message OK.
17:15:54	INFO : User sent Message'RD R215'.
17:15:54	INFO : User clicked Button puB_start.
17:15:54	INFO : User sent Message'WR DM200 12'.
17:15:54	INFO : Received message OK.
17:15:55	INFO : User sent Message'WR R200 1'.
17:15:55	INFO : User sent Message'WR R200 1'.
17:15:55	INFO : User sent Message'WR R200 1'.
17:15:55	INFO : User sent Message'RD R215'.
17:15:55	INFO : User sent Message'WR DM200 13'.
17:15:55	INFO : Received message OK.
17:15:56	INFO : User sent Message'WR R200 1'.
17:15:56	INFO : User sent Message'WR R200 1'.
17:15:56	INFO : User sent Message'WR R200 1'.
17:15:56	INFO : User sent Message'RD R215'.
17:15:56	INFO : User sent Message'WR DM200 14'.
17:15:56	INFO : Received message OK.
17:15:57	INFO : User sent Message'WR R200 1'.
17:15:57	INFO : User sent Message'WR R200 1'.
17:15:57	INFO : User sent Message'WR R200 1'.
17:15:57	INFO : User sent Message'RD R215'.
17:15:57	INFO : User sent Message'WR DM200 15'.
17:15:57	INFO : Received message OK.
17:15:58	INFO : User sent Message'WR R200 1'.
17:15:58	INFO : User sent Message'WR R200 1'.
17:15:58	INFO : User sent Message'WR R200 1'.
17:15:58	INFO : User sent Message'RD R215'.
17:15:58	INFO : User sent Message'WR DM200 16'.
17:15:58	INFO : Received message OK.
17:15:59	INFO : User sent Message'WR R200 1'.
17:15:59	INFO : User sent Message'WR R200 1'.
17:15:59	INFO : User sent Message'WR R200 1'.
17:15:59	INFO : User sent Message'RD R215'.
17:15:59	INFO : User sent Message'WR DM200 17'.
17:15:59	INFO : Received message OK.
17:16:00	INFO : User sent Message'WR R200 1'.
17:16:00	INFO : User sent Message'WR R200 1'.
17:16:00	INFO : Received message OK.
17:16:00	INFO : User sent Message'RD R201'.
17:16:00	INFO : User sent Message'RD R215'.
17:16:00	INFO : User sent Message'WR DM200 18'.
17:16:00	INFO : Received message OK.
17:16:01	INFO : User sent Message'RD R201'.
17:16:01	INFO : User sent Message'RD R201'.
17:16:01	INFO : User sent Message'RD R201'.
17:16:01	INFO : User sent Message'RD R215'.
17:16:01	INFO : User sent Message'WR DM200 19'.
17:16:01	INFO : Received message OK.
17:16:02	INFO : User sent Message'RD R201'.
17:16:02	INFO : User sent Message'RD R201'.
17:16:02	INFO : User sent Message'RD R201'.
17:16:02	INFO : User sent Message'RD R215'.
17:16:02	INFO : User sent Message'WR DM200 20'.
17:16:02	INFO : Received message OK.
17:16:03	INFO : User sent Message'RD R201'.
17:16:03	INFO : User sent Message'RD R201'.
17:16:03	INFO : User sent Message'RD R201'.
17:16:03	WARNING : Socket connection failed.
17:16:03	WARNING : Socket The remote host closed the connection.
17:16:36	INFO : Socket connection successful.
17:16:36	INFO : User sent Message'RD R215'.
17:16:36	INFO : User sent Message'WR DM200 21'.
17:16:36	INFO : Received message OK.
17:16:37	INFO : User sent Message'RD R212'.
17:16:37	INFO : Received message 1.
17:16:37	INFO : User sent Message'WR R200 1'.
17:16:37	INFO : User sent Message'WR R200 1'.
17:16:37	INFO : User sent Message'RD R215'.
17:16:37	INFO : User sent Message'WR DM200 22'.
17:16:37	INFO : Received message OK.
17:16:38	INFO : User sent Message'WR R200 1'.
17:16:38	INFO : User sent Message'WR R200 1'.
17:16:38	INFO : User sent Message'WR R200 1'.
17:16:38	WARNING : Socket connection failed.
17:16:38	WARNING : Socket The remote host closed the connection.
17:20:01	INFO : |SYSTEM| Log folder exist.
17:20:01	INFO : |SYSYEM| Model folder exist.
17:20:10	INFO : User clicked ButtonpuB_connect.
17:20:10	INFO : Socket connection successful.
17:20:10	INFO : User sent Message'RD R212'.
17:20:10	INFO : Received message 1.
17:20:10	INFO : User sent Message'RD R215'.
17:20:10	INFO : User sent Message'WR DM200 1'.
17:20:10	INFO : Received message OK.
17:20:11	INFO : User sent Message'RD R215'.
17:20:11	INFO : User sent Message'WR DM200 2'.
17:20:11	INFO : Received message OK.
17:20:12	INFO : User sent Message'RD R215'.
17:20:12	INFO : User sent Message'WR DM200 3'.
17:20:12	INFO : Received message OK.
17:20:13	INFO : User sent Message'RD R215'.
17:20:13	INFO : User sent Message'WR DM200 4'.
17:20:13	INFO : Received message OK.
17:20:14	INFO : User sent Message'RD R215'.
17:20:14	INFO : User sent Message'WR DM200 5'.
17:20:15	INFO : Received message OK.
17:20:15	INFO : User sent Message'RD R215'.
17:20:15	INFO : User sent Message'WR DM200 6'.
17:20:15	INFO : Received message OK.
17:20:16	INFO : User clicked Button puB_start.
17:20:16	INFO : User sent Message'WR R200 1'.
17:20:16	INFO : User sent Message'WR R200 1'.
17:20:16	INFO : User sent Message'RD R215'.
17:20:16	INFO : User sent Message'WR DM200 7'.
17:20:16	INFO : Received message OK.
17:20:17	INFO : User sent Message'WR R200 1'.
17:20:17	INFO : User sent Message'WR R200 1'.
17:20:17	INFO : User sent Message'WR R200 1'.
17:20:17	INFO : User sent Message'RD R215'.
17:20:17	INFO : User sent Message'WR DM200 8'.
17:20:17	INFO : Received message OK.
17:20:18	INFO : User sent Message'WR R200 1'.
17:20:18	INFO : User sent Message'WR R200 1'.
17:20:18	INFO : User sent Message'WR R200 1'.
17:20:18	INFO : User sent Message'RD R215'.
17:20:18	INFO : User sent Message'WR DM200 9'.
17:20:18	INFO : Received message OK.
17:20:19	INFO : User sent Message'WR R200 1'.
17:20:19	INFO : User sent Message'WR R200 1'.
17:20:19	INFO : User sent Message'WR R200 1'.
17:20:19	INFO : User sent Message'RD R215'.
17:20:19	INFO : User sent Message'WR DM200 10'.
17:20:19	INFO : Received message OK.
17:20:20	INFO : User sent Message'WR R200 1'.
17:20:20	INFO : User sent Message'WR R200 1'.
17:20:20	INFO : User sent Message'WR R200 1'.
17:20:20	INFO : User sent Message'RD R215'.
17:20:20	INFO : User sent Message'WR DM200 11'.
17:20:20	INFO : Received message OK.
17:20:21	INFO : User sent Message'WR R200 1'.
17:20:21	INFO : User sent Message'WR R200 1'.
17:20:21	INFO : User sent Message'WR R200 1'.
17:20:21	INFO : User sent Message'RD R215'.
17:20:21	INFO : User sent Message'WR DM200 12'.
17:20:21	INFO : Received message OK.
17:20:22	INFO : User sent Message'WR R200 1'.
17:20:22	INFO : User sent Message'WR R200 1'.
17:20:22	INFO : User sent Message'WR R200 1'.
17:20:22	INFO : User sent Message'RD R215'.
17:20:22	INFO : User sent Message'WR DM200 13'.
17:20:22	INFO : Received message OK.
17:20:23	INFO : User sent Message'WR R200 1'.
17:20:23	INFO : User sent Message'WR R200 1'.
17:20:23	INFO : User sent Message'WR R200 1'.
17:20:23	INFO : User sent Message'RD R215'.
17:20:23	INFO : User sent Message'WR DM200 14'.
17:20:23	INFO : Received message OK.
17:20:24	INFO : User sent Message'WR R200 1'.
17:20:24	INFO : User sent Message'WR R200 1'.
17:20:24	INFO : User sent Message'WR R200 1'.
17:20:24	INFO : User sent Message'RD R215'.
17:20:24	INFO : User sent Message'WR DM200 15'.
17:20:24	INFO : Received message OK.
17:20:25	INFO : User sent Message'WR R200 1'.
17:20:25	INFO : User sent Message'WR R200 1'.
17:20:25	INFO : User sent Message'WR R200 1'.
17:20:25	INFO : User sent Message'RD R215'.
17:20:25	INFO : User sent Message'WR DM200 16'.
17:20:25	INFO : Received message OK.
17:20:26	INFO : User sent Message'WR R200 1'.
17:20:26	INFO : User sent Message'WR R200 1'.
17:20:26	INFO : User sent Message'WR R200 1'.
17:20:26	INFO : User sent Message'RD R215'.
17:20:26	INFO : User sent Message'WR DM200 17'.
17:20:26	INFO : Received message OK.
17:20:27	INFO : User sent Message'WR R200 1'.
17:20:27	INFO : User sent Message'WR R200 1'.
17:20:27	INFO : User sent Message'WR R200 1'.
17:20:27	INFO : User sent Message'RD R215'.
17:20:27	INFO : User sent Message'WR DM200 18'.
17:20:27	INFO : Received message OK.
17:20:28	INFO : User sent Message'WR R200 1'.
17:20:28	INFO : User sent Message'WR R200 1'.
17:20:28	INFO : User sent Message'WR R200 1'.
17:20:28	INFO : User sent Message'RD R215'.
17:20:28	INFO : User sent Message'WR DM200 19'.
17:20:28	INFO : Received message OK.
17:20:29	INFO : User sent Message'WR R200 1'.
17:20:29	INFO : Received message OK.
17:20:29	INFO : User sent Message'RD R201'.
17:20:29	INFO : User sent Message'RD R201'.
17:20:29	INFO : User sent Message'RD R215'.
17:20:29	INFO : User sent Message'WR DM200 20'.
17:20:29	INFO : Received message OK.
17:20:30	INFO : User sent Message'RD R201'.
17:20:30	INFO : User sent Message'RD R201'.
17:20:30	INFO : User sent Message'RD R201'.
17:20:30	INFO : User sent Message'RD R215'.
17:20:30	INFO : User sent Message'WR DM200 21'.
17:20:30	INFO : Received message OK.
17:20:31	INFO : User sent Message'RD R201'.
17:20:31	INFO : User sent Message'RD R201'.
17:20:31	INFO : User sent Message'RD R201'.
17:20:31	INFO : User sent Message'RD R215'.
17:20:31	INFO : User sent Message'WR DM200 22'.
17:20:31	INFO : Received message OK.
17:20:32	INFO : User sent Message'RD R201'.
17:20:32	INFO : User sent Message'RD R201'.
17:20:32	INFO : User sent Message'RD R201'.
17:20:32	INFO : Received message 1.
17:20:32	INFO : Edge reset R200 and R201.
17:20:32	INFO : User sent Message'RD R215'.
17:20:32	INFO : User sent Message'WR DM200 23'.
17:20:32	INFO : Received message OK.
17:20:33	INFO : User sent Message'WRS R200 2 0 0'.
17:20:33	INFO : User sent Message'WRS R200 2 0 0'.
17:20:33	INFO : User sent Message'WRS R200 2 0 0'.
17:20:33	INFO : User sent Message'RD R215'.
17:20:33	INFO : User sent Message'WR DM200 24'.
17:20:33	INFO : Received message OK.
17:20:34	INFO : User sent Message'WRS R200 2 0 0'.
17:20:34	INFO : User sent Message'WRS R200 2 0 0'.
17:20:34	INFO : User sent Message'WRS R200 2 0 0'.
17:20:34	INFO : User sent Message'RD R215'.
17:20:34	INFO : User sent Message'WR DM200 25'.
17:20:34	INFO : Received message OK.
17:20:35	INFO : User sent Message'WRS R200 2 0 0'.
17:20:35	INFO : User sent Message'WRS R200 2 0 0'.
17:20:35	INFO : User sent Message'WRS R200 2 0 0'.
17:20:35	INFO : User sent Message'RD R215'.
17:20:35	INFO : User sent Message'WR DM200 26'.
17:20:35	INFO : Received message OK.
17:20:36	INFO : User sent Message'WRS R200 2 0 0'.
17:20:36	INFO : User sent Message'WRS R200 2 0 0'.
17:20:36	INFO : Received message OK.
17:20:36	INFO : User sent Message'WR DM202 1'.
17:20:36	INFO : User sent Message'RD R215'.
17:20:36	INFO : User sent Message'WR DM200 27'.
17:20:36	INFO : Received message OK.
17:20:37	INFO : User sent Message'WR DM202 1'.
17:20:37	INFO : User sent Message'WR DM202 1'.
17:20:37	INFO : User sent Message'WR DM202 1'.
17:20:37	INFO : User sent Message'RD R215'.
17:20:37	INFO : User sent Message'WR DM200 28'.
17:20:37	INFO : Received message OK.
17:20:38	INFO : User sent Message'WR DM202 1'.
17:20:38	INFO : User sent Message'WR DM202 1'.
17:20:38	INFO : User sent Message'WR DM202 1'.
17:20:38	INFO : User sent Message'RD R215'.
17:20:38	INFO : User sent Message'WR DM200 29'.
17:20:38	INFO : Received message OK.
17:20:39	INFO : User sent Message'WR DM202 1'.
17:20:39	INFO : User sent Message'WR DM202 1'.
17:20:39	INFO : User sent Message'WR DM202 1'.
17:20:39	INFO : User sent Message'RD R215'.
17:20:39	INFO : User sent Message'WR DM200 30'.
17:20:39	INFO : Received message OK.
17:20:40	INFO : User sent Message'WR DM202 1'.
17:20:40	INFO : User sent Message'WR DM202 1'.
17:20:40	INFO : User sent Message'WR DM202 1'.
17:20:40	INFO : User sent Message'RD R215'.
17:20:40	INFO : User sent Message'WR DM200 31'.
17:20:40	INFO : Received message OK.
17:20:41	INFO : User sent Message'WR DM202 1'.
17:20:41	INFO : User sent Message'WR DM202 1'.
17:20:41	INFO : User sent Message'WR DM202 1'.
17:20:41	INFO : User sent Message'RD R215'.
17:20:41	INFO : User sent Message'WR DM200 32'.
17:20:41	INFO : Received message OK.
17:20:42	INFO : User sent Message'WR DM202 1'.
17:20:42	INFO : User sent Message'WR DM202 1'.
17:20:42	INFO : User sent Message'WR DM202 1'.
17:20:42	INFO : User sent Message'RD R215'.
17:20:42	INFO : User sent Message'WR DM200 33'.
17:20:42	INFO : Received message OK.
17:20:43	INFO : User sent Message'WR DM202 1'.
17:20:43	INFO : User sent Message'WR DM202 1'.
17:20:43	INFO : User sent Message'WR DM202 1'.
17:20:43	INFO : User sent Message'RD R215'.
17:20:43	INFO : User sent Message'WR DM200 34'.
17:20:43	INFO : Received message OK.
17:20:44	INFO : User sent Message'WR DM202 1'.
17:20:44	INFO : User sent Message'WR DM202 1'.
17:20:44	INFO : User sent Message'WR DM202 1'.
17:20:44	INFO : User sent Message'RD R215'.
17:20:44	INFO : User sent Message'WR DM200 35'.
17:20:44	INFO : Received message OK.
17:20:45	INFO : User sent Message'WR DM202 1'.
17:20:45	INFO : User sent Message'WR DM202 1'.
17:20:45	INFO : User sent Message'WR DM202 1'.
17:20:45	INFO : User sent Message'RD R215'.
17:20:45	INFO : User sent Message'WR DM200 36'.
17:20:45	INFO : Received message OK.
17:20:46	INFO : User sent Message'WR DM202 1'.
17:20:46	INFO : User sent Message'WR DM202 1'.
17:20:46	WARNING : Socket connection failed.
17:20:46	WARNING : Socket The remote host closed the connection.
17:21:08	INFO : Socket connection successful.
17:21:08	INFO : User sent Message'RD R215'.
17:21:08	INFO : User sent Message'WR DM200 37'.
17:21:08	INFO : Received message OK.
17:21:09	INFO : User sent Message'WR DM202 1'.
17:21:09	INFO : User sent Message'WR DM202 1'.
17:21:09	INFO : User sent Message'WR DM202 1'.
17:21:09	INFO : User sent Message'RD R215'.
17:21:09	INFO : User sent Message'WR DM200 38'.
17:21:09	INFO : Received message OK.
17:21:10	INFO : User sent Message'WR DM202 1'.
17:21:10	INFO : User sent Message'WR DM202 1'.
17:21:10	INFO : User sent Message'WR DM202 1'.
17:21:10	INFO : User sent Message'RD R215'.
17:21:10	INFO : User sent Message'WR DM200 39'.
17:21:10	INFO : Received message OK.
17:21:11	INFO : User sent Message'WR DM202 1'.
17:21:11	INFO : User sent Message'WR DM202 1'.
17:21:11	INFO : User sent Message'WR DM202 1'.
17:21:11	INFO : User sent Message'RD R215'.
17:21:11	INFO : User sent Message'WR DM200 40'.
17:21:11	INFO : Received message OK.
17:21:12	INFO : User sent Message'WR DM202 1'.
17:21:12	INFO : User sent Message'WR DM202 1'.
17:21:12	INFO : User sent Message'WR DM202 1'.
17:21:12	INFO : User sent Message'RD R215'.
17:21:12	INFO : User sent Message'WR DM200 41'.
17:21:12	INFO : Received message OK.
17:21:13	INFO : User sent Message'WR DM202 1'.
17:21:13	INFO : User sent Message'WR DM202 1'.
17:21:13	INFO : User sent Message'WR DM202 1'.
17:21:13	INFO : User sent Message'RD R215'.
17:21:13	INFO : User sent Message'WR DM200 42'.
17:21:13	INFO : Received message OK.
17:21:14	INFO : User sent Message'WR DM202 1'.
17:21:14	INFO : User sent Message'WR DM202 1'.
17:21:14	INFO : User sent Message'WR DM202 1'.
17:21:14	INFO : User sent Message'RD R215'.
17:21:14	INFO : User sent Message'WR DM200 43'.
17:21:14	INFO : Received message OK.
17:21:15	INFO : User sent Message'WR DM202 1'.
17:21:15	INFO : User sent Message'WR DM202 1'.
17:21:15	INFO : User sent Message'WR DM202 1'.
17:21:15	INFO : User sent Message'RD R215'.
17:21:15	INFO : User sent Message'WR DM200 44'.
17:21:15	INFO : Received message OK.
17:21:16	INFO : User sent Message'WR DM202 1'.
17:21:16	INFO : User sent Message'WR DM202 1'.
17:21:16	INFO : User sent Message'WR DM202 1'.
17:21:16	INFO : User sent Message'RD R215'.
17:21:16	INFO : User sent Message'WR DM200 45'.
17:21:16	INFO : Received message OK.
17:21:17	INFO : User sent Message'WR DM202 1'.
17:21:17	INFO : User sent Message'WR DM202 1'.
17:21:17	INFO : User sent Message'WR DM202 1'.
17:21:17	INFO : User sent Message'RD R215'.
17:21:17	INFO : User sent Message'WR DM200 46'.
17:21:17	INFO : Received message OK.
17:21:18	INFO : User sent Message'WR DM202 1'.
17:21:18	INFO : User sent Message'WR DM202 1'.
17:21:18	INFO : User sent Message'WR DM202 1'.
17:21:18	INFO : User sent Message'RD R215'.
17:21:18	INFO : User sent Message'WR DM200 47'.
17:21:18	INFO : Received message OK.
17:21:19	INFO : User sent Message'WR DM202 1'.
17:21:19	INFO : User sent Message'WR DM202 1'.
17:21:19	INFO : User sent Message'WR DM202 1'.
17:21:19	INFO : User sent Message'RD R215'.
17:21:19	INFO : User sent Message'WR DM200 48'.
17:21:19	INFO : Received message OK.
17:21:20	INFO : User sent Message'WR DM202 1'.
17:21:20	INFO : User sent Message'WR DM202 1'.
17:21:20	INFO : User sent Message'WR DM202 1'.
17:21:20	INFO : User sent Message'RD R215'.
17:21:20	INFO : User sent Message'WR DM200 49'.
17:21:20	INFO : Received message OK.
17:21:21	INFO : User sent Message'WR DM202 1'.
17:21:21	INFO : User sent Message'WR DM202 1'.
17:21:21	INFO : User sent Message'WR DM202 1'.
17:21:21	INFO : User sent Message'RD R215'.
17:21:21	INFO : User sent Message'WR DM200 50'.
17:21:21	INFO : Received message OK.
17:21:22	INFO : User sent Message'WR DM202 1'.
17:21:22	INFO : User sent Message'WR DM202 1'.
17:21:22	INFO : User sent Message'WR DM202 1'.
17:21:22	INFO : User sent Message'RD R215'.
17:21:22	INFO : User sent Message'WR DM200 51'.
17:21:22	INFO : Received message OK.
17:21:23	INFO : User sent Message'WR DM202 1'.
17:21:23	INFO : User sent Message'WR DM202 1'.
17:21:23	INFO : User sent Message'WR DM202 1'.
17:21:23	INFO : User sent Message'RD R215'.
17:21:23	INFO : User sent Message'WR DM200 52'.
17:21:23	INFO : Received message OK.
17:21:24	INFO : User sent Message'WR DM202 1'.
17:21:24	INFO : User sent Message'WR DM202 1'.
17:21:24	INFO : User sent Message'WR DM202 1'.
17:21:24	INFO : User sent Message'RD R215'.
17:21:24	INFO : User sent Message'WR DM200 53'.
17:21:24	INFO : Received message OK.
17:21:25	INFO : User sent Message'WR DM202 1'.
17:21:25	INFO : User sent Message'WR DM202 1'.
17:21:25	INFO : User sent Message'WR DM202 1'.
17:21:25	INFO : User sent Message'RD R215'.
17:21:25	INFO : User sent Message'WR DM200 54'.
17:21:25	INFO : Received message OK.
17:21:26	INFO : User sent Message'WR DM202 1'.
17:21:26	INFO : User sent Message'WR DM202 1'.
17:21:26	INFO : User sent Message'WR DM202 1'.
17:21:26	INFO : User sent Message'RD R215'.
17:21:26	INFO : User sent Message'WR DM200 55'.
17:21:26	INFO : Received message OK.
17:21:27	INFO : User sent Message'WR DM202 1'.
17:21:27	INFO : User sent Message'WR DM202 1'.
17:21:27	INFO : User sent Message'WR DM202 1'.
17:21:27	INFO : User sent Message'RD R215'.
17:21:27	INFO : User sent Message'WR DM200 56'.
17:21:27	INFO : Received message OK.
17:21:28	INFO : User sent Message'WR DM202 1'.
17:21:28	INFO : User sent Message'WR DM202 1'.
17:21:28	INFO : User sent Message'WR DM202 1'.
17:21:28	INFO : User sent Message'RD R215'.
17:21:28	INFO : User sent Message'WR DM200 57'.
17:21:28	INFO : Received message OK.
17:21:29	INFO : User sent Message'WR DM202 1'.
17:21:29	INFO : User sent Message'WR DM202 1'.
17:21:29	INFO : User sent Message'WR DM202 1'.
17:21:29	INFO : User sent Message'RD R215'.
17:21:29	INFO : User sent Message'WR DM200 58'.
17:21:29	INFO : Received message OK.
17:21:30	INFO : User sent Message'WR DM202 1'.
17:21:30	INFO : User sent Message'WR DM202 1'.
17:21:30	INFO : User sent Message'WR DM202 1'.
17:21:30	INFO : User sent Message'RD R215'.
17:21:30	INFO : User sent Message'WR DM200 59'.
17:21:30	INFO : Received message OK.
17:21:31	INFO : User sent Message'WR DM202 1'.
17:21:31	INFO : User sent Message'WR DM202 1'.
17:21:31	INFO : User sent Message'WR DM202 1'.
17:21:31	INFO : User sent Message'RD R215'.
17:21:31	INFO : User sent Message'WR DM200 60'.
17:21:31	INFO : Received message OK.
17:21:32	INFO : User sent Message'WR DM202 1'.
17:21:32	INFO : User sent Message'WR DM202 1'.
17:21:32	INFO : User sent Message'WR DM202 1'.
17:21:32	INFO : User sent Message'RD R215'.
17:21:32	INFO : User sent Message'WR DM200 61'.
17:21:32	INFO : Received message OK.
17:21:33	INFO : User sent Message'WR DM202 1'.
17:21:33	INFO : User sent Message'WR DM202 1'.
17:21:33	INFO : User sent Message'WR DM202 1'.
17:21:33	INFO : User sent Message'RD R215'.
17:21:33	INFO : User sent Message'WR DM200 62'.
17:21:33	INFO : Received message OK.
17:21:34	INFO : User sent Message'WR DM202 1'.
17:21:34	INFO : User sent Message'WR DM202 1'.
17:21:34	INFO : User sent Message'WR DM202 1'.
17:21:34	INFO : User sent Message'RD R215'.
17:21:34	INFO : User sent Message'WR DM200 63'.
17:21:34	INFO : Received message OK.
17:21:35	INFO : User sent Message'WR DM202 1'.
17:21:35	INFO : User sent Message'WR DM202 1'.
17:21:35	INFO : User sent Message'WR DM202 1'.
17:21:35	INFO : User sent Message'RD R215'.
17:21:35	INFO : User sent Message'WR DM200 64'.
17:21:35	INFO : Received message OK.
17:21:36	INFO : User sent Message'WR DM202 1'.
17:21:36	INFO : User sent Message'WR DM202 1'.
17:21:36	INFO : User sent Message'WR DM202 1'.
17:21:36	INFO : User sent Message'RD R215'.
17:21:36	INFO : User sent Message'WR DM200 65'.
17:21:36	INFO : Received message OK.
17:21:37	INFO : User sent Message'WR DM202 1'.
17:21:37	INFO : User sent Message'WR DM202 1'.
17:21:37	INFO : User sent Message'WR DM202 1'.
17:21:37	INFO : User sent Message'RD R215'.
17:21:37	INFO : User sent Message'WR DM200 66'.
17:21:37	INFO : Received message OK.
17:21:38	INFO : User sent Message'WR DM202 1'.
17:21:38	INFO : User sent Message'WR DM202 1'.
17:21:38	INFO : User sent Message'WR DM202 1'.
17:21:38	INFO : User sent Message'RD R215'.
17:21:38	INFO : User sent Message'WR DM200 67'.
17:21:38	INFO : Received message OK.
17:21:39	INFO : User sent Message'WR DM202 1'.
17:21:39	INFO : User sent Message'WR DM202 1'.
17:21:39	INFO : User sent Message'WR DM202 1'.
17:21:39	INFO : User sent Message'RD R215'.
17:21:39	INFO : User sent Message'WR DM200 68'.
17:21:39	INFO : Received message OK.
17:21:40	INFO : User sent Message'WR DM202 1'.
17:21:40	INFO : User sent Message'WR DM202 1'.
17:21:40	INFO : User sent Message'WR DM202 1'.
17:21:40	INFO : User sent Message'RD R215'.
17:21:40	INFO : User sent Message'WR DM200 69'.
17:21:40	INFO : Received message OK.
17:21:41	INFO : User sent Message'WR DM202 1'.
17:21:41	INFO : User sent Message'WR DM202 1'.
17:21:41	INFO : User sent Message'WR DM202 1'.
17:21:41	INFO : User sent Message'RD R215'.
17:21:41	INFO : User sent Message'WR DM200 70'.
17:21:41	INFO : Received message OK.
17:21:42	INFO : User sent Message'WR DM202 1'.
17:21:42	INFO : User sent Message'WR DM202 1'.
17:21:42	INFO : User sent Message'WR DM202 1'.
17:21:42	INFO : User sent Message'RD R215'.
17:21:42	INFO : User sent Message'WR DM200 71'.
17:21:42	INFO : Received message OK.
17:21:43	INFO : User sent Message'WR DM202 1'.
17:21:43	INFO : User sent Message'WR DM202 1'.
17:21:43	INFO : User sent Message'WR DM202 1'.
17:21:43	INFO : User sent Message'RD R215'.
17:21:43	INFO : User sent Message'WR DM200 72'.
17:21:43	INFO : Received message OK.
17:21:44	INFO : User sent Message'WR DM202 1'.
17:21:44	INFO : User sent Message'WR DM202 1'.
17:21:44	INFO : User sent Message'WR DM202 1'.
17:21:44	INFO : User sent Message'RD R215'.
17:21:44	INFO : User sent Message'WR DM200 73'.
17:21:44	INFO : Received message OK.
17:21:45	INFO : User sent Message'WR DM202 1'.
17:21:45	INFO : User sent Message'WR DM202 1'.
17:21:45	INFO : User sent Message'WR DM202 1'.
17:21:45	INFO : User sent Message'RD R215'.
17:21:45	INFO : User sent Message'WR DM200 74'.
17:21:45	INFO : Received message OK.
17:21:46	INFO : User sent Message'WR DM202 1'.
17:21:46	INFO : User sent Message'WR DM202 1'.
17:21:46	INFO : User sent Message'WR DM202 1'.
17:21:46	INFO : User sent Message'RD R215'.
17:21:46	INFO : User sent Message'WR DM200 75'.
17:21:46	INFO : Received message OK.
17:21:47	INFO : User sent Message'WR DM202 1'.
17:21:47	INFO : User sent Message'WR DM202 1'.
17:21:47	INFO : User sent Message'WR DM202 1'.
17:21:47	INFO : User sent Message'RD R215'.
17:21:47	INFO : User sent Message'WR DM200 76'.
17:21:47	INFO : Received message OK.
17:21:48	INFO : User sent Message'WR DM202 1'.
17:21:48	INFO : User sent Message'WR DM202 1'.
17:21:48	INFO : User sent Message'WR DM202 1'.
17:21:48	INFO : User sent Message'RD R215'.
17:21:48	INFO : User sent Message'WR DM200 77'.
17:21:48	INFO : Received message OK.
17:21:49	INFO : User sent Message'WR DM202 1'.
17:21:49	INFO : User sent Message'WR DM202 1'.
17:21:49	INFO : User sent Message'WR DM202 1'.
17:21:49	INFO : User sent Message'RD R215'.
17:21:49	INFO : User sent Message'WR DM200 78'.
17:21:49	INFO : Received message OK.
17:21:50	INFO : User sent Message'WR DM202 1'.
17:21:50	INFO : User sent Message'WR DM202 1'.
17:21:50	INFO : User sent Message'WR DM202 1'.
17:21:50	INFO : User sent Message'RD R215'.
17:21:50	INFO : User sent Message'WR DM200 79'.
17:21:50	INFO : Received message OK.
17:21:51	INFO : User sent Message'WR DM202 1'.
17:21:51	INFO : User sent Message'WR DM202 1'.
17:21:51	INFO : User sent Message'WR DM202 1'.
17:21:51	INFO : User sent Message'RD R215'.
17:21:51	INFO : User sent Message'WR DM200 80'.
17:21:52	INFO : Received message OK.
17:21:52	INFO : User sent Message'WR DM202 1'.
17:21:52	INFO : User sent Message'WR DM202 1'.
17:21:52	INFO : User sent Message'WR DM202 1'.
17:21:52	INFO : User sent Message'RD R215'.
17:21:52	INFO : User sent Message'WR DM200 81'.
17:21:52	INFO : Received message OK.
17:21:53	INFO : User sent Message'WR DM202 1'.
17:21:53	INFO : User sent Message'WR DM202 1'.
17:21:53	INFO : User sent Message'WR DM202 1'.
17:21:53	INFO : User sent Message'RD R215'.
17:21:53	INFO : User sent Message'WR DM200 82'.
17:21:53	INFO : Received message OK.
17:21:54	INFO : User sent Message'WR DM202 1'.
17:21:54	INFO : User sent Message'WR DM202 1'.
17:21:54	INFO : User sent Message'WR DM202 1'.
17:21:54	INFO : User sent Message'RD R215'.
17:21:54	INFO : User sent Message'WR DM200 83'.
17:21:54	INFO : Received message OK.
17:21:55	INFO : User sent Message'WR DM202 1'.
17:21:55	INFO : User sent Message'WR DM202 1'.
17:21:55	INFO : User sent Message'WR DM202 1'.
17:21:55	INFO : User sent Message'RD R215'.
17:21:55	INFO : User sent Message'WR DM200 84'.
17:21:55	INFO : Received message OK.
17:21:56	INFO : User sent Message'WR DM202 1'.
17:21:56	INFO : User sent Message'WR DM202 1'.
17:21:56	INFO : User sent Message'WR DM202 1'.
17:21:56	INFO : User sent Message'RD R215'.
17:21:56	INFO : User sent Message'WR DM200 85'.
17:21:56	INFO : Received message OK.
17:21:57	INFO : User sent Message'WR DM202 1'.
17:21:57	INFO : User sent Message'WR DM202 1'.
17:21:57	INFO : User sent Message'WR DM202 1'.
17:21:57	INFO : User sent Message'RD R215'.
17:21:57	INFO : User sent Message'WR DM200 86'.
17:21:57	INFO : Received message OK.
17:21:58	INFO : User sent Message'WR DM202 1'.
17:21:58	INFO : User sent Message'WR DM202 1'.
17:21:58	INFO : User sent Message'WR DM202 1'.
17:21:58	INFO : User sent Message'RD R215'.
17:21:58	INFO : User sent Message'WR DM200 87'.
17:21:58	INFO : Received message OK.
17:21:59	INFO : User sent Message'WR DM202 1'.
17:21:59	INFO : User sent Message'WR DM202 1'.
17:21:59	INFO : User sent Message'WR DM202 1'.
17:21:59	INFO : User sent Message'RD R215'.
17:21:59	INFO : User sent Message'WR DM200 88'.
17:21:59	INFO : Received message OK.
17:22:00	INFO : User sent Message'WR DM202 1'.
17:22:00	INFO : User sent Message'WR DM202 1'.
17:22:00	INFO : User sent Message'WR DM202 1'.
17:22:00	INFO : User sent Message'RD R215'.
17:22:00	INFO : User sent Message'WR DM200 89'.
17:22:00	INFO : Received message OK.
17:22:01	INFO : User sent Message'WR DM202 1'.
17:22:01	INFO : User sent Message'WR DM202 1'.
17:22:01	INFO : User sent Message'WR DM202 1'.
17:22:01	INFO : User sent Message'RD R215'.
17:22:01	INFO : User sent Message'WR DM200 90'.
17:22:01	INFO : Received message OK.
17:22:02	INFO : User sent Message'WR DM202 1'.
17:22:02	INFO : User sent Message'WR DM202 1'.
17:22:02	INFO : User sent Message'WR DM202 1'.
17:22:02	INFO : User sent Message'RD R215'.
17:22:02	INFO : User sent Message'WR DM200 91'.
17:22:02	INFO : Received message OK.
17:22:03	INFO : User sent Message'WR DM202 1'.
17:22:03	INFO : User sent Message'WR DM202 1'.
17:22:03	INFO : User sent Message'WR DM202 1'.
17:22:03	INFO : User sent Message'RD R215'.
17:22:03	INFO : User sent Message'WR DM200 92'.
17:22:03	INFO : Received message OK.
17:22:04	INFO : User sent Message'WR DM202 1'.
17:22:04	INFO : User sent Message'WR DM202 1'.
17:22:04	INFO : User sent Message'WR DM202 1'.
17:22:04	INFO : User sent Message'RD R215'.
17:22:04	INFO : User sent Message'WR DM200 93'.
17:22:04	INFO : Received message OK.
17:22:05	INFO : User sent Message'WR DM202 1'.
17:22:05	INFO : User sent Message'WR DM202 1'.
17:22:05	INFO : User sent Message'WR DM202 1'.
17:22:05	INFO : User sent Message'RD R215'.
17:22:05	INFO : User sent Message'WR DM200 94'.
17:22:05	INFO : Received message OK.
17:22:06	INFO : User sent Message'WR DM202 1'.
17:22:06	INFO : User sent Message'WR DM202 1'.
17:22:06	INFO : User sent Message'WR DM202 1'.
17:22:06	INFO : User sent Message'RD R215'.
17:22:06	INFO : User sent Message'WR DM200 95'.
17:22:06	INFO : Received message OK.
17:22:07	INFO : User sent Message'WR DM202 1'.
17:22:07	INFO : User sent Message'WR DM202 1'.
17:22:07	INFO : User sent Message'WR DM202 1'.
17:22:07	INFO : User sent Message'RD R215'.
17:22:07	INFO : User sent Message'WR DM200 96'.
17:22:07	INFO : Received message OK.
17:22:08	INFO : User sent Message'WR DM202 1'.
17:22:08	INFO : User sent Message'WR DM202 1'.
17:22:08	INFO : User sent Message'WR DM202 1'.
17:22:08	INFO : User sent Message'RD R215'.
17:22:08	INFO : User sent Message'WR DM200 97'.
17:22:08	INFO : Received message OK.
17:22:09	INFO : User sent Message'WR DM202 1'.
17:22:09	INFO : User sent Message'WR DM202 1'.
17:22:09	INFO : User sent Message'WR DM202 1'.
17:22:09	INFO : User sent Message'RD R215'.
17:22:09	INFO : User sent Message'WR DM200 98'.
17:22:09	INFO : Received message OK.
17:22:10	INFO : User sent Message'WR DM202 1'.
17:22:10	INFO : User sent Message'WR DM202 1'.
17:22:10	INFO : User sent Message'WR DM202 1'.
17:22:10	INFO : User sent Message'RD R215'.
17:22:10	INFO : User sent Message'WR DM200 99'.
17:22:10	INFO : Received message OK.
17:22:11	INFO : User sent Message'WR DM202 1'.
17:22:11	INFO : User sent Message'WR DM202 1'.
17:22:11	INFO : User sent Message'WR DM202 1'.
17:22:11	INFO : User sent Message'RD R215'.
17:22:11	INFO : User sent Message'WR DM200 100'.
17:22:11	INFO : Received message OK.
17:22:12	INFO : User sent Message'WR DM202 1'.
17:22:12	INFO : User sent Message'WR DM202 1'.
17:22:12	INFO : User sent Message'WR DM202 1'.
17:22:12	INFO : User sent Message'RD R215'.
17:22:12	INFO : User sent Message'WR DM200 101'.
17:22:12	INFO : Received message OK.
17:22:13	INFO : User sent Message'WR DM202 1'.
17:22:13	INFO : User sent Message'WR DM202 1'.
17:22:13	INFO : User sent Message'WR DM202 1'.
17:22:13	INFO : User sent Message'RD R215'.
17:22:13	INFO : User sent Message'WR DM200 102'.
17:22:13	INFO : Received message OK.
17:22:14	INFO : User sent Message'WR DM202 1'.
17:22:14	INFO : User sent Message'WR DM202 1'.
17:22:14	INFO : User sent Message'WR DM202 1'.
17:22:14	INFO : User sent Message'RD R215'.
17:22:14	INFO : User sent Message'WR DM200 103'.
17:22:14	INFO : Received message OK.
17:22:15	INFO : User sent Message'WR DM202 1'.
17:22:15	INFO : User sent Message'WR DM202 1'.
17:22:15	INFO : User sent Message'WR DM202 1'.
17:22:15	INFO : User sent Message'RD R215'.
17:22:15	INFO : User sent Message'WR DM200 104'.
17:22:15	INFO : Received message OK.
17:22:16	INFO : User sent Message'WR DM202 1'.
17:22:16	INFO : User sent Message'WR DM202 1'.
17:22:16	INFO : User sent Message'WR DM202 1'.
17:22:16	INFO : User sent Message'RD R215'.
17:22:16	INFO : User sent Message'WR DM200 105'.
17:22:16	INFO : Received message OK.
17:22:17	INFO : User sent Message'WR DM202 1'.
17:22:17	INFO : User sent Message'WR DM202 1'.
17:22:17	INFO : User sent Message'WR DM202 1'.
17:22:17	INFO : User sent Message'RD R215'.
17:22:17	INFO : User sent Message'WR DM200 106'.
17:22:17	INFO : Received message OK.
17:22:18	INFO : User sent Message'WR DM202 1'.
17:22:18	INFO : User sent Message'WR DM202 1'.
17:22:18	INFO : User sent Message'WR DM202 1'.
17:22:18	INFO : User sent Message'RD R215'.
17:22:18	INFO : User sent Message'WR DM200 107'.
17:22:18	INFO : Received message OK.
17:22:19	INFO : User sent Message'WR DM202 1'.
17:22:19	INFO : User sent Message'WR DM202 1'.
17:22:19	INFO : User sent Message'WR DM202 1'.
17:22:19	INFO : User sent Message'RD R215'.
17:22:19	INFO : User sent Message'WR DM200 108'.
17:22:19	INFO : Received message OK.
17:22:20	INFO : User sent Message'WR DM202 1'.
17:22:20	INFO : User sent Message'WR DM202 1'.
17:22:20	INFO : User sent Message'WR DM202 1'.
17:22:20	INFO : User sent Message'RD R215'.
17:22:20	INFO : User sent Message'WR DM200 109'.
17:22:20	INFO : Received message OK.
17:22:21	INFO : User sent Message'WR DM202 1'.
17:22:21	INFO : User sent Message'WR DM202 1'.
17:22:21	INFO : User sent Message'WR DM202 1'.
17:22:21	INFO : User sent Message'RD R215'.
17:22:21	INFO : User sent Message'WR DM200 110'.
17:22:21	INFO : Received message OK.
17:22:22	INFO : User sent Message'WR DM202 1'.
17:22:22	INFO : User sent Message'WR DM202 1'.
17:22:22	INFO : User sent Message'WR DM202 1'.
17:22:22	INFO : User sent Message'RD R215'.
17:22:22	INFO : User sent Message'WR DM200 111'.
17:22:22	INFO : Received message OK.
17:22:23	INFO : User sent Message'WR DM202 1'.
17:22:23	INFO : User sent Message'WR DM202 1'.
17:22:23	INFO : User sent Message'WR DM202 1'.
17:22:23	INFO : User sent Message'RD R215'.
17:22:23	INFO : User sent Message'WR DM200 112'.
17:22:23	INFO : Received message OK.
17:22:24	INFO : User sent Message'WR DM202 1'.
17:22:24	INFO : User sent Message'WR DM202 1'.
17:22:24	INFO : User sent Message'WR DM202 1'.
17:22:24	INFO : User sent Message'RD R215'.
17:22:24	INFO : User sent Message'WR DM200 113'.
17:22:24	INFO : Received message OK.
17:22:25	INFO : User sent Message'WR DM202 1'.
17:22:25	INFO : User sent Message'WR DM202 1'.
17:22:25	INFO : User sent Message'WR DM202 1'.
17:22:25	INFO : User sent Message'RD R215'.
17:22:25	INFO : User sent Message'WR DM200 114'.
17:22:25	INFO : Received message OK.
17:22:26	INFO : User sent Message'WR DM202 1'.
17:22:26	INFO : User sent Message'WR DM202 1'.
17:22:26	INFO : User sent Message'WR DM202 1'.
17:22:26	INFO : User sent Message'RD R215'.
17:22:26	INFO : User sent Message'WR DM200 115'.
17:22:26	INFO : Received message OK.
17:22:27	INFO : User sent Message'WR DM202 1'.
17:22:27	INFO : User sent Message'WR DM202 1'.
17:22:27	INFO : User sent Message'WR DM202 1'.
17:22:27	INFO : User sent Message'RD R215'.
17:22:27	INFO : User sent Message'WR DM200 116'.
17:22:27	INFO : Received message OK.
17:22:28	INFO : User sent Message'WR DM202 1'.
17:22:28	INFO : User sent Message'WR DM202 1'.
17:22:28	INFO : User sent Message'WR DM202 1'.
17:22:28	INFO : User sent Message'RD R215'.
17:22:28	INFO : User sent Message'WR DM200 117'.
17:22:28	INFO : Received message OK.
17:22:29	INFO : User sent Message'WR DM202 1'.
17:22:29	INFO : User sent Message'WR DM202 1'.
17:22:29	INFO : User sent Message'WR DM202 1'.
17:22:29	INFO : User sent Message'RD R215'.
17:22:29	INFO : User sent Message'WR DM200 118'.
17:22:29	INFO : Received message OK.
17:22:30	INFO : User sent Message'WR DM202 1'.
17:22:30	INFO : User sent Message'WR DM202 1'.
17:22:30	INFO : User sent Message'WR DM202 1'.
17:22:30	INFO : User sent Message'RD R215'.
17:22:30	INFO : User sent Message'WR DM200 119'.
17:22:30	INFO : Received message OK.
17:22:31	INFO : User sent Message'WR DM202 1'.
17:22:31	INFO : User sent Message'WR DM202 1'.
17:22:31	INFO : User sent Message'WR DM202 1'.
17:22:31	INFO : User sent Message'RD R215'.
17:22:31	INFO : User sent Message'WR DM200 120'.
17:22:31	INFO : Received message OK.
17:22:32	INFO : User sent Message'WR DM202 1'.
17:22:32	INFO : User sent Message'WR DM202 1'.
17:22:32	INFO : User sent Message'WR DM202 1'.
17:22:32	INFO : User sent Message'RD R215'.
17:22:32	INFO : User sent Message'WR DM200 121'.
17:22:32	INFO : Received message OK.
17:22:33	INFO : User sent Message'WR DM202 1'.
17:22:33	INFO : User sent Message'WR DM202 1'.
17:22:33	INFO : User sent Message'WR DM202 1'.
17:22:33	INFO : User sent Message'RD R215'.
17:22:33	INFO : User sent Message'WR DM200 122'.
17:22:33	INFO : Received message OK.
17:22:34	INFO : User sent Message'WR DM202 1'.
17:22:34	INFO : User sent Message'WR DM202 1'.
17:22:34	INFO : User sent Message'WR DM202 1'.
17:22:34	INFO : User sent Message'RD R215'.
17:22:34	INFO : User sent Message'WR DM200 123'.
17:22:34	INFO : Received message OK.
17:22:35	INFO : User sent Message'WR DM202 1'.
17:22:35	INFO : User sent Message'WR DM202 1'.
17:22:35	INFO : User sent Message'WR DM202 1'.
17:22:35	INFO : User sent Message'RD R215'.
17:22:35	INFO : User sent Message'WR DM200 124'.
17:22:35	INFO : Received message OK.
17:22:36	INFO : User sent Message'WR DM202 1'.
17:22:36	INFO : User sent Message'WR DM202 1'.
17:22:36	INFO : User sent Message'WR DM202 1'.
17:22:36	INFO : User sent Message'RD R215'.
17:22:36	INFO : User sent Message'WR DM200 125'.
17:22:36	INFO : Received message OK.
17:22:37	INFO : User sent Message'WR DM202 1'.
17:22:37	INFO : User sent Message'WR DM202 1'.
17:22:37	INFO : User sent Message'WR DM202 1'.
17:22:37	INFO : User sent Message'RD R215'.
17:22:37	INFO : User sent Message'WR DM200 126'.
17:22:37	INFO : Received message OK.
17:22:38	INFO : User sent Message'WR DM202 1'.
17:22:38	INFO : User sent Message'WR DM202 1'.
17:22:38	INFO : User sent Message'WR DM202 1'.
17:22:38	INFO : User sent Message'RD R215'.
17:22:38	INFO : User sent Message'WR DM200 127'.
17:22:38	INFO : Received message OK.
17:22:39	INFO : User sent Message'WR DM202 1'.
17:22:39	INFO : User sent Message'WR DM202 1'.
17:22:39	INFO : User sent Message'WR DM202 1'.
17:22:39	INFO : User sent Message'RD R215'.
17:22:39	INFO : User sent Message'WR DM200 128'.
17:22:39	INFO : Received message OK.
17:22:40	INFO : User sent Message'WR DM202 1'.
17:22:40	INFO : User sent Message'WR DM202 1'.
17:22:40	INFO : User sent Message'WR DM202 1'.
17:22:40	INFO : User sent Message'RD R215'.
17:22:40	INFO : User sent Message'WR DM200 129'.
17:22:40	INFO : Received message OK.
17:22:41	INFO : User sent Message'WR DM202 1'.
17:22:41	INFO : User sent Message'WR DM202 1'.
17:22:41	INFO : User sent Message'WR DM202 1'.
17:22:41	INFO : User sent Message'RD R215'.
17:22:41	INFO : User sent Message'WR DM200 130'.
17:22:41	INFO : Received message OK.
17:22:42	INFO : User sent Message'WR DM202 1'.
17:22:42	INFO : User sent Message'WR DM202 1'.
17:22:42	INFO : User sent Message'WR DM202 1'.
17:22:42	INFO : User sent Message'RD R215'.
17:22:42	INFO : User sent Message'WR DM200 131'.
17:22:42	INFO : Received message OK.
17:22:43	INFO : User sent Message'WR DM202 1'.
17:22:43	INFO : User sent Message'WR DM202 1'.
17:22:43	INFO : User sent Message'WR DM202 1'.
17:22:43	INFO : User sent Message'RD R215'.
17:22:43	INFO : User sent Message'WR DM200 132'.
17:22:43	INFO : Received message OK.
17:22:44	INFO : User sent Message'WR DM202 1'.
17:22:44	INFO : User sent Message'WR DM202 1'.
17:22:44	INFO : User sent Message'WR DM202 1'.
17:22:44	INFO : User sent Message'RD R215'.
17:22:44	INFO : User sent Message'WR DM200 133'.
17:22:44	INFO : Received message OK.
17:22:45	INFO : User sent Message'WR DM202 1'.
17:22:45	INFO : User sent Message'WR DM202 1'.
17:22:45	INFO : User sent Message'WR DM202 1'.
17:22:45	INFO : User sent Message'RD R215'.
17:22:45	INFO : User sent Message'WR DM200 134'.
17:22:45	INFO : Received message OK.
17:22:46	INFO : User sent Message'WR DM202 1'.
17:22:46	INFO : User sent Message'WR DM202 1'.
17:22:46	INFO : User sent Message'WR DM202 1'.
17:22:46	INFO : User sent Message'RD R215'.
17:22:46	INFO : User sent Message'WR DM200 135'.
17:22:46	INFO : Received message OK.
17:22:47	INFO : User sent Message'WR DM202 1'.
17:22:47	INFO : User sent Message'WR DM202 1'.
17:22:47	INFO : User sent Message'WR DM202 1'.
17:22:47	INFO : User sent Message'RD R215'.
17:22:47	INFO : User sent Message'WR DM200 136'.
17:22:47	INFO : Received message OK.
17:22:48	INFO : User sent Message'WR DM202 1'.
17:22:48	INFO : User sent Message'WR DM202 1'.
17:22:48	INFO : User sent Message'WR DM202 1'.
17:22:48	INFO : User sent Message'RD R215'.
17:22:48	INFO : User sent Message'WR DM200 137'.
17:22:48	INFO : Received message OK.
17:22:49	INFO : User sent Message'WR DM202 1'.
17:22:49	INFO : User sent Message'WR DM202 1'.
17:22:49	INFO : User sent Message'WR DM202 1'.
17:22:49	INFO : User sent Message'RD R215'.
17:22:49	INFO : User sent Message'WR DM200 138'.
17:22:49	INFO : Received message OK.
17:22:50	INFO : User sent Message'WR DM202 1'.
17:22:50	INFO : User sent Message'WR DM202 1'.
17:22:50	INFO : User sent Message'WR DM202 1'.
17:22:50	INFO : User sent Message'RD R215'.
17:22:50	INFO : User sent Message'WR DM200 139'.
17:22:50	INFO : Received message OK.
17:22:51	INFO : User sent Message'WR DM202 1'.
17:22:51	INFO : User sent Message'WR DM202 1'.
17:22:51	INFO : User sent Message'WR DM202 1'.
17:22:51	INFO : User sent Message'RD R215'.
17:22:51	INFO : User sent Message'WR DM200 140'.
17:22:51	INFO : Received message OK.
17:22:52	INFO : User sent Message'WR DM202 1'.
17:22:52	INFO : User sent Message'WR DM202 1'.
17:22:52	INFO : User sent Message'WR DM202 1'.
17:22:52	INFO : User sent Message'RD R215'.
17:22:52	INFO : User sent Message'WR DM200 141'.
17:22:52	INFO : Received message OK.
17:22:53	INFO : User sent Message'WR DM202 1'.
17:22:53	INFO : User sent Message'WR DM202 1'.
17:22:53	INFO : User sent Message'WR DM202 1'.
17:22:53	INFO : User sent Message'RD R215'.
17:22:53	INFO : User sent Message'WR DM200 142'.
17:22:53	INFO : Received message OK.
17:22:54	INFO : User sent Message'WR DM202 1'.
17:22:54	WARNING : Socket connection failed.
17:22:54	WARNING : Socket The remote host closed the connection.
17:24:27	INFO : |SYSTEM| Log folder exist.
17:24:27	INFO : |SYSYEM| Model folder exist.
17:24:32	INFO : User clicked ButtonpuB_connect.
17:24:32	INFO : Socket connection successful.
17:24:32	INFO : User sent Message'RD R215'.
17:24:32	INFO : User sent Message'WR DM200 1'.
17:24:32	INFO : Received message OK.
17:24:33	INFO : User sent Message'RD R212'.
17:24:33	INFO : Received message 1.
17:24:33	INFO : User sent Message'RD R215'.
17:24:33	INFO : User sent Message'WR DM200 2'.
17:24:33	INFO : Received message OK.
17:24:34	INFO : User sent Message'RD R215'.
17:24:34	INFO : User sent Message'WR DM200 3'.
17:24:34	INFO : Received message OK.
17:24:35	INFO : User sent Message'RD R215'.
17:24:35	INFO : User sent Message'WR DM200 4'.
17:24:35	INFO : Received message OK.
17:24:36	INFO : User sent Message'RD R215'.
17:24:36	INFO : User sent Message'WR DM200 5'.
17:24:36	INFO : Received message OK.
17:24:37	INFO : User sent Message'RD R215'.
17:24:37	INFO : User sent Message'WR DM200 6'.
17:24:37	INFO : Received message OK.
17:24:38	INFO : User clicked ButtonpuB_connect.
17:24:38	WARNING : Socket connection failed.
17:24:40	INFO : User clicked ButtonpuB_connect.
17:24:40	INFO : Socket connection successful.
17:24:40	INFO : User sent Message'RD R212'.
17:24:40	INFO : Received message 1.
17:24:40	INFO : User sent Message'RD R215'.
17:24:40	INFO : User sent Message'WR DM200 1'.
17:24:40	INFO : Received message OK.
17:24:41	INFO : User sent Message'RD R215'.
17:24:41	INFO : User sent Message'WR DM200 2'.
17:24:41	INFO : Received message OK.
17:24:42	INFO : User sent Message'RD R215'.
17:24:42	INFO : User sent Message'WR DM200 3'.
17:24:42	INFO : Received message OK.
17:24:43	INFO : User sent Message'RD R215'.
17:24:43	INFO : User sent Message'WR DM200 4'.
17:24:43	INFO : Received message OK.
17:24:44	INFO : User sent Message'RD R215'.
17:24:44	INFO : User sent Message'WR DM200 5'.
17:24:44	INFO : Received message OK.
17:24:45	WARNING : Socket connection failed.
17:24:45	WARNING : Socket The remote host closed the connection.
17:26:29	INFO : |SYSTEM| Log folder exist.
17:26:29	INFO : |SYSYEM| Model folder exist.
17:26:33	INFO : User clicked ButtonpuB_connect.
17:26:33	INFO : Socket connection successful.
17:26:33	INFO : User sent Message'RD R215'.
17:26:33	INFO : User sent Message'WR DM200 1'.
17:26:33	INFO : Received message OK.
17:26:33	INFO : User sent Message'RD R212'.
17:26:33	INFO : Received message 1.
17:26:34	WARNING : Socket connection failed.
17:26:34	WARNING : Socket The remote host closed the connection.
17:31:19	 : -------------------End-------------------.
17:37:54	INFO : |SYSTEM| Log folder exist.
17:37:54	INFO : |SYSYEM| Model folder exist.
17:37:59	INFO : User clicked ButtonpuB_connect.
17:37:59	INFO : Socket connection successful.
17:37:59	INFO : User sent Message'RD R212'.
17:37:59	INFO : Received message 1.
17:38:00	INFO : User sent Message'RD R215'.
17:38:00	INFO : User sent Message'WR DM200 1'.
17:38:00	INFO : Received message OK.
17:38:01	INFO : User sent Message'RD R215'.
17:38:01	INFO : User sent Message'WR DM200 2'.
17:38:01	INFO : Received message OK.
17:38:02	INFO : User sent Message'RD R215'.
17:38:02	INFO : User sent Message'WR DM200 3'.
17:38:02	INFO : Received message OK.
17:38:03	INFO : User sent Message'RD R215'.
17:38:03	INFO : User sent Message'WR DM200 4'.
17:38:03	INFO : Received message OK.
17:38:04	INFO : User sent Message'RD R215'.
17:38:04	INFO : User sent Message'WR DM200 5'.
17:38:04	INFO : Received message OK.
17:38:05	INFO : User sent Message'RD R215'.
17:38:05	INFO : User sent Message'WR DM200 6'.
17:38:05	INFO : Received message OK.
17:38:06	INFO : User sent Message'RD R215'.
17:38:06	INFO : User sent Message'WR DM200 7'.
17:38:06	INFO : Received message OK.
17:38:07	INFO : User sent Message'RD R215'.
17:38:07	INFO : User sent Message'WR DM200 8'.
17:38:07	INFO : Received message OK.
17:38:07	INFO : User clicked Button puB_start.
17:38:07	INFO : User sent Message'WR R200 1'.
17:38:08	INFO : User sent Message'WR R200 1'.
17:38:08	INFO : User sent Message'RD R215'.
17:38:08	INFO : User sent Message'WR DM200 9'.
17:38:08	INFO : Received message OK.
17:38:08	INFO : User sent Message'WR R200 1'.
17:38:08	INFO : User sent Message'WR R200 1'.
17:38:09	INFO : User sent Message'WR R200 1'.
17:38:09	INFO : User sent Message'RD R215'.
17:38:09	INFO : User sent Message'WR DM200 10'.
17:38:09	INFO : Received message OK.
17:38:09	INFO : User sent Message'WR R200 1'.
17:38:09	INFO : User sent Message'WR R200 1'.
17:38:10	INFO : User sent Message'WR R200 1'.
17:38:10	INFO : User sent Message'RD R215'.
17:38:10	INFO : User sent Message'WR DM200 11'.
17:38:10	INFO : Received message OK.
17:38:10	INFO : User sent Message'WR R200 1'.
17:38:10	INFO : User sent Message'WR R200 1'.
17:38:11	INFO : User sent Message'WR R200 1'.
17:38:11	INFO : User sent Message'RD R215'.
17:38:11	INFO : User sent Message'WR DM200 12'.
17:38:11	INFO : Received message OK.
17:38:11	INFO : User sent Message'WR R200 1'.
17:38:11	INFO : User sent Message'WR R200 1'.
17:38:12	INFO : User sent Message'WR R200 1'.
17:38:12	INFO : User sent Message'RD R215'.
17:38:12	INFO : User sent Message'WR DM200 13'.
17:38:12	INFO : Received message OK.
17:38:12	INFO : User sent Message'WR R200 1'.
17:38:12	INFO : User sent Message'WR R200 1'.
17:38:13	INFO : User sent Message'WR R200 1'.
17:38:13	INFO : User sent Message'RD R215'.
17:38:13	INFO : User sent Message'WR DM200 14'.
17:38:13	INFO : Received message OK.
17:38:13	INFO : User sent Message'WR R200 1'.
17:38:13	INFO : User sent Message'WR R200 1'.
17:38:14	INFO : User sent Message'WR R200 1'.
17:38:14	INFO : User sent Message'RD R215'.
17:38:14	INFO : User sent Message'WR DM200 15'.
17:38:14	INFO : Received message OK.
17:38:14	INFO : User sent Message'WR R200 1'.
17:38:14	INFO : Received message OK.
17:38:14	INFO : User sent Message'RD R201'.
17:38:15	INFO : User sent Message'RD R201'.
17:38:15	INFO : User sent Message'RD R215'.
17:38:15	INFO : User sent Message'WR DM200 16'.
17:38:15	INFO : Received message OK.
17:38:15	INFO : User sent Message'RD R201'.
17:38:15	INFO : User sent Message'RD R201'.
17:38:16	INFO : User sent Message'RD R201'.
17:38:16	INFO : User sent Message'RD R215'.
17:38:16	INFO : User sent Message'WR DM200 17'.
17:38:16	INFO : Received message OK.
17:38:16	INFO : User sent Message'RD R201'.
17:38:16	INFO : User sent Message'RD R201'.
17:38:17	INFO : User sent Message'RD R201'.
17:38:17	INFO : User sent Message'RD R215'.
17:38:17	INFO : User sent Message'WR DM200 18'.
17:38:17	INFO : Received message OK.
17:38:17	INFO : User sent Message'RD R201'.
17:38:17	INFO : User sent Message'RD R201'.
17:38:18	INFO : User sent Message'RD R201'.
17:38:18	INFO : User sent Message'RD R215'.
17:38:18	INFO : User sent Message'WR DM200 19'.
17:38:18	INFO : Received message OK.
17:38:18	INFO : User sent Message'RD R201'.
17:38:18	WARNING : Socket connection failed.
17:38:18	WARNING : Socket The remote host closed the connection.
17:38:23	INFO : Socket connection successful.
17:38:23	INFO : User sent Message'RD R201'.
17:38:23	INFO : User sent Message'RD R201'.
17:38:24	INFO : User sent Message'RD R201'.
17:38:24	INFO : User sent Message'RD R215'.
17:38:24	INFO : User sent Message'WR DM200 20'.
17:38:24	INFO : Received message OK.
17:38:24	INFO : User sent Message'RD R201'.
17:38:24	INFO : User sent Message'RD R201'.
17:38:25	INFO : User sent Message'RD R201'.
17:38:25	INFO : User sent Message'RD R215'.
17:38:25	INFO : User sent Message'WR DM200 21'.
17:38:25	INFO : Received message OK.
17:38:25	INFO : User sent Message'RD R201'.
17:38:25	INFO : User sent Message'RD R201'.
17:38:26	INFO : User sent Message'RD R201'.
17:38:26	INFO : User sent Message'RD R215'.
17:38:26	INFO : User sent Message'WR DM200 22'.
17:38:26	INFO : Received message OK.
17:38:26	INFO : User sent Message'RD R201'.
17:38:26	WARNING : Socket connection failed.
17:38:26	WARNING : Socket The remote host closed the connection.
17:39:05	INFO : User clicked ButtonpuB_connect.
17:39:05	INFO : Socket connection successful.
17:39:05	INFO : User sent Message'RD R215'.
17:39:05	INFO : User sent Message'WR DM200 1'.
17:39:05	INFO : Received message OK.
17:39:06	INFO : User sent Message'RD R215'.
17:39:06	INFO : User sent Message'WR DM200 2'.
17:39:06	INFO : Received message OK.
17:39:07	INFO : User sent Message'RD R215'.
17:39:07	INFO : User sent Message'WR DM200 3'.
17:39:07	INFO : Received message OK.
17:39:08	INFO : User sent Message'RD R215'.
17:39:08	INFO : User sent Message'WR DM200 4'.
17:39:08	INFO : Received message OK.
17:39:09	INFO : User sent Message'RD R215'.
17:39:09	INFO : User sent Message'WR DM200 5'.
17:39:09	INFO : Received message OK.
17:39:10	INFO : User sent Message'RD R215'.
17:39:10	INFO : User sent Message'WR DM200 6'.
17:39:10	INFO : Received message OK.
17:39:11	INFO : User sent Message'RD R215'.
17:39:11	INFO : User sent Message'WR DM200 7'.
17:39:11	INFO : Received message OK.
17:39:12	INFO : User sent Message'RD R215'.
17:39:12	INFO : User sent Message'WR DM200 8'.
17:39:12	INFO : Received message OK.
17:39:13	INFO : User sent Message'RD R215'.
17:39:13	INFO : User sent Message'WR DM200 9'.
17:39:13	INFO : Received message OK.
17:39:14	INFO : User sent Message'RD R215'.
17:39:14	INFO : User sent Message'WR DM200 10'.
17:39:14	INFO : Received message OK.
17:39:15	INFO : User sent Message'RD R215'.
17:39:15	INFO : User sent Message'WR DM200 11'.
17:39:15	INFO : Received message OK.
17:39:16	INFO : User sent Message'RD R215'.
17:39:16	INFO : User sent Message'WR DM200 12'.
17:39:16	INFO : Received message OK.
17:39:17	INFO : User sent Message'RD R215'.
17:39:17	INFO : User sent Message'WR DM200 13'.
17:39:17	INFO : Received message OK.
17:39:18	INFO : User sent Message'RD R215'.
17:39:18	INFO : User sent Message'WR DM200 14'.
17:39:18	INFO : Received message OK.
17:39:19	INFO : User sent Message'RD R215'.
17:39:19	INFO : User sent Message'WR DM200 15'.
17:39:19	INFO : Received message OK.
17:39:20	INFO : User sent Message'RD R215'.
17:39:20	INFO : User sent Message'WR DM200 16'.
17:39:20	INFO : Received message OK.
17:39:21	INFO : User sent Message'RD R215'.
17:39:21	INFO : User sent Message'WR DM200 17'.
17:39:21	INFO : Received message OK.
17:39:22	INFO : User sent Message'RD R215'.
17:39:22	INFO : User sent Message'WR DM200 18'.
17:39:22	INFO : Received message OK.
17:39:23	INFO : User sent Message'RD R215'.
17:39:23	INFO : User sent Message'WR DM200 19'.
17:39:23	INFO : Received message OK.
17:39:24	INFO : User sent Message'RD R215'.
17:39:24	INFO : User sent Message'WR DM200 20'.
17:39:24	INFO : Received message OK.
17:39:25	INFO : User sent Message'RD R215'.
17:39:25	INFO : User sent Message'WR DM200 21'.
17:39:25	INFO : Received message OK.
17:39:26	INFO : User sent Message'RD R215'.
17:39:26	INFO : User sent Message'WR DM200 22'.
17:39:26	INFO : Received message OK.
17:39:27	INFO : User sent Message'RD R215'.
17:39:27	INFO : User sent Message'WR DM200 23'.
17:39:27	INFO : Received message OK.
17:39:28	INFO : User sent Message'RD R215'.
17:39:28	INFO : User sent Message'WR DM200 24'.
17:39:28	INFO : Received message OK.
17:39:29	INFO : User sent Message'RD R215'.
17:39:29	INFO : User sent Message'WR DM200 25'.
17:39:29	INFO : Received message OK.
17:39:30	INFO : User sent Message'RD R215'.
17:39:30	INFO : User sent Message'WR DM200 26'.
17:39:30	INFO : Received message OK.
17:39:31	INFO : User sent Message'RD R215'.
17:39:31	INFO : User sent Message'WR DM200 27'.
17:39:31	INFO : Received message OK.
17:39:32	INFO : User sent Message'RD R215'.
17:39:32	INFO : User sent Message'WR DM200 28'.
17:39:32	INFO : Received message OK.
17:39:33	INFO : User sent Message'RD R215'.
17:39:33	INFO : User sent Message'WR DM200 29'.
17:39:33	INFO : Received message OK.
17:39:34	INFO : User sent Message'RD R215'.
17:39:34	INFO : User sent Message'WR DM200 30'.
17:39:34	INFO : Received message OK.
17:39:35	INFO : User sent Message'RD R215'.
17:39:35	INFO : User sent Message'WR DM200 31'.
17:39:35	INFO : Received message OK.
17:39:36	INFO : User sent Message'RD R215'.
17:39:36	INFO : User sent Message'WR DM200 32'.
17:39:36	INFO : Received message OK.
17:39:37	INFO : User sent Message'RD R215'.
17:39:37	INFO : User sent Message'WR DM200 33'.
17:39:37	INFO : Received message OK.
17:39:38	INFO : User sent Message'RD R215'.
17:39:38	INFO : User sent Message'WR DM200 34'.
17:39:38	INFO : Received message OK.
17:39:39	INFO : User sent Message'RD R215'.
17:39:39	INFO : User sent Message'WR DM200 35'.
17:39:39	INFO : Received message OK.
17:39:40	INFO : User sent Message'RD R215'.
17:39:40	INFO : User sent Message'WR DM200 36'.
17:39:40	INFO : Received message OK.
17:39:41	INFO : User sent Message'RD R215'.
17:39:41	INFO : User sent Message'WR DM200 37'.
17:39:41	INFO : Received message OK.
17:39:42	INFO : User sent Message'RD R215'.
17:39:42	INFO : User sent Message'WR DM200 38'.
17:39:42	INFO : Received message OK.
17:39:43	INFO : User sent Message'RD R215'.
17:39:43	INFO : User sent Message'WR DM200 39'.
17:39:43	INFO : Received message OK.
17:39:44	INFO : User sent Message'RD R215'.
17:39:44	INFO : User sent Message'WR DM200 40'.
17:39:44	INFO : Received message OK.
17:39:45	INFO : User sent Message'RD R215'.
17:39:45	INFO : User sent Message'WR DM200 41'.
17:39:45	INFO : Received message OK.
17:39:46	INFO : User sent Message'RD R215'.
17:39:46	INFO : User sent Message'WR DM200 42'.
17:39:46	INFO : Received message OK.
17:39:47	INFO : User sent Message'RD R215'.
17:39:47	INFO : User sent Message'WR DM200 43'.
17:39:47	INFO : Received message OK.
17:39:48	INFO : User sent Message'RD R215'.
17:39:48	INFO : User sent Message'WR DM200 44'.
17:39:48	INFO : Received message OK.
17:39:49	INFO : User sent Message'RD R215'.
17:39:49	INFO : User sent Message'WR DM200 45'.
17:39:49	INFO : Received message OK.
17:39:50	INFO : User sent Message'RD R215'.
17:39:50	INFO : User sent Message'WR DM200 46'.
17:39:50	INFO : Received message OK.
17:39:51	INFO : User sent Message'RD R215'.
17:39:51	INFO : User sent Message'WR DM200 47'.
17:39:51	INFO : Received message OK.
17:39:52	INFO : User sent Message'RD R215'.
17:39:52	INFO : User sent Message'WR DM200 48'.
17:39:52	INFO : Received message OK.
17:39:53	INFO : User sent Message'RD R215'.
17:39:53	INFO : User sent Message'WR DM200 49'.
17:39:53	INFO : Received message OK.
17:39:54	INFO : User sent Message'RD R215'.
17:39:54	INFO : User sent Message'WR DM200 50'.
17:39:54	INFO : Received message OK.
17:39:55	INFO : User sent Message'RD R215'.
17:39:55	INFO : User sent Message'WR DM200 51'.
17:39:55	INFO : Received message OK.
17:39:56	INFO : User sent Message'RD R215'.
17:39:56	INFO : User sent Message'WR DM200 52'.
17:39:56	INFO : Received message OK.
17:39:57	INFO : User sent Message'RD R215'.
17:39:57	INFO : User sent Message'WR DM200 53'.
17:39:57	INFO : Received message OK.
17:39:58	INFO : User sent Message'RD R215'.
17:39:58	INFO : User sent Message'WR DM200 54'.
17:39:58	INFO : Received message OK.
17:39:59	INFO : User sent Message'RD R215'.
17:39:59	INFO : User sent Message'WR DM200 55'.
17:39:59	INFO : Received message OK.
17:40:00	INFO : User sent Message'RD R215'.
17:40:00	INFO : User sent Message'WR DM200 56'.
17:40:00	INFO : Received message OK.
17:40:01	INFO : User sent Message'RD R215'.
17:40:01	INFO : User sent Message'WR DM200 57'.
17:40:01	INFO : Received message OK.
17:40:02	INFO : User sent Message'RD R215'.
17:40:02	INFO : User sent Message'WR DM200 58'.
17:40:02	INFO : Received message OK.
17:40:03	INFO : User sent Message'RD R215'.
17:40:03	INFO : User sent Message'WR DM200 59'.
17:40:03	INFO : Received message OK.
17:40:04	INFO : User sent Message'RD R215'.
17:40:04	INFO : User sent Message'WR DM200 60'.
17:40:04	INFO : Received message OK.
17:40:05	INFO : User sent Message'RD R215'.
17:40:05	INFO : User sent Message'WR DM200 61'.
17:40:05	INFO : Received message OK.
17:40:06	INFO : User sent Message'RD R215'.
17:40:06	INFO : User sent Message'WR DM200 62'.
17:40:06	INFO : Received message OK.
17:40:07	INFO : User sent Message'RD R215'.
17:40:07	INFO : User sent Message'WR DM200 63'.
17:40:07	INFO : Received message OK.
17:40:08	INFO : User sent Message'RD R215'.
17:40:08	INFO : User sent Message'WR DM200 64'.
17:40:08	INFO : Received message OK.
17:40:09	INFO : User sent Message'RD R215'.
17:40:09	INFO : User sent Message'WR DM200 65'.
17:40:09	INFO : Received message OK.
17:40:10	INFO : User sent Message'RD R215'.
17:40:10	INFO : User sent Message'WR DM200 66'.
17:40:10	INFO : Received message OK.
17:40:11	INFO : User sent Message'RD R215'.
17:40:11	INFO : User sent Message'WR DM200 67'.
17:40:11	INFO : Received message OK.
17:40:12	INFO : User sent Message'RD R215'.
17:40:12	INFO : User sent Message'WR DM200 68'.
17:40:12	INFO : Received message OK.
17:40:13	INFO : User sent Message'RD R215'.
17:40:13	INFO : User sent Message'WR DM200 69'.
17:40:13	INFO : Received message OK.
17:40:14	INFO : User sent Message'RD R215'.
17:40:14	INFO : User sent Message'WR DM200 70'.
17:40:14	INFO : Received message OK.
17:40:15	INFO : User sent Message'RD R215'.
17:40:15	INFO : User sent Message'WR DM200 71'.
17:40:15	INFO : Received message OK.
17:40:16	INFO : User sent Message'RD R215'.
17:40:16	INFO : User sent Message'WR DM200 72'.
17:40:16	INFO : Received message OK.
17:40:17	INFO : User sent Message'RD R215'.
17:40:17	INFO : User sent Message'WR DM200 73'.
17:40:17	INFO : Received message OK.
17:40:18	INFO : User sent Message'RD R215'.
17:40:18	INFO : User sent Message'WR DM200 74'.
17:40:18	INFO : Received message OK.
17:40:19	INFO : User sent Message'RD R215'.
17:40:19	INFO : User sent Message'WR DM200 75'.
17:40:19	INFO : Received message OK.
17:40:20	INFO : User sent Message'RD R215'.
17:40:20	INFO : User sent Message'WR DM200 76'.
17:40:20	INFO : Received message OK.
17:40:21	INFO : User sent Message'RD R215'.
17:40:21	INFO : User sent Message'WR DM200 77'.
17:40:21	INFO : Received message OK.
17:40:22	INFO : User sent Message'RD R215'.
17:40:22	INFO : User sent Message'WR DM200 78'.
17:40:22	INFO : Received message OK.
17:40:23	INFO : User sent Message'RD R215'.
17:40:23	INFO : User sent Message'WR DM200 79'.
17:40:23	INFO : Received message OK.
17:40:24	INFO : User sent Message'RD R215'.
17:40:24	INFO : User sent Message'WR DM200 80'.
17:40:24	INFO : Received message OK.
17:40:25	WARNING : Socket connection failed.
17:40:25	WARNING : Socket The remote host closed the connection.
17:40:28	INFO : User clicked ButtonpuB_connect.
17:40:28	INFO : Socket connection successful.
17:40:29	INFO : User sent Message'RD R215'.
17:40:29	INFO : User sent Message'WR DM200 1'.
17:40:29	INFO : Received message OK.
17:40:30	INFO : User sent Message'RD R215'.
17:40:30	INFO : User sent Message'WR DM200 2'.
17:40:30	INFO : Received message OK.
17:40:31	INFO : User sent Message'RD R215'.
17:40:31	INFO : User sent Message'WR DM200 3'.
17:40:31	INFO : Received message OK.
17:40:32	INFO : User sent Message'RD R215'.
17:40:32	INFO : User sent Message'WR DM200 4'.
17:40:32	INFO : Received message OK.
17:40:33	INFO : User sent Message'RD R215'.
17:40:33	INFO : User sent Message'WR DM200 5'.
17:40:33	INFO : Received message OK.
17:40:34	INFO : User sent Message'RD R215'.
17:40:34	INFO : User sent Message'WR DM200 6'.
17:40:34	INFO : Received message OK.
17:40:35	INFO : User sent Message'RD R215'.
17:40:35	INFO : User sent Message'WR DM200 7'.
17:40:35	INFO : Received message OK.
17:40:36	INFO : User sent Message'RD R215'.
17:40:36	INFO : User sent Message'WR DM200 8'.
17:40:36	INFO : Received message OK.
17:40:37	INFO : User sent Message'RD R215'.
17:40:37	INFO : User sent Message'WR DM200 9'.
17:40:37	INFO : Received message OK.
17:40:38	INFO : User clicked ButtonpuB_connect.
17:40:38	WARNING : Socket connection failed.
17:42:50	INFO : |SYSTEM| Log folder exist.
17:42:50	INFO : |SYSYEM| Model folder exist.
17:43:27	INFO : User clicked ButtonpuB_connect.
17:43:27	INFO : Socket connection successful.
17:43:27	INFO : User sent Message'RD R212'.
17:43:27	INFO : Received message 1.
17:43:27	INFO : User sent Message'RD R215'.
17:43:27	INFO : User sent Message'WR DM200 1'.
17:43:27	INFO : Received message OK.
17:43:28	INFO : User sent Message'RD R215'.
17:43:28	INFO : User sent Message'WR DM200 2'.
17:43:28	INFO : Received message OK.
17:43:29	INFO : User sent Message'RD R215'.
17:43:29	INFO : User sent Message'WR DM200 3'.
17:43:29	INFO : Received message OK.
17:43:30	INFO : User sent Message'RD R215'.
17:43:30	INFO : User sent Message'WR DM200 4'.
17:43:30	INFO : Received message OK.
17:43:31	INFO : User sent Message'RD R215'.
17:43:31	INFO : User sent Message'WR DM200 5'.
17:43:31	INFO : Received message OK.
17:43:32	INFO : User sent Message'RD R215'.
17:43:32	INFO : User sent Message'WR DM200 6'.
17:43:32	INFO : Received message OK.
17:43:33	INFO : User sent Message'RD R215'.
17:43:33	INFO : User sent Message'WR DM200 7'.
17:43:33	INFO : Received message OK.
17:43:34	INFO : User sent Message'RD R215'.
17:43:34	INFO : User sent Message'WR DM200 8'.
17:43:34	INFO : Received message OK.
17:43:35	INFO : User sent Message'RD R215'.
17:43:35	INFO : User clicked Button puB_start.
17:43:35	INFO : User sent Message'WR DM200 9'.
17:43:35	INFO : Received message OK.
17:43:36	INFO : User sent Message'WR R200 1'.
17:43:36	INFO : User sent Message'WR R200 1'.
17:43:36	INFO : User sent Message'WR R200 1'.
17:43:36	INFO : User sent Message'RD R215'.
17:43:36	INFO : User sent Message'WR DM200 10'.
17:43:36	INFO : Received message OK.
17:43:37	INFO : User sent Message'WR R200 1'.
17:43:37	INFO : User sent Message'WR R200 1'.
17:43:37	INFO : User sent Message'WR R200 1'.
17:43:37	INFO : User sent Message'RD R215'.
17:43:37	INFO : User sent Message'WR DM200 11'.
17:43:37	INFO : Received message OK.
17:43:38	INFO : User sent Message'WR R200 1'.
17:43:38	INFO : User sent Message'WR R200 1'.
17:43:38	INFO : User sent Message'WR R200 1'.
17:43:38	INFO : User sent Message'RD R215'.
17:43:38	INFO : User sent Message'WR DM200 12'.
17:43:38	INFO : Received message OK.
17:43:39	INFO : User sent Message'WR R200 1'.
17:43:39	INFO : User sent Message'WR R200 1'.
17:43:39	INFO : User sent Message'WR R200 1'.
17:43:39	INFO : User sent Message'RD R215'.
17:43:39	INFO : User sent Message'WR DM200 13'.
17:43:39	INFO : Received message OK.
17:43:40	INFO : User sent Message'WR R200 1'.
17:43:40	INFO : User sent Message'WR R200 1'.
17:43:40	INFO : User sent Message'WR R200 1'.
17:43:40	INFO : User sent Message'RD R215'.
17:43:40	INFO : User sent Message'WR DM200 14'.
17:43:40	INFO : Received message OK.
17:43:41	INFO : User sent Message'WR R200 1'.
17:43:41	INFO : User sent Message'WR R200 1'.
17:43:41	INFO : User sent Message'WR R200 1'.
17:43:41	INFO : User sent Message'RD R215'.
17:43:41	INFO : User sent Message'WR DM200 15'.
17:43:41	INFO : Received message OK.
17:43:42	INFO : User sent Message'WR R200 1'.
17:43:42	INFO : User sent Message'WR R200 1'.
17:43:42	INFO : Received message OK.
17:43:42	INFO : User sent Message'RD R201'.
17:43:42	INFO : User sent Message'RD R215'.
17:43:42	INFO : User sent Message'WR DM200 16'.
17:43:42	INFO : Received message OK.
17:43:43	INFO : User sent Message'RD R201'.
17:43:43	INFO : User sent Message'RD R201'.
17:43:43	INFO : User sent Message'RD R201'.
17:43:43	INFO : User sent Message'RD R215'.
17:43:43	INFO : User sent Message'WR DM200 17'.
17:43:44	INFO : Received message OK.
17:43:44	INFO : User sent Message'RD R201'.
17:43:44	INFO : User sent Message'RD R201'.
17:43:44	INFO : User sent Message'RD R201'.
17:43:44	INFO : User sent Message'RD R215'.
17:43:44	INFO : User sent Message'WR DM200 18'.
17:43:44	INFO : Received message OK.
17:43:45	INFO : User sent Message'RD R201'.
17:43:45	INFO : User sent Message'RD R201'.
17:43:45	INFO : User sent Message'RD R201'.
17:43:45	INFO : User sent Message'RD R215'.
17:43:45	INFO : User sent Message'WR DM200 19'.
17:43:45	INFO : Received message OK.
17:43:46	WARNING : Socket connection failed.
17:43:46	WARNING : Socket The remote host closed the connection.
17:44:04	INFO : Socket connection successful.
17:44:04	INFO : User sent Message'RD R201'.
17:44:04	INFO : User sent Message'RD R215'.
17:44:04	INFO : User sent Message'WR DM200 20'.
17:44:04	INFO : Received message OK.
17:44:05	INFO : User sent Message'RD R201'.
17:44:05	INFO : User sent Message'RD R201'.
17:44:05	INFO : User sent Message'RD R201'.
17:44:05	INFO : User sent Message'RD R215'.
17:44:05	INFO : User sent Message'WR DM200 21'.
17:44:05	INFO : Received message OK.
17:44:06	INFO : User sent Message'RD R201'.
17:44:06	INFO : User sent Message'RD R201'.
17:44:06	INFO : User sent Message'RD R201'.
17:44:06	INFO : User sent Message'RD R215'.
17:44:06	INFO : User sent Message'WR DM200 22'.
17:44:06	INFO : Received message OK.
17:44:07	INFO : User sent Message'RD R201'.
17:44:07	INFO : User sent Message'RD R201'.
17:44:07	INFO : User sent Message'RD R201'.
17:44:07	INFO : User sent Message'RD R215'.
17:44:07	INFO : User sent Message'WR DM200 23'.
17:44:07	INFO : Received message OK.
17:44:08	INFO : User sent Message'RD R201'.
17:44:08	INFO : User sent Message'RD R201'.
17:44:08	INFO : User sent Message'RD R201'.
17:44:08	WARNING : Socket connection failed.
17:44:08	WARNING : Socket The remote host closed the connection.
17:44:50	INFO : Socket connection successful.
17:44:50	INFO : User sent Message'RD R212'.
17:44:50	INFO : Received message 1.
17:44:50	INFO : User sent Message'RD R215'.
17:44:50	INFO : User sent Message'WR DM200 24'.
17:44:50	INFO : Received message OK.
17:44:51	INFO : User sent Message'WR R200 1'.
17:44:51	INFO : User sent Message'WR R200 1'.
17:44:51	INFO : User sent Message'WR R200 1'.
17:44:51	INFO : User sent Message'RD R215'.
17:44:51	INFO : User sent Message'WR DM200 25'.
17:44:51	INFO : Received message OK.
17:44:52	INFO : User sent Message'WR R200 1'.
17:44:52	INFO : User sent Message'WR R200 1'.
17:44:52	INFO : User sent Message'WR R200 1'.
17:44:52	INFO : User sent Message'RD R215'.
17:44:52	INFO : User sent Message'WR DM200 26'.
17:44:52	INFO : Received message OK.
17:44:53	INFO : User sent Message'WR R200 1'.
17:44:53	INFO : User sent Message'WR R200 1'.
17:44:53	INFO : User sent Message'WR R200 1'.
17:44:53	INFO : User sent Message'RD R215'.
17:44:53	INFO : User sent Message'WR DM200 27'.
17:44:53	INFO : Received message OK.
17:44:54	INFO : User sent Message'WR R200 1'.
17:44:54	INFO : User sent Message'WR R200 1'.
17:44:54	INFO : User sent Message'WR R200 1'.
17:44:54	INFO : User sent Message'RD R215'.
17:44:54	INFO : User sent Message'WR DM200 28'.
17:44:54	INFO : Received message OK.
17:44:55	INFO : User sent Message'WR R200 1'.
17:44:55	INFO : User sent Message'WR R200 1'.
17:44:55	INFO : User sent Message'WR R200 1'.
17:44:55	INFO : User sent Message'RD R215'.
17:44:55	INFO : User sent Message'WR DM200 29'.
17:44:55	INFO : Received message OK.
17:44:56	INFO : User sent Message'WR R200 1'.
17:44:56	INFO : User sent Message'WR R200 1'.
17:44:56	INFO : User sent Message'WR R200 1'.
17:44:56	INFO : User sent Message'RD R215'.
17:44:56	INFO : User sent Message'WR DM200 30'.
17:44:56	INFO : Received message OK.
17:44:57	INFO : User sent Message'WR R200 1'.
17:44:57	INFO : User sent Message'WR R200 1'.
17:44:57	INFO : User sent Message'WR R200 1'.
17:44:57	INFO : User sent Message'RD R215'.
17:44:57	INFO : User sent Message'WR DM200 31'.
17:44:57	INFO : Received message OK.
17:44:58	INFO : User sent Message'WR R200 1'.
17:44:58	INFO : User sent Message'WR R200 1'.
17:44:58	INFO : User sent Message'WR R200 1'.
17:44:58	INFO : User sent Message'RD R215'.
17:44:58	INFO : User sent Message'WR DM200 32'.
17:44:58	INFO : Received message OK.
17:44:59	INFO : User sent Message'WR R200 1'.
17:44:59	INFO : User sent Message'WR R200 1'.
17:44:59	INFO : User sent Message'WR R200 1'.
17:44:59	INFO : User sent Message'RD R215'.
17:44:59	INFO : User sent Message'WR DM200 33'.
17:44:59	INFO : Received message OK.
17:45:00	INFO : User sent Message'WR R200 1'.
17:45:00	INFO : User sent Message'WR R200 1'.
17:45:00	INFO : User sent Message'WR R200 1'.
17:45:00	INFO : User sent Message'RD R215'.
17:45:00	INFO : User sent Message'WR DM200 34'.
17:45:00	INFO : Received message OK.
17:45:01	INFO : User sent Message'WR R200 1'.
17:45:01	INFO : User sent Message'WR R200 1'.
17:45:01	INFO : User sent Message'WR R200 1'.
17:45:01	INFO : User sent Message'RD R215'.
17:45:01	INFO : User sent Message'WR DM200 35'.
17:45:01	INFO : Received message OK.
17:45:02	INFO : User sent Message'WR R200 1'.
17:45:02	INFO : User sent Message'WR R200 1'.
17:45:02	INFO : User sent Message'WR R200 1'.
17:45:02	INFO : User sent Message'RD R215'.
17:45:02	INFO : User sent Message'WR DM200 36'.
17:45:02	INFO : Received message OK.
17:45:03	INFO : User sent Message'WR R200 1'.
17:45:03	INFO : User sent Message'WR R200 1'.
17:45:03	INFO : User sent Message'WR R200 1'.
17:45:03	INFO : User sent Message'RD R215'.
17:45:03	INFO : User sent Message'WR DM200 37'.
17:45:03	INFO : Received message OK.
17:45:04	INFO : User sent Message'WR R200 1'.
17:45:04	INFO : User sent Message'WR R200 1'.
17:45:04	INFO : User sent Message'WR R200 1'.
17:45:04	INFO : User sent Message'RD R215'.
17:45:04	INFO : User sent Message'WR DM200 38'.
17:45:04	INFO : Received message OK.
17:45:05	INFO : User sent Message'WR R200 1'.
17:45:05	INFO : User sent Message'WR R200 1'.
17:45:05	INFO : User sent Message'WR R200 1'.
17:45:05	INFO : User sent Message'RD R215'.
17:45:05	INFO : User sent Message'WR DM200 39'.
17:45:05	INFO : Received message OK.
17:45:06	INFO : User sent Message'WR R200 1'.
17:45:06	INFO : User sent Message'WR R200 1'.
17:45:06	INFO : User sent Message'WR R200 1'.
17:45:06	INFO : User sent Message'RD R215'.
17:45:06	INFO : User sent Message'WR DM200 40'.
17:45:06	INFO : Received message OK.
17:45:07	INFO : User sent Message'WR R200 1'.
17:45:07	INFO : User sent Message'WR R200 1'.
17:45:07	INFO : User sent Message'WR R200 1'.
17:45:07	INFO : User sent Message'RD R215'.
17:45:07	INFO : User sent Message'WR DM200 41'.
17:45:07	INFO : Received message OK.
17:45:08	INFO : User sent Message'WR R200 1'.
17:45:08	INFO : User sent Message'WR R200 1'.
17:45:08	INFO : User sent Message'WR R200 1'.
17:45:08	INFO : User sent Message'RD R215'.
17:45:08	INFO : User sent Message'WR DM200 42'.
17:45:08	INFO : Received message OK.
17:45:09	INFO : User sent Message'WR R200 1'.
17:45:09	INFO : User sent Message'WR R200 1'.
17:45:09	INFO : User sent Message'WR R200 1'.
17:45:09	INFO : User sent Message'RD R215'.
17:45:09	INFO : User sent Message'WR DM200 43'.
17:45:09	INFO : Received message OK.
17:45:10	INFO : User sent Message'WR R200 1'.
17:45:10	INFO : User sent Message'WR R200 1'.
17:45:10	INFO : User sent Message'WR R200 1'.
17:45:10	INFO : User sent Message'RD R215'.
17:45:10	INFO : User sent Message'WR DM200 44'.
17:45:10	INFO : Received message OK.
17:45:11	INFO : User sent Message'WR R200 1'.
17:45:11	INFO : User sent Message'WR R200 1'.
17:45:11	INFO : User sent Message'WR R200 1'.
17:45:11	INFO : User sent Message'RD R215'.
17:45:11	INFO : User sent Message'WR DM200 45'.
17:45:11	INFO : Received message OK.
17:45:12	INFO : User sent Message'WR R200 1'.
17:45:12	WARNING : Socket connection failed.
17:45:12	WARNING : Socket The remote host closed the connection.
17:45:25	INFO : Socket connection successful.
17:45:25	INFO : User sent Message'WR R200 1'.
17:45:25	INFO : User sent Message'WR R200 1'.
17:45:25	INFO : User sent Message'RD R215'.
17:45:25	INFO : User sent Message'WR DM200 46'.
17:45:25	INFO : Received message OK.
17:45:26	INFO : User sent Message'WR R200 1'.
17:45:26	INFO : User sent Message'WR R200 1'.
17:45:26	INFO : User sent Message'WR R200 1'.
17:45:26	INFO : User sent Message'RD R215'.
17:45:26	INFO : User sent Message'WR DM200 47'.
17:45:26	INFO : Received message OK.
17:45:27	INFO : User sent Message'WR R200 1'.
17:45:27	INFO : User sent Message'WR R200 1'.
17:45:27	INFO : User sent Message'WR R200 1'.
17:45:27	INFO : User sent Message'RD R215'.
17:45:27	INFO : User sent Message'WR DM200 48'.
17:45:27	INFO : Received message OK.
17:45:28	INFO : User sent Message'WR R200 1'.
17:45:28	INFO : User sent Message'WR R200 1'.
17:45:28	WARNING : Socket connection failed.
17:45:28	 : -------------------End-------------------.
17:46:44	INFO : |SYSTEM| Log folder exist.
17:46:44	INFO : |SYSYEM| Model folder exist.
17:46:49	INFO : User clicked ButtonpuB_connect.
17:46:49	INFO : Socket connection successful.
17:46:49	INFO : User sent Message'RD R212'.
17:46:49	INFO : Received message 1.
17:46:50	INFO : User sent Message'RD R215'.
17:46:50	INFO : User sent Message'WR DM200 1'.
17:46:50	INFO : Received message OK.
17:46:51	INFO : User sent Message'RD R215'.
17:46:51	INFO : User sent Message'WR DM200 2'.
17:46:51	INFO : Received message OK.
17:46:52	INFO : User sent Message'RD R215'.
17:46:52	INFO : User sent Message'WR DM200 3'.
17:46:52	INFO : Received message OK.
17:46:53	INFO : User sent Message'RD R215'.
17:46:53	INFO : User sent Message'WR DM200 4'.
17:46:53	INFO : Received message OK.
17:46:54	INFO : User sent Message'RD R215'.
17:46:54	INFO : User sent Message'WR DM200 5'.
17:46:54	INFO : Received message OK.
17:46:55	INFO : User sent Message'RD R215'.
17:46:55	INFO : User sent Message'WR DM200 6'.
17:46:55	INFO : Received message OK.
17:46:56	INFO : User sent Message'RD R215'.
17:46:56	INFO : User sent Message'WR DM200 7'.
17:46:56	INFO : Received message OK.
17:46:57	INFO : User sent Message'RD R215'.
17:46:57	INFO : User sent Message'WR DM200 8'.
17:46:57	INFO : Received message OK.
17:46:58	INFO : User sent Message'RD R215'.
17:46:58	INFO : User sent Message'WR DM200 9'.
17:46:58	INFO : Received message OK.
17:46:59	INFO : User clicked Button puB_start.
17:46:59	INFO : User sent Message'WR R200 1'.
17:46:59	INFO : User sent Message'WR R200 1'.
17:46:59	INFO : User sent Message'RD R215'.
17:46:59	INFO : User sent Message'WR DM200 10'.
17:46:59	INFO : Received message OK.
17:47:00	INFO : User sent Message'WR R200 1'.
17:47:00	INFO : User sent Message'WR R200 1'.
17:47:00	INFO : User sent Message'WR R200 1'.
17:47:00	INFO : User sent Message'RD R215'.
17:47:00	INFO : User sent Message'WR DM200 11'.
17:47:00	INFO : Received message OK.
17:47:01	INFO : User sent Message'WR R200 1'.
17:47:01	INFO : User sent Message'WR R200 1'.
17:47:01	INFO : User sent Message'WR R200 1'.
17:47:01	INFO : User sent Message'RD R215'.
17:47:01	INFO : User sent Message'WR DM200 12'.
17:47:01	INFO : Received message OK.
17:47:02	INFO : User sent Message'WR R200 1'.
17:47:02	INFO : User sent Message'WR R200 1'.
17:47:02	INFO : User sent Message'WR R200 1'.
17:47:02	INFO : Received message OK.
17:47:02	INFO : User sent Message'RD R215'.
17:47:02	INFO : User sent Message'WR DM200 13'.
17:47:02	INFO : Received message OK.
17:47:03	INFO : User sent Message'RD R201'.
17:47:03	INFO : User sent Message'RD R201'.
17:47:03	INFO : User sent Message'RD R201'.
17:47:03	INFO : User sent Message'RD R215'.
17:47:03	INFO : User sent Message'WR DM200 14'.
17:47:03	INFO : Received message OK.
17:47:04	INFO : User sent Message'RD R201'.
17:47:04	INFO : User sent Message'RD R201'.
17:47:04	INFO : User sent Message'RD R201'.
17:47:04	INFO : User sent Message'RD R215'.
17:47:04	INFO : User sent Message'WR DM200 15'.
17:47:04	INFO : Received message OK.
17:47:05	INFO : User sent Message'RD R201'.
17:47:05	INFO : User sent Message'RD R201'.
17:47:05	INFO : User sent Message'RD R201'.
17:47:05	INFO : User sent Message'RD R215'.
17:47:05	INFO : User sent Message'WR DM200 16'.
17:47:05	INFO : Received message OK.
17:47:06	INFO : User sent Message'RD R201'.
17:47:06	INFO : User sent Message'RD R201'.
17:47:06	INFO : User sent Message'RD R201'.
17:47:06	INFO : User sent Message'RD R215'.
17:47:06	INFO : User sent Message'WR DM200 17'.
17:47:06	INFO : Received message OK.
17:47:07	INFO : User sent Message'RD R201'.
17:47:07	WARNING : Socket connection failed.
17:47:07	WARNING : Socket The remote host closed the connection.
17:47:37	INFO : User clicked ButtonpuB_connect.
17:47:37	INFO : Socket connection successful.
17:47:37	INFO : User sent Message'RD R212'.
17:47:37	INFO : Received message 1.
17:47:38	INFO : User sent Message'WR R200 1'.
17:47:38	INFO : User sent Message'WR R200 1'.
17:47:38	INFO : User sent Message'WR R200 1'.
17:47:38	INFO : User sent Message'RD R215'.
17:47:38	INFO : User sent Message'WR DM200 1'.
17:47:38	INFO : Received message OK.
17:47:39	INFO : User sent Message'WR R200 1'.
17:47:39	INFO : User sent Message'WR R200 1'.
17:47:39	INFO : User sent Message'WR R200 1'.
17:47:39	INFO : User sent Message'RD R215'.
17:47:39	INFO : User sent Message'WR DM200 2'.
17:47:39	INFO : Received message OK.
17:47:40	INFO : User sent Message'WR R200 1'.
17:47:40	INFO : User clicked Button puB_start.
17:47:40	INFO : User sent Message'WR R200 1'.
17:47:40	INFO : User sent Message'WR R200 1'.
17:47:40	INFO : User sent Message'RD R215'.
17:47:40	INFO : User sent Message'WR DM200 3'.
17:47:40	INFO : Received message OK.
17:47:41	INFO : User sent Message'WR R200 1'.
17:47:41	INFO : User sent Message'WR R200 1'.
17:47:41	INFO : User sent Message'WR R200 1'.
17:47:41	INFO : User sent Message'RD R215'.
17:47:41	INFO : User sent Message'WR DM200 4'.
17:47:41	INFO : Received message OK.
17:47:42	INFO : User sent Message'WR R200 1'.
17:47:42	INFO : User sent Message'WR R200 1'.
17:47:42	INFO : User sent Message'WR R200 1'.
17:47:42	INFO : User sent Message'RD R215'.
17:47:42	INFO : User sent Message'WR DM200 5'.
17:47:42	INFO : Received message OK.
17:47:43	INFO : User sent Message'WR R200 1'.
17:47:43	INFO : User sent Message'WR R200 1'.
17:47:43	WARNING : Socket connection failed.
17:47:43	WARNING : Socket The remote host closed the connection.
17:47:55	INFO : Socket connection successful.
17:47:55	INFO : User sent Message'WR R200 1'.
17:47:56	INFO : User sent Message'WR R200 1'.
17:47:56	INFO : User sent Message'WR R200 1'.
17:47:56	INFO : User sent Message'WR R200 1'.
17:47:56	INFO : User sent Message'RD R215'.
17:47:56	INFO : User sent Message'WR DM200 6'.
17:47:56	INFO : Received message OK.
17:47:57	INFO : User sent Message'WR R200 1'.
17:47:57	INFO : User sent Message'WR R200 1'.
17:47:57	INFO : User sent Message'WR R200 1'.
17:47:57	INFO : User sent Message'RD R215'.
17:47:57	INFO : User sent Message'WR DM200 7'.
17:47:57	INFO : Received message OK.
17:47:58	INFO : User sent Message'WR R200 1'.
17:47:58	INFO : User sent Message'WR R200 1'.
17:47:58	INFO : User sent Message'WR R200 1'.
17:47:58	INFO : User sent Message'RD R215'.
17:47:58	INFO : User sent Message'WR DM200 8'.
17:47:58	INFO : Received message OK.
17:47:59	INFO : User sent Message'WR R200 1'.
17:47:59	WARNING : Socket connection failed.
17:47:59	WARNING : Socket The remote host closed the connection.
17:48:05	INFO : Socket connection successful.
17:48:05	INFO : User sent Message'WR R200 1'.
17:48:05	INFO : User sent Message'WR R200 1'.
17:48:05	INFO : User sent Message'WR R200 1'.
17:48:05	INFO : User sent Message'RD R215'.
17:48:05	INFO : User sent Message'WR DM200 9'.
17:48:05	INFO : Received message OK.
17:48:06	INFO : User sent Message'WR R200 1'.
17:48:06	INFO : User sent Message'WR R200 1'.
17:48:06	INFO : User sent Message'WR R200 1'.
17:48:06	INFO : User sent Message'RD R215'.
17:48:06	INFO : User sent Message'WR DM200 10'.
17:48:06	INFO : Received message OK.
17:48:07	INFO : User sent Message'WR R200 1'.
17:48:07	INFO : User sent Message'WR R200 1'.
17:48:07	WARNING : Socket connection failed.
17:48:07	WARNING : Socket The remote host closed the connection.
17:48:45	INFO : Socket connection successful.
17:48:45	INFO : User sent Message'RD R212'.
17:48:45	INFO : Received message 1.
17:48:46	INFO : User sent Message'WR R200 1'.
17:48:46	INFO : User sent Message'WR R200 1'.
17:48:46	INFO : User sent Message'WR R200 1'.
17:48:46	INFO : User sent Message'RD R215'.
17:48:46	INFO : User sent Message'WR DM200 11'.
17:48:46	INFO : Received message OK.
17:48:47	INFO : User sent Message'WR R200 1'.
17:48:47	INFO : User sent Message'WR R200 1'.
17:48:47	INFO : User sent Message'WR R200 1'.
17:48:47	INFO : User sent Message'RD R215'.
17:48:47	INFO : User sent Message'WR DM200 12'.
17:48:47	INFO : Received message OK.
17:48:48	INFO : User sent Message'WR R200 1'.
17:48:48	INFO : User sent Message'WR R200 1'.
17:48:48	INFO : User sent Message'WR R200 1'.
17:48:48	WARNING : Socket connection failed.
17:48:48	WARNING : Socket The remote host closed the connection.
17:49:18	INFO : Socket connection successful.
17:49:18	INFO : User sent Message'RD R212'.
17:49:18	INFO : Received message 1.
17:49:18	INFO : User sent Message'WR R200 1'.
17:49:18	INFO : User sent Message'WR R200 1'.
17:49:18	INFO : User sent Message'RD R215'.
17:49:18	INFO : User sent Message'WR DM200 13'.
17:49:18	INFO : Received message OK.
17:49:19	INFO : User sent Message'WR R200 1'.
17:49:19	INFO : User sent Message'WR R200 1'.
17:49:19	INFO : User sent Message'WR R200 1'.
17:49:19	INFO : User sent Message'RD R215'.
17:49:19	INFO : User sent Message'WR DM200 14'.
17:49:19	INFO : Received message OK.
17:49:20	INFO : User sent Message'WR R200 1'.
17:49:20	INFO : User sent Message'WR R200 1'.
17:49:20	INFO : User sent Message'WR R200 1'.
17:49:20	INFO : User sent Message'RD R215'.
17:49:20	INFO : User sent Message'WR DM200 15'.
17:49:20	INFO : Received message OK.
17:49:21	INFO : User sent Message'WR R200 1'.
17:49:21	INFO : User sent Message'WR R200 1'.
17:49:21	INFO : User sent Message'WR R200 1'.
17:49:21	INFO : User sent Message'RD R215'.
17:49:21	INFO : User sent Message'WR DM200 16'.
17:49:21	INFO : Received message OK.
17:49:22	INFO : User sent Message'WR R200 1'.
17:49:22	INFO : User sent Message'WR R200 1'.
17:49:22	INFO : User sent Message'WR R200 1'.
17:49:22	INFO : User sent Message'RD R215'.
17:49:22	INFO : User sent Message'WR DM200 17'.
17:49:22	INFO : Received message OK.
17:49:23	INFO : User sent Message'WR R200 1'.
17:49:23	INFO : User sent Message'WR R200 1'.
17:49:23	INFO : Received message OK.
17:49:23	INFO : User sent Message'RD R201'.
17:49:23	INFO : User sent Message'RD R215'.
17:49:23	INFO : User sent Message'WR DM200 18'.
17:49:23	INFO : Received message OK.
17:49:24	INFO : User sent Message'RD R201'.
17:49:24	INFO : User sent Message'RD R201'.
17:49:24	INFO : User sent Message'RD R201'.
17:49:24	INFO : User sent Message'RD R215'.
17:49:24	INFO : User sent Message'WR DM200 19'.
17:49:24	INFO : Received message OK.
17:49:25	INFO : User sent Message'RD R201'.
17:49:25	INFO : User sent Message'RD R201'.
17:49:25	INFO : User sent Message'RD R201'.
17:49:25	INFO : User sent Message'RD R215'.
17:49:25	INFO : User sent Message'WR DM200 20'.
17:49:25	INFO : Received message OK.
17:49:26	INFO : User sent Message'RD R201'.
17:49:26	INFO : User sent Message'RD R201'.
17:49:26	INFO : User sent Message'RD R201'.
17:49:26	INFO : Received message 1.
17:49:26	INFO : Edge reset R200 and R201.
17:49:26	INFO : User sent Message'RD R215'.
17:49:26	INFO : User sent Message'WR DM200 21'.
17:49:26	INFO : Received message OK.
17:49:27	INFO : User sent Message'WRS R200 2 0 0'.
17:49:27	INFO : User sent Message'WRS R200 2 0 0'.
17:49:27	INFO : User sent Message'WRS R200 2 0 0'.
17:49:27	INFO : User sent Message'RD R215'.
17:49:27	INFO : User sent Message'WR DM200 22'.
17:49:27	INFO : Received message OK.
17:49:28	INFO : User sent Message'WRS R200 2 0 0'.
17:49:28	INFO : User sent Message'WRS R200 2 0 0'.
17:49:28	INFO : User sent Message'WRS R200 2 0 0'.
17:49:28	INFO : User sent Message'RD R215'.
17:49:28	INFO : User sent Message'WR DM200 23'.
17:49:29	INFO : Received message OK.
17:49:29	INFO : User sent Message'WRS R200 2 0 0'.
17:49:29	WARNING : Socket connection failed.
17:49:29	WARNING : Socket The remote host closed the connection.
17:49:36	INFO : Socket connection successful.
17:49:36	INFO : User sent Message'RD R212'.
17:49:36	INFO : Received message 1.
17:49:36	INFO : User sent Message'WR R200 1'.
17:49:36	INFO : User sent Message'WR R200 1'.
17:49:36	INFO : User sent Message'RD R215'.
17:49:36	INFO : User sent Message'WR DM200 24'.
17:49:36	INFO : Received message OK.
17:49:37	INFO : User sent Message'WR R200 1'.
17:49:37	INFO : User sent Message'WR R200 1'.
17:49:37	INFO : User sent Message'WR R200 1'.
17:49:37	INFO : User sent Message'RD R215'.
17:49:37	INFO : User sent Message'WR DM200 25'.
17:49:37	INFO : Received message OK.
17:49:38	INFO : User sent Message'WR R200 1'.
17:49:38	INFO : User sent Message'WR R200 1'.
17:49:38	INFO : User sent Message'WR R200 1'.
17:49:38	INFO : User sent Message'RD R215'.
17:49:38	INFO : User sent Message'WR DM200 26'.
17:49:38	INFO : Received message OK.
17:49:39	INFO : User sent Message'WR R200 1'.
17:49:39	INFO : User sent Message'WR R200 1'.
17:49:39	INFO : User sent Message'WR R200 1'.
17:49:39	INFO : User sent Message'RD R215'.
17:49:39	INFO : User sent Message'WR DM200 27'.
17:49:39	INFO : Received message OK.
17:49:40	INFO : User sent Message'WR R200 1'.
17:49:40	INFO : User sent Message'WR R200 1'.
17:49:40	INFO : User sent Message'WR R200 1'.
17:49:40	INFO : User sent Message'RD R215'.
17:49:40	INFO : User sent Message'WR DM200 28'.
17:49:40	INFO : Received message OK.
17:49:41	INFO : User sent Message'WR R200 1'.
17:49:41	INFO : User sent Message'WR R200 1'.
17:49:41	INFO : User sent Message'WR R200 1'.
17:49:41	INFO : User sent Message'RD R215'.
17:49:41	INFO : User sent Message'WR DM200 29'.
17:49:41	INFO : Received message OK.
17:49:42	INFO : User sent Message'WR R200 1'.
17:49:42	INFO : User sent Message'WR R200 1'.
17:49:42	INFO : User sent Message'WR R200 1'.
17:49:42	INFO : User sent Message'RD R215'.
17:49:42	INFO : User sent Message'WR DM200 30'.
17:49:42	INFO : Received message OK.
17:49:43	INFO : User sent Message'WR R200 1'.
17:49:43	INFO : User sent Message'WR R200 1'.
17:49:43	INFO : User sent Message'WR R200 1'.
17:49:43	INFO : User sent Message'RD R215'.
17:49:43	INFO : User sent Message'WR DM200 31'.
17:49:43	INFO : Received message OK.
17:49:44	INFO : User sent Message'WR R200 1'.
17:49:44	INFO : User sent Message'WR R200 1'.
17:49:44	INFO : User sent Message'WR R200 1'.
17:49:44	INFO : User sent Message'RD R215'.
17:49:44	INFO : User sent Message'WR DM200 32'.
17:49:44	INFO : Received message OK.
17:49:45	INFO : User sent Message'WR R200 1'.
17:49:45	INFO : User sent Message'WR R200 1'.
17:49:45	INFO : User sent Message'WR R200 1'.
17:49:45	INFO : User sent Message'RD R215'.
17:49:45	INFO : User sent Message'WR DM200 33'.
17:49:45	INFO : Received message OK.
17:49:46	INFO : User sent Message'WR R200 1'.
17:49:46	INFO : User sent Message'WR R200 1'.
17:49:46	INFO : User sent Message'WR R200 1'.
17:49:46	INFO : User sent Message'RD R215'.
17:49:46	INFO : User clicked ButtonpuB_connect.
17:49:46	WARNING : Socket connection failed.
17:53:12	 : -------------------End-------------------.
17:54:16	INFO : |SYSTEM| Log folder exist.
17:54:16	INFO : |SYSYEM| Model folder exist.
17:54:19	 : -------------------End-------------------.
